-- The C compiler identification is GNU 11.4.0
-- The CXX compiler identification is GNU 11.4.0
-- Detecting C compiler ABI info
-- Detecting C compiler ABI info - done
-- Check for working C compiler: /usr/bin/cc - skipped
-- Detecting C compile features
-- Detecting C compile features - done
-- Detecting CXX compiler ABI info
-- Detecting CXX compiler ABI info - done
-- Check for working CXX compiler: /usr/bin/c++ - skipped
-- Detecting CXX compile features
-- Detecting CXX compile features - done
-- Found ament_cmake: 1.3.12 (/opt/ros/humble/share/ament_cmake/cmake)
-- Found Python3: /usr/bin/python3 (found version "3.10.12") found components: Interpreter 
-- Found geometry_msgs: 4.9.0 (/opt/ros/humble/share/geometry_msgs/cmake)
-- Found rosidl_generator_c: 3.1.7 (/opt/ros/humble/share/rosidl_generator_c/cmake)
-- Found rosidl_adapter: 3.1.7 (/opt/ros/humble/share/rosidl_adapter/cmake)
-- Found rosidl_generator_cpp: 3.1.7 (/opt/ros/humble/share/rosidl_generator_cpp/cmake)
-- Using all available rosidl_typesupport_c: rosidl_typesupport_fastrtps_c;rosidl_typesupport_introspection_c
-- Using all available rosidl_typesupport_cpp: rosidl_typesupport_fastrtps_cpp;rosidl_typesupport_introspection_cpp
-- Found ament_cmake_ros: 0.10.0 (/opt/ros/humble/share/ament_cmake_ros/cmake)
-- Using all available rosidl_typesupport_c: rosidl_typesupport_fastrtps_c;rosidl_typesupport_introspection_c
-- Using all available rosidl_typesupport_cpp: rosidl_typesupport_fastrtps_cpp;rosidl_typesupport_introspection_cpp
-- Found ament_lint_auto: 0.12.14 (/opt/ros/humble/share/ament_lint_auto/cmake)
-- Added test 'lint_cmake' to check CMake code style
-- Added test 'xmllint' to check XML markup files
-- Configuring done
-- Generating done
-- Build files have been written to: /home/zc/code/ws_arm5dof/src/build/arm5dof_target_detect
[  4%] [34m[1mGenerating C code for ROS interfaces[0m
[  9%] [34m[1mGenerating C++ code for ROS interfaces[0m
[ 13%] [32mBuilding C object CMakeFiles/arm5dof_target_detect__rosidl_generator_c.dir/rosidl_generator_c/arm5dof_target_detect/msg/detail/target_detect__functions.c.o[0m
[ 13%] Built target arm5dof_target_detect__cpp
[ 22%] [34m[1mGenerating C++ introspection for ROS interfaces[0m
[ 27%] [34m[1mGenerating C++ type support dispatch for ROS interfaces[0m
[ 27%] [34m[1mGenerating C++ type support for eProsima Fast-RTPS[0m
[ 31%] [32m[1mLinking C shared library libarm5dof_target_detect__rosidl_generator_c.so[0m
[ 31%] Built target arm5dof_target_detect__rosidl_generator_c
[ 45%] [34m[1mGenerating C type support dispatch for ROS interfaces[0m
[ 45%] [34m[1mGenerating C type support for eProsima Fast-RTPS[0m
[ 45%] [34m[1mGenerating C introspection for ROS interfaces[0m
[ 50%] [32mBuilding CXX object CMakeFiles/arm5dof_target_detect__rosidl_typesupport_cpp.dir/rosidl_typesupport_cpp/arm5dof_target_detect/msg/target_detect__type_support.cpp.o[0m
[ 54%] [32mBuilding CXX object CMakeFiles/arm5dof_target_detect__rosidl_typesupport_fastrtps_cpp.dir/rosidl_typesupport_fastrtps_cpp/arm5dof_target_detect/msg/detail/dds_fastrtps/target_detect__type_support.cpp.o[0m
[ 59%] [32mBuilding CXX object CMakeFiles/arm5dof_target_detect__rosidl_typesupport_introspection_cpp.dir/rosidl_typesupport_introspection_cpp/arm5dof_target_detect/msg/detail/target_detect__type_support.cpp.o[0m
[ 63%] [32mBuilding CXX object CMakeFiles/arm5dof_target_detect__rosidl_typesupport_c.dir/rosidl_typesupport_c/arm5dof_target_detect/msg/target_detect__type_support.cpp.o[0m
[ 68%] [32mBuilding C object CMakeFiles/arm5dof_target_detect__rosidl_typesupport_introspection_c.dir/rosidl_typesupport_introspection_c/arm5dof_target_detect/msg/detail/target_detect__type_support.c.o[0m
[ 72%] [32mBuilding CXX object CMakeFiles/arm5dof_target_detect__rosidl_typesupport_fastrtps_c.dir/rosidl_typesupport_fastrtps_c/arm5dof_target_detect/msg/detail/target_detect__type_support_c.cpp.o[0m
[ 77%] [32m[1mLinking CXX shared library libarm5dof_target_detect__rosidl_typesupport_c.so[0m
[ 81%] [32m[1mLinking C shared library libarm5dof_target_detect__rosidl_typesupport_introspection_c.so[0m
[ 81%] Built target arm5dof_target_detect__rosidl_typesupport_introspection_c
[ 81%] Built target arm5dof_target_detect__rosidl_typesupport_c
[ 86%] [32m[1mLinking CXX shared library libarm5dof_target_detect__rosidl_typesupport_cpp.so[0m
[ 86%] Built target arm5dof_target_detect__rosidl_typesupport_cpp
[ 90%] [32m[1mLinking CXX shared library libarm5dof_target_detect__rosidl_typesupport_fastrtps_cpp.so[0m
[ 95%] [32m[1mLinking CXX shared library libarm5dof_target_detect__rosidl_typesupport_introspection_cpp.so[0m
[100%] [32m[1mLinking CXX shared library libarm5dof_target_detect__rosidl_typesupport_fastrtps_c.so[0m
[100%] Built target arm5dof_target_detect__rosidl_typesupport_fastrtps_cpp
[100%] Built target arm5dof_target_detect__rosidl_typesupport_introspection_cpp
[100%] Built target arm5dof_target_detect__rosidl_typesupport_fastrtps_c
[100%] Built target arm5dof_target_detect
-- Install configuration: ""
-- Installing: /home/zc/code/ws_arm5dof/src/install/arm5dof_target_detect/share/ament_index/resource_index/rosidl_interfaces/arm5dof_target_detect
-- Installing: /home/zc/code/ws_arm5dof/src/install/arm5dof_target_detect/include/arm5dof_target_detect/arm5dof_target_detect
-- Installing: /home/zc/code/ws_arm5dof/src/install/arm5dof_target_detect/include/arm5dof_target_detect/arm5dof_target_detect/msg
-- Installing: /home/zc/code/ws_arm5dof/src/install/arm5dof_target_detect/include/arm5dof_target_detect/arm5dof_target_detect/msg/rosidl_generator_c__visibility_control.h
-- Installing: /home/zc/code/ws_arm5dof/src/install/arm5dof_target_detect/include/arm5dof_target_detect/arm5dof_target_detect/msg/detail
-- Installing: /home/zc/code/ws_arm5dof/src/install/arm5dof_target_detect/include/arm5dof_target_detect/arm5dof_target_detect/msg/detail/target_detect__type_support.h
-- Installing: /home/zc/code/ws_arm5dof/src/install/arm5dof_target_detect/include/arm5dof_target_detect/arm5dof_target_detect/msg/detail/target_detect__functions.c
-- Installing: /home/zc/code/ws_arm5dof/src/install/arm5dof_target_detect/include/arm5dof_target_detect/arm5dof_target_detect/msg/detail/target_detect__struct.h
-- Installing: /home/zc/code/ws_arm5dof/src/install/arm5dof_target_detect/include/arm5dof_target_detect/arm5dof_target_detect/msg/detail/target_detect__functions.h
-- Installing: /home/zc/code/ws_arm5dof/src/install/arm5dof_target_detect/include/arm5dof_target_detect/arm5dof_target_detect/msg/target_detect.h
-- Installing: /home/zc/code/ws_arm5dof/src/install/arm5dof_target_detect/share/arm5dof_target_detect/environment/library_path.sh
-- Installing: /home/zc/code/ws_arm5dof/src/install/arm5dof_target_detect/share/arm5dof_target_detect/environment/library_path.dsv
-- Installing: /home/zc/code/ws_arm5dof/src/install/arm5dof_target_detect/lib/libarm5dof_target_detect__rosidl_generator_c.so
-- Set runtime path of "/home/zc/code/ws_arm5dof/src/install/arm5dof_target_detect/lib/libarm5dof_target_detect__rosidl_generator_c.so" to ""
-- Up-to-date: /home/zc/code/ws_arm5dof/src/install/arm5dof_target_detect/include/arm5dof_target_detect/arm5dof_target_detect
-- Up-to-date: /home/zc/code/ws_arm5dof/src/install/arm5dof_target_detect/include/arm5dof_target_detect/arm5dof_target_detect/msg
-- Up-to-date: /home/zc/code/ws_arm5dof/src/install/arm5dof_target_detect/include/arm5dof_target_detect/arm5dof_target_detect/msg/detail
-- Installing: /home/zc/code/ws_arm5dof/src/install/arm5dof_target_detect/include/arm5dof_target_detect/arm5dof_target_detect/msg/detail/target_detect__rosidl_typesupport_fastrtps_c.h
-- Installing: /home/zc/code/ws_arm5dof/src/install/arm5dof_target_detect/include/arm5dof_target_detect/arm5dof_target_detect/msg/rosidl_typesupport_fastrtps_c__visibility_control.h
-- Installing: /home/zc/code/ws_arm5dof/src/install/arm5dof_target_detect/lib/libarm5dof_target_detect__rosidl_typesupport_fastrtps_c.so
-- Set runtime path of "/home/zc/code/ws_arm5dof/src/install/arm5dof_target_detect/lib/libarm5dof_target_detect__rosidl_typesupport_fastrtps_c.so" to ""
-- Up-to-date: /home/zc/code/ws_arm5dof/src/install/arm5dof_target_detect/include/arm5dof_target_detect/arm5dof_target_detect
-- Up-to-date: /home/zc/code/ws_arm5dof/src/install/arm5dof_target_detect/include/arm5dof_target_detect/arm5dof_target_detect/msg
-- Installing: /home/zc/code/ws_arm5dof/src/install/arm5dof_target_detect/include/arm5dof_target_detect/arm5dof_target_detect/msg/rosidl_generator_cpp__visibility_control.hpp
-- Up-to-date: /home/zc/code/ws_arm5dof/src/install/arm5dof_target_detect/include/arm5dof_target_detect/arm5dof_target_detect/msg/detail
-- Installing: /home/zc/code/ws_arm5dof/src/install/arm5dof_target_detect/include/arm5dof_target_detect/arm5dof_target_detect/msg/detail/target_detect__builder.hpp
-- Installing: /home/zc/code/ws_arm5dof/src/install/arm5dof_target_detect/include/arm5dof_target_detect/arm5dof_target_detect/msg/detail/target_detect__struct.hpp
-- Installing: /home/zc/code/ws_arm5dof/src/install/arm5dof_target_detect/include/arm5dof_target_detect/arm5dof_target_detect/msg/detail/target_detect__type_support.hpp
-- Installing: /home/zc/code/ws_arm5dof/src/install/arm5dof_target_detect/include/arm5dof_target_detect/arm5dof_target_detect/msg/detail/target_detect__traits.hpp
-- Installing: /home/zc/code/ws_arm5dof/src/install/arm5dof_target_detect/include/arm5dof_target_detect/arm5dof_target_detect/msg/target_detect.hpp
-- Up-to-date: /home/zc/code/ws_arm5dof/src/install/arm5dof_target_detect/include/arm5dof_target_detect/arm5dof_target_detect
-- Up-to-date: /home/zc/code/ws_arm5dof/src/install/arm5dof_target_detect/include/arm5dof_target_detect/arm5dof_target_detect/msg
-- Installing: /home/zc/code/ws_arm5dof/src/install/arm5dof_target_detect/include/arm5dof_target_detect/arm5dof_target_detect/msg/rosidl_typesupport_fastrtps_cpp__visibility_control.h
-- Up-to-date: /home/zc/code/ws_arm5dof/src/install/arm5dof_target_detect/include/arm5dof_target_detect/arm5dof_target_detect/msg/detail
-- Installing: /home/zc/code/ws_arm5dof/src/install/arm5dof_target_detect/include/arm5dof_target_detect/arm5dof_target_detect/msg/detail/dds_fastrtps
-- Installing: /home/zc/code/ws_arm5dof/src/install/arm5dof_target_detect/include/arm5dof_target_detect/arm5dof_target_detect/msg/detail/target_detect__rosidl_typesupport_fastrtps_cpp.hpp
-- Installing: /home/zc/code/ws_arm5dof/src/install/arm5dof_target_detect/lib/libarm5dof_target_detect__rosidl_typesupport_fastrtps_cpp.so
-- Set runtime path of "/home/zc/code/ws_arm5dof/src/install/arm5dof_target_detect/lib/libarm5dof_target_detect__rosidl_typesupport_fastrtps_cpp.so" to ""
-- Up-to-date: /home/zc/code/ws_arm5dof/src/install/arm5dof_target_detect/include/arm5dof_target_detect/arm5dof_target_detect
-- Up-to-date: /home/zc/code/ws_arm5dof/src/install/arm5dof_target_detect/include/arm5dof_target_detect/arm5dof_target_detect/msg
-- Installing: /home/zc/code/ws_arm5dof/src/install/arm5dof_target_detect/include/arm5dof_target_detect/arm5dof_target_detect/msg/rosidl_typesupport_introspection_c__visibility_control.h
-- Up-to-date: /home/zc/code/ws_arm5dof/src/install/arm5dof_target_detect/include/arm5dof_target_detect/arm5dof_target_detect/msg/detail
-- Installing: /home/zc/code/ws_arm5dof/src/install/arm5dof_target_detect/include/arm5dof_target_detect/arm5dof_target_detect/msg/detail/target_detect__rosidl_typesupport_introspection_c.h
-- Installing: /home/zc/code/ws_arm5dof/src/install/arm5dof_target_detect/include/arm5dof_target_detect/arm5dof_target_detect/msg/detail/target_detect__type_support.c
-- Installing: /home/zc/code/ws_arm5dof/src/install/arm5dof_target_detect/lib/libarm5dof_target_detect__rosidl_typesupport_introspection_c.so
-- Set runtime path of "/home/zc/code/ws_arm5dof/src/install/arm5dof_target_detect/lib/libarm5dof_target_detect__rosidl_typesupport_introspection_c.so" to ""
-- Installing: /home/zc/code/ws_arm5dof/src/install/arm5dof_target_detect/lib/libarm5dof_target_detect__rosidl_typesupport_c.so
-- Set runtime path of "/home/zc/code/ws_arm5dof/src/install/arm5dof_target_detect/lib/libarm5dof_target_detect__rosidl_typesupport_c.so" to ""
-- Up-to-date: /home/zc/code/ws_arm5dof/src/install/arm5dof_target_detect/include/arm5dof_target_detect/arm5dof_target_detect
-- Up-to-date: /home/zc/code/ws_arm5dof/src/install/arm5dof_target_detect/include/arm5dof_target_detect/arm5dof_target_detect/msg
-- Up-to-date: /home/zc/code/ws_arm5dof/src/install/arm5dof_target_detect/include/arm5dof_target_detect/arm5dof_target_detect/msg/detail
-- Installing: /home/zc/code/ws_arm5dof/src/install/arm5dof_target_detect/include/arm5dof_target_detect/arm5dof_target_detect/msg/detail/target_detect__rosidl_typesupport_introspection_cpp.hpp
-- Installing: /home/zc/code/ws_arm5dof/src/install/arm5dof_target_detect/include/arm5dof_target_detect/arm5dof_target_detect/msg/detail/target_detect__type_support.cpp
-- Installing: /home/zc/code/ws_arm5dof/src/install/arm5dof_target_detect/lib/libarm5dof_target_detect__rosidl_typesupport_introspection_cpp.so
-- Set runtime path of "/home/zc/code/ws_arm5dof/src/install/arm5dof_target_detect/lib/libarm5dof_target_detect__rosidl_typesupport_introspection_cpp.so" to ""
-- Installing: /home/zc/code/ws_arm5dof/src/install/arm5dof_target_detect/lib/libarm5dof_target_detect__rosidl_typesupport_cpp.so
-- Set runtime path of "/home/zc/code/ws_arm5dof/src/install/arm5dof_target_detect/lib/libarm5dof_target_detect__rosidl_typesupport_cpp.so" to ""
-- Installing: /home/zc/code/ws_arm5dof/src/install/arm5dof_target_detect/share/arm5dof_target_detect/msg/TargetDetect.idl
-- Installing: /home/zc/code/ws_arm5dof/src/install/arm5dof_target_detect/share/arm5dof_target_detect/msg/TargetDetect.msg
-- Installing: /home/zc/code/ws_arm5dof/src/install/arm5dof_target_detect/share/ament_index/resource_index/package_run_dependencies/arm5dof_target_detect
-- Installing: /home/zc/code/ws_arm5dof/src/install/arm5dof_target_detect/share/ament_index/resource_index/parent_prefix_path/arm5dof_target_detect
-- Installing: /home/zc/code/ws_arm5dof/src/install/arm5dof_target_detect/share/arm5dof_target_detect/environment/ament_prefix_path.sh
-- Installing: /home/zc/code/ws_arm5dof/src/install/arm5dof_target_detect/share/arm5dof_target_detect/environment/ament_prefix_path.dsv
-- Installing: /home/zc/code/ws_arm5dof/src/install/arm5dof_target_detect/share/arm5dof_target_detect/environment/path.sh
-- Installing: /home/zc/code/ws_arm5dof/src/install/arm5dof_target_detect/share/arm5dof_target_detect/environment/path.dsv
-- Installing: /home/zc/code/ws_arm5dof/src/install/arm5dof_target_detect/share/arm5dof_target_detect/local_setup.bash
-- Installing: /home/zc/code/ws_arm5dof/src/install/arm5dof_target_detect/share/arm5dof_target_detect/local_setup.sh
-- Installing: /home/zc/code/ws_arm5dof/src/install/arm5dof_target_detect/share/arm5dof_target_detect/local_setup.zsh
-- Installing: /home/zc/code/ws_arm5dof/src/install/arm5dof_target_detect/share/arm5dof_target_detect/local_setup.dsv
-- Installing: /home/zc/code/ws_arm5dof/src/install/arm5dof_target_detect/share/arm5dof_target_detect/package.dsv
-- Installing: /home/zc/code/ws_arm5dof/src/install/arm5dof_target_detect/share/ament_index/resource_index/packages/arm5dof_target_detect
-- Installing: /home/zc/code/ws_arm5dof/src/install/arm5dof_target_detect/share/arm5dof_target_detect/cmake/export_arm5dof_target_detect__rosidl_generator_cExport.cmake
-- Installing: /home/zc/code/ws_arm5dof/src/install/arm5dof_target_detect/share/arm5dof_target_detect/cmake/export_arm5dof_target_detect__rosidl_generator_cExport-noconfig.cmake
-- Installing: /home/zc/code/ws_arm5dof/src/install/arm5dof_target_detect/share/arm5dof_target_detect/cmake/export_arm5dof_target_detect__rosidl_typesupport_fastrtps_cExport.cmake
-- Installing: /home/zc/code/ws_arm5dof/src/install/arm5dof_target_detect/share/arm5dof_target_detect/cmake/export_arm5dof_target_detect__rosidl_typesupport_fastrtps_cExport-noconfig.cmake
-- Installing: /home/zc/code/ws_arm5dof/src/install/arm5dof_target_detect/share/arm5dof_target_detect/cmake/export_arm5dof_target_detect__rosidl_generator_cppExport.cmake
-- Installing: /home/zc/code/ws_arm5dof/src/install/arm5dof_target_detect/share/arm5dof_target_detect/cmake/export_arm5dof_target_detect__rosidl_typesupport_fastrtps_cppExport.cmake
-- Installing: /home/zc/code/ws_arm5dof/src/install/arm5dof_target_detect/share/arm5dof_target_detect/cmake/export_arm5dof_target_detect__rosidl_typesupport_fastrtps_cppExport-noconfig.cmake
-- Installing: /home/zc/code/ws_arm5dof/src/install/arm5dof_target_detect/share/arm5dof_target_detect/cmake/arm5dof_target_detect__rosidl_typesupport_introspection_cExport.cmake
-- Installing: /home/zc/code/ws_arm5dof/src/install/arm5dof_target_detect/share/arm5dof_target_detect/cmake/arm5dof_target_detect__rosidl_typesupport_introspection_cExport-noconfig.cmake
-- Installing: /home/zc/code/ws_arm5dof/src/install/arm5dof_target_detect/share/arm5dof_target_detect/cmake/arm5dof_target_detect__rosidl_typesupport_cExport.cmake
-- Installing: /home/zc/code/ws_arm5dof/src/install/arm5dof_target_detect/share/arm5dof_target_detect/cmake/arm5dof_target_detect__rosidl_typesupport_cExport-noconfig.cmake
-- Installing: /home/zc/code/ws_arm5dof/src/install/arm5dof_target_detect/share/arm5dof_target_detect/cmake/arm5dof_target_detect__rosidl_typesupport_introspection_cppExport.cmake
-- Installing: /home/zc/code/ws_arm5dof/src/install/arm5dof_target_detect/share/arm5dof_target_detect/cmake/arm5dof_target_detect__rosidl_typesupport_introspection_cppExport-noconfig.cmake
-- Installing: /home/zc/code/ws_arm5dof/src/install/arm5dof_target_detect/share/arm5dof_target_detect/cmake/arm5dof_target_detect__rosidl_typesupport_cppExport.cmake
-- Installing: /home/zc/code/ws_arm5dof/src/install/arm5dof_target_detect/share/arm5dof_target_detect/cmake/arm5dof_target_detect__rosidl_typesupport_cppExport-noconfig.cmake
-- Installing: /home/zc/code/ws_arm5dof/src/install/arm5dof_target_detect/share/arm5dof_target_detect/cmake/rosidl_cmake-extras.cmake
-- Installing: /home/zc/code/ws_arm5dof/src/install/arm5dof_target_detect/share/arm5dof_target_detect/cmake/ament_cmake_export_dependencies-extras.cmake
-- Installing: /home/zc/code/ws_arm5dof/src/install/arm5dof_target_detect/share/arm5dof_target_detect/cmake/ament_cmake_export_include_directories-extras.cmake
-- Installing: /home/zc/code/ws_arm5dof/src/install/arm5dof_target_detect/share/arm5dof_target_detect/cmake/ament_cmake_export_libraries-extras.cmake
-- Installing: /home/zc/code/ws_arm5dof/src/install/arm5dof_target_detect/share/arm5dof_target_detect/cmake/ament_cmake_export_targets-extras.cmake
-- Installing: /home/zc/code/ws_arm5dof/src/install/arm5dof_target_detect/share/arm5dof_target_detect/cmake/rosidl_cmake_export_typesupport_targets-extras.cmake
-- Installing: /home/zc/code/ws_arm5dof/src/install/arm5dof_target_detect/share/arm5dof_target_detect/cmake/rosidl_cmake_export_typesupport_libraries-extras.cmake
-- Installing: /home/zc/code/ws_arm5dof/src/install/arm5dof_target_detect/share/arm5dof_target_detect/cmake/arm5dof_target_detectConfig.cmake
-- Installing: /home/zc/code/ws_arm5dof/src/install/arm5dof_target_detect/share/arm5dof_target_detect/cmake/arm5dof_target_detectConfig-version.cmake
-- Installing: /home/zc/code/ws_arm5dof/src/install/arm5dof_target_detect/share/arm5dof_target_detect/package.xml
