[0.015s] Invoking command in '/home/zc/code/ws_arm5dof/src/build/arm5dof_target_detect': CMAKE_PREFIX_PATH=${CMAKE_PREFIX_PATH}:/opt/ros/humble /usr/bin/cmake /home/zc/code/ws_arm5dof/src/arm5dof_target_detect -DCMAKE_INSTALL_PREFIX=/home/zc/code/ws_arm5dof/src/install/arm5dof_target_detect
[0.059s] -- The C compiler identification is GNU 11.4.0
[0.104s] -- The CXX compiler identification is GNU 11.4.0
[0.110s] -- Detecting C compiler ABI info
[0.168s] -- Detecting C compiler ABI info - done
[0.173s] -- Check for working C compiler: /usr/bin/cc - skipped
[0.173s] -- Detecting C compile features
[0.173s] -- Detecting C compile features - done
[0.175s] -- Detecting CXX compiler ABI info
[0.244s] -- Detecting CXX compiler ABI info - done
[0.249s] -- Check for working CXX compiler: /usr/bin/c++ - skipped
[0.249s] -- Detecting CXX compile features
[0.249s] -- Detecting CXX compile features - done
[0.253s] -- Found ament_cmake: 1.3.12 (/opt/ros/humble/share/ament_cmake/cmake)
[0.361s] -- Found Python3: /usr/bin/python3 (found version "3.10.12") found components: Interpreter 
[0.446s] -- Found geometry_msgs: 4.9.0 (/opt/ros/humble/share/geometry_msgs/cmake)
[0.480s] -- Found rosidl_generator_c: 3.1.7 (/opt/ros/humble/share/rosidl_generator_c/cmake)
[0.486s] -- Found rosidl_adapter: 3.1.7 (/opt/ros/humble/share/rosidl_adapter/cmake)
[0.493s] -- Found rosidl_generator_cpp: 3.1.7 (/opt/ros/humble/share/rosidl_generator_cpp/cmake)
[0.503s] -- Using all available rosidl_typesupport_c: rosidl_typesupport_fastrtps_c;rosidl_typesupport_introspection_c
[0.516s] -- Using all available rosidl_typesupport_cpp: rosidl_typesupport_fastrtps_cpp;rosidl_typesupport_introspection_cpp
[0.729s] -- Found ament_cmake_ros: 0.10.0 (/opt/ros/humble/share/ament_cmake_ros/cmake)
[1.013s] -- Using all available rosidl_typesupport_c: rosidl_typesupport_fastrtps_c;rosidl_typesupport_introspection_c
[1.124s] -- Using all available rosidl_typesupport_cpp: rosidl_typesupport_fastrtps_cpp;rosidl_typesupport_introspection_cpp
[1.127s] -- Found ament_lint_auto: 0.12.14 (/opt/ros/humble/share/ament_lint_auto/cmake)
[1.147s] -- Added test 'lint_cmake' to check CMake code style
[1.148s] -- Added test 'xmllint' to check XML markup files
[1.150s] -- Configuring done
[1.164s] -- Generating done
[1.169s] -- Build files have been written to: /home/zc/code/ws_arm5dof/src/build/arm5dof_target_detect
[1.178s] Invoked command in '/home/zc/code/ws_arm5dof/src/build/arm5dof_target_detect' returned '0': CMAKE_PREFIX_PATH=${CMAKE_PREFIX_PATH}:/opt/ros/humble /usr/bin/cmake /home/zc/code/ws_arm5dof/src/arm5dof_target_detect -DCMAKE_INSTALL_PREFIX=/home/zc/code/ws_arm5dof/src/install/arm5dof_target_detect
[1.179s] Invoking command in '/home/zc/code/ws_arm5dof/src/build/arm5dof_target_detect': CMAKE_PREFIX_PATH=${CMAKE_PREFIX_PATH}:/opt/ros/humble /usr/bin/cmake --build /home/zc/code/ws_arm5dof/src/build/arm5dof_target_detect -- -j16 -l16
[1.217s] [  4%] [34m[1mGenerating C code for ROS interfaces[0m
[1.227s] [  9%] [34m[1mGenerating C++ code for ROS interfaces[0m
[1.382s] [ 13%] [32mBuilding C object CMakeFiles/arm5dof_target_detect__rosidl_generator_c.dir/rosidl_generator_c/arm5dof_target_detect/msg/detail/target_detect__functions.c.o[0m
[1.382s] [ 13%] Built target arm5dof_target_detect__cpp
[1.392s] [ 22%] [34m[1mGenerating C++ introspection for ROS interfaces[0m
[1.392s] [ 27%] [34m[1mGenerating C++ type support dispatch for ROS interfaces[0m
[1.392s] [ 27%] [34m[1mGenerating C++ type support for eProsima Fast-RTPS[0m
[1.422s] [ 31%] [32m[1mLinking C shared library libarm5dof_target_detect__rosidl_generator_c.so[0m
[1.456s] [ 31%] Built target arm5dof_target_detect__rosidl_generator_c
[1.466s] [ 45%] [34m[1mGenerating C type support dispatch for ROS interfaces[0m
[1.466s] [ 45%] [34m[1mGenerating C type support for eProsima Fast-RTPS[0m
[1.466s] [ 45%] [34m[1mGenerating C introspection for ROS interfaces[0m
[1.545s] [ 50%] [32mBuilding CXX object CMakeFiles/arm5dof_target_detect__rosidl_typesupport_cpp.dir/rosidl_typesupport_cpp/arm5dof_target_detect/msg/target_detect__type_support.cpp.o[0m
[1.565s] [ 54%] [32mBuilding CXX object CMakeFiles/arm5dof_target_detect__rosidl_typesupport_fastrtps_cpp.dir/rosidl_typesupport_fastrtps_cpp/arm5dof_target_detect/msg/detail/dds_fastrtps/target_detect__type_support.cpp.o[0m
[1.588s] [ 59%] [32mBuilding CXX object CMakeFiles/arm5dof_target_detect__rosidl_typesupport_introspection_cpp.dir/rosidl_typesupport_introspection_cpp/arm5dof_target_detect/msg/detail/target_detect__type_support.cpp.o[0m
[1.644s] [ 63%] [32mBuilding CXX object CMakeFiles/arm5dof_target_detect__rosidl_typesupport_c.dir/rosidl_typesupport_c/arm5dof_target_detect/msg/target_detect__type_support.cpp.o[0m
[1.645s] [ 68%] [32mBuilding C object CMakeFiles/arm5dof_target_detect__rosidl_typesupport_introspection_c.dir/rosidl_typesupport_introspection_c/arm5dof_target_detect/msg/detail/target_detect__type_support.c.o[0m
[1.657s] [ 72%] [32mBuilding CXX object CMakeFiles/arm5dof_target_detect__rosidl_typesupport_fastrtps_c.dir/rosidl_typesupport_fastrtps_c/arm5dof_target_detect/msg/detail/target_detect__type_support_c.cpp.o[0m
[1.672s] [ 77%] [32m[1mLinking CXX shared library libarm5dof_target_detect__rosidl_typesupport_c.so[0m
[1.673s] [ 81%] [32m[1mLinking C shared library libarm5dof_target_detect__rosidl_typesupport_introspection_c.so[0m
[1.706s] [ 81%] Built target arm5dof_target_detect__rosidl_typesupport_introspection_c
[1.716s] [ 81%] Built target arm5dof_target_detect__rosidl_typesupport_c
[1.749s] [ 86%] [32m[1mLinking CXX shared library libarm5dof_target_detect__rosidl_typesupport_cpp.so[0m
[1.785s] [ 86%] Built target arm5dof_target_detect__rosidl_typesupport_cpp
[1.846s] [ 90%] [32m[1mLinking CXX shared library libarm5dof_target_detect__rosidl_typesupport_fastrtps_cpp.so[0m
[1.872s] [ 95%] [32m[1mLinking CXX shared library libarm5dof_target_detect__rosidl_typesupport_introspection_cpp.so[0m
[1.890s] [100%] [32m[1mLinking CXX shared library libarm5dof_target_detect__rosidl_typesupport_fastrtps_c.so[0m
[1.918s] [100%] Built target arm5dof_target_detect__rosidl_typesupport_fastrtps_cpp
[1.938s] [100%] Built target arm5dof_target_detect__rosidl_typesupport_introspection_cpp
[1.963s] [100%] Built target arm5dof_target_detect__rosidl_typesupport_fastrtps_c
[1.982s] [100%] Built target arm5dof_target_detect
[1.991s] Invoked command in '/home/zc/code/ws_arm5dof/src/build/arm5dof_target_detect' returned '0': CMAKE_PREFIX_PATH=${CMAKE_PREFIX_PATH}:/opt/ros/humble /usr/bin/cmake --build /home/zc/code/ws_arm5dof/src/build/arm5dof_target_detect -- -j16 -l16
[1.993s] Invoking command in '/home/zc/code/ws_arm5dof/src/build/arm5dof_target_detect': CMAKE_PREFIX_PATH=${CMAKE_PREFIX_PATH}:/opt/ros/humble /usr/bin/cmake --install /home/zc/code/ws_arm5dof/src/build/arm5dof_target_detect
[1.999s] -- Install configuration: ""
[1.999s] -- Installing: /home/zc/code/ws_arm5dof/src/install/arm5dof_target_detect/share/ament_index/resource_index/rosidl_interfaces/arm5dof_target_detect
[1.999s] -- Installing: /home/zc/code/ws_arm5dof/src/install/arm5dof_target_detect/include/arm5dof_target_detect/arm5dof_target_detect
[1.999s] -- Installing: /home/zc/code/ws_arm5dof/src/install/arm5dof_target_detect/include/arm5dof_target_detect/arm5dof_target_detect/msg
[1.999s] -- Installing: /home/zc/code/ws_arm5dof/src/install/arm5dof_target_detect/include/arm5dof_target_detect/arm5dof_target_detect/msg/rosidl_generator_c__visibility_control.h
[2.000s] -- Installing: /home/zc/code/ws_arm5dof/src/install/arm5dof_target_detect/include/arm5dof_target_detect/arm5dof_target_detect/msg/detail
[2.000s] -- Installing: /home/zc/code/ws_arm5dof/src/install/arm5dof_target_detect/include/arm5dof_target_detect/arm5dof_target_detect/msg/detail/target_detect__type_support.h
[2.001s] -- Installing: /home/zc/code/ws_arm5dof/src/install/arm5dof_target_detect/include/arm5dof_target_detect/arm5dof_target_detect/msg/detail/target_detect__functions.c
[2.002s] -- Installing: /home/zc/code/ws_arm5dof/src/install/arm5dof_target_detect/include/arm5dof_target_detect/arm5dof_target_detect/msg/detail/target_detect__struct.h
[2.002s] -- Installing: /home/zc/code/ws_arm5dof/src/install/arm5dof_target_detect/include/arm5dof_target_detect/arm5dof_target_detect/msg/detail/target_detect__functions.h
[2.002s] -- Installing: /home/zc/code/ws_arm5dof/src/install/arm5dof_target_detect/include/arm5dof_target_detect/arm5dof_target_detect/msg/target_detect.h
[2.002s] -- Installing: /home/zc/code/ws_arm5dof/src/install/arm5dof_target_detect/share/arm5dof_target_detect/environment/library_path.sh
[2.003s] -- Installing: /home/zc/code/ws_arm5dof/src/install/arm5dof_target_detect/share/arm5dof_target_detect/environment/library_path.dsv
[2.003s] -- Installing: /home/zc/code/ws_arm5dof/src/install/arm5dof_target_detect/lib/libarm5dof_target_detect__rosidl_generator_c.so
[2.003s] -- Set runtime path of "/home/zc/code/ws_arm5dof/src/install/arm5dof_target_detect/lib/libarm5dof_target_detect__rosidl_generator_c.so" to ""
[2.003s] -- Up-to-date: /home/zc/code/ws_arm5dof/src/install/arm5dof_target_detect/include/arm5dof_target_detect/arm5dof_target_detect
[2.003s] -- Up-to-date: /home/zc/code/ws_arm5dof/src/install/arm5dof_target_detect/include/arm5dof_target_detect/arm5dof_target_detect/msg
[2.003s] -- Up-to-date: /home/zc/code/ws_arm5dof/src/install/arm5dof_target_detect/include/arm5dof_target_detect/arm5dof_target_detect/msg/detail
[2.003s] -- Installing: /home/zc/code/ws_arm5dof/src/install/arm5dof_target_detect/include/arm5dof_target_detect/arm5dof_target_detect/msg/detail/target_detect__rosidl_typesupport_fastrtps_c.h
[2.003s] -- Installing: /home/zc/code/ws_arm5dof/src/install/arm5dof_target_detect/include/arm5dof_target_detect/arm5dof_target_detect/msg/rosidl_typesupport_fastrtps_c__visibility_control.h
[2.003s] -- Installing: /home/zc/code/ws_arm5dof/src/install/arm5dof_target_detect/lib/libarm5dof_target_detect__rosidl_typesupport_fastrtps_c.so
[2.004s] -- Set runtime path of "/home/zc/code/ws_arm5dof/src/install/arm5dof_target_detect/lib/libarm5dof_target_detect__rosidl_typesupport_fastrtps_c.so" to ""
[2.004s] -- Up-to-date: /home/zc/code/ws_arm5dof/src/install/arm5dof_target_detect/include/arm5dof_target_detect/arm5dof_target_detect
[2.004s] -- Up-to-date: /home/zc/code/ws_arm5dof/src/install/arm5dof_target_detect/include/arm5dof_target_detect/arm5dof_target_detect/msg
[2.004s] -- Installing: /home/zc/code/ws_arm5dof/src/install/arm5dof_target_detect/include/arm5dof_target_detect/arm5dof_target_detect/msg/rosidl_generator_cpp__visibility_control.hpp
[2.004s] -- Up-to-date: /home/zc/code/ws_arm5dof/src/install/arm5dof_target_detect/include/arm5dof_target_detect/arm5dof_target_detect/msg/detail
[2.004s] -- Installing: /home/zc/code/ws_arm5dof/src/install/arm5dof_target_detect/include/arm5dof_target_detect/arm5dof_target_detect/msg/detail/target_detect__builder.hpp
[2.004s] -- Installing: /home/zc/code/ws_arm5dof/src/install/arm5dof_target_detect/include/arm5dof_target_detect/arm5dof_target_detect/msg/detail/target_detect__struct.hpp
[2.004s] -- Installing: /home/zc/code/ws_arm5dof/src/install/arm5dof_target_detect/include/arm5dof_target_detect/arm5dof_target_detect/msg/detail/target_detect__type_support.hpp
[2.004s] -- Installing: /home/zc/code/ws_arm5dof/src/install/arm5dof_target_detect/include/arm5dof_target_detect/arm5dof_target_detect/msg/detail/target_detect__traits.hpp
[2.004s] -- Installing: /home/zc/code/ws_arm5dof/src/install/arm5dof_target_detect/include/arm5dof_target_detect/arm5dof_target_detect/msg/target_detect.hpp
[2.004s] -- Up-to-date: /home/zc/code/ws_arm5dof/src/install/arm5dof_target_detect/include/arm5dof_target_detect/arm5dof_target_detect
[2.004s] -- Up-to-date: /home/zc/code/ws_arm5dof/src/install/arm5dof_target_detect/include/arm5dof_target_detect/arm5dof_target_detect/msg
[2.004s] -- Installing: /home/zc/code/ws_arm5dof/src/install/arm5dof_target_detect/include/arm5dof_target_detect/arm5dof_target_detect/msg/rosidl_typesupport_fastrtps_cpp__visibility_control.h
[2.004s] -- Up-to-date: /home/zc/code/ws_arm5dof/src/install/arm5dof_target_detect/include/arm5dof_target_detect/arm5dof_target_detect/msg/detail
[2.004s] -- Installing: /home/zc/code/ws_arm5dof/src/install/arm5dof_target_detect/include/arm5dof_target_detect/arm5dof_target_detect/msg/detail/dds_fastrtps
[2.004s] -- Installing: /home/zc/code/ws_arm5dof/src/install/arm5dof_target_detect/include/arm5dof_target_detect/arm5dof_target_detect/msg/detail/target_detect__rosidl_typesupport_fastrtps_cpp.hpp
[2.005s] -- Installing: /home/zc/code/ws_arm5dof/src/install/arm5dof_target_detect/lib/libarm5dof_target_detect__rosidl_typesupport_fastrtps_cpp.so
[2.005s] -- Set runtime path of "/home/zc/code/ws_arm5dof/src/install/arm5dof_target_detect/lib/libarm5dof_target_detect__rosidl_typesupport_fastrtps_cpp.so" to ""
[2.005s] -- Up-to-date: /home/zc/code/ws_arm5dof/src/install/arm5dof_target_detect/include/arm5dof_target_detect/arm5dof_target_detect
[2.005s] -- Up-to-date: /home/zc/code/ws_arm5dof/src/install/arm5dof_target_detect/include/arm5dof_target_detect/arm5dof_target_detect/msg
[2.005s] -- Installing: /home/zc/code/ws_arm5dof/src/install/arm5dof_target_detect/include/arm5dof_target_detect/arm5dof_target_detect/msg/rosidl_typesupport_introspection_c__visibility_control.h
[2.005s] -- Up-to-date: /home/zc/code/ws_arm5dof/src/install/arm5dof_target_detect/include/arm5dof_target_detect/arm5dof_target_detect/msg/detail
[2.005s] -- Installing: /home/zc/code/ws_arm5dof/src/install/arm5dof_target_detect/include/arm5dof_target_detect/arm5dof_target_detect/msg/detail/target_detect__rosidl_typesupport_introspection_c.h
[2.005s] -- Installing: /home/zc/code/ws_arm5dof/src/install/arm5dof_target_detect/include/arm5dof_target_detect/arm5dof_target_detect/msg/detail/target_detect__type_support.c
[2.005s] -- Installing: /home/zc/code/ws_arm5dof/src/install/arm5dof_target_detect/lib/libarm5dof_target_detect__rosidl_typesupport_introspection_c.so
[2.006s] -- Set runtime path of "/home/zc/code/ws_arm5dof/src/install/arm5dof_target_detect/lib/libarm5dof_target_detect__rosidl_typesupport_introspection_c.so" to ""
[2.006s] -- Installing: /home/zc/code/ws_arm5dof/src/install/arm5dof_target_detect/lib/libarm5dof_target_detect__rosidl_typesupport_c.so
[2.006s] -- Set runtime path of "/home/zc/code/ws_arm5dof/src/install/arm5dof_target_detect/lib/libarm5dof_target_detect__rosidl_typesupport_c.so" to ""
[2.006s] -- Up-to-date: /home/zc/code/ws_arm5dof/src/install/arm5dof_target_detect/include/arm5dof_target_detect/arm5dof_target_detect
[2.006s] -- Up-to-date: /home/zc/code/ws_arm5dof/src/install/arm5dof_target_detect/include/arm5dof_target_detect/arm5dof_target_detect/msg
[2.006s] -- Up-to-date: /home/zc/code/ws_arm5dof/src/install/arm5dof_target_detect/include/arm5dof_target_detect/arm5dof_target_detect/msg/detail
[2.006s] -- Installing: /home/zc/code/ws_arm5dof/src/install/arm5dof_target_detect/include/arm5dof_target_detect/arm5dof_target_detect/msg/detail/target_detect__rosidl_typesupport_introspection_cpp.hpp
[2.006s] -- Installing: /home/zc/code/ws_arm5dof/src/install/arm5dof_target_detect/include/arm5dof_target_detect/arm5dof_target_detect/msg/detail/target_detect__type_support.cpp
[2.006s] -- Installing: /home/zc/code/ws_arm5dof/src/install/arm5dof_target_detect/lib/libarm5dof_target_detect__rosidl_typesupport_introspection_cpp.so
[2.006s] -- Set runtime path of "/home/zc/code/ws_arm5dof/src/install/arm5dof_target_detect/lib/libarm5dof_target_detect__rosidl_typesupport_introspection_cpp.so" to ""
[2.006s] -- Installing: /home/zc/code/ws_arm5dof/src/install/arm5dof_target_detect/lib/libarm5dof_target_detect__rosidl_typesupport_cpp.so
[2.007s] -- Set runtime path of "/home/zc/code/ws_arm5dof/src/install/arm5dof_target_detect/lib/libarm5dof_target_detect__rosidl_typesupport_cpp.so" to ""
[2.007s] -- Installing: /home/zc/code/ws_arm5dof/src/install/arm5dof_target_detect/share/arm5dof_target_detect/msg/TargetDetect.idl
[2.007s] -- Installing: /home/zc/code/ws_arm5dof/src/install/arm5dof_target_detect/share/arm5dof_target_detect/msg/TargetDetect.msg
[2.007s] -- Installing: /home/zc/code/ws_arm5dof/src/install/arm5dof_target_detect/share/ament_index/resource_index/package_run_dependencies/arm5dof_target_detect
[2.007s] -- Installing: /home/zc/code/ws_arm5dof/src/install/arm5dof_target_detect/share/ament_index/resource_index/parent_prefix_path/arm5dof_target_detect
[2.007s] -- Installing: /home/zc/code/ws_arm5dof/src/install/arm5dof_target_detect/share/arm5dof_target_detect/environment/ament_prefix_path.sh
[2.007s] -- Installing: /home/zc/code/ws_arm5dof/src/install/arm5dof_target_detect/share/arm5dof_target_detect/environment/ament_prefix_path.dsv
[2.008s] -- Installing: /home/zc/code/ws_arm5dof/src/install/arm5dof_target_detect/share/arm5dof_target_detect/environment/path.sh
[2.008s] -- Installing: /home/zc/code/ws_arm5dof/src/install/arm5dof_target_detect/share/arm5dof_target_detect/environment/path.dsv
[2.008s] -- Installing: /home/zc/code/ws_arm5dof/src/install/arm5dof_target_detect/share/arm5dof_target_detect/local_setup.bash
[2.008s] -- Installing: /home/zc/code/ws_arm5dof/src/install/arm5dof_target_detect/share/arm5dof_target_detect/local_setup.sh
[2.008s] -- Installing: /home/zc/code/ws_arm5dof/src/install/arm5dof_target_detect/share/arm5dof_target_detect/local_setup.zsh
[2.008s] -- Installing: /home/zc/code/ws_arm5dof/src/install/arm5dof_target_detect/share/arm5dof_target_detect/local_setup.dsv
[2.008s] -- Installing: /home/zc/code/ws_arm5dof/src/install/arm5dof_target_detect/share/arm5dof_target_detect/package.dsv
[2.008s] -- Installing: /home/zc/code/ws_arm5dof/src/install/arm5dof_target_detect/share/ament_index/resource_index/packages/arm5dof_target_detect
[2.008s] -- Installing: /home/zc/code/ws_arm5dof/src/install/arm5dof_target_detect/share/arm5dof_target_detect/cmake/export_arm5dof_target_detect__rosidl_generator_cExport.cmake
[2.009s] -- Installing: /home/zc/code/ws_arm5dof/src/install/arm5dof_target_detect/share/arm5dof_target_detect/cmake/export_arm5dof_target_detect__rosidl_generator_cExport-noconfig.cmake
[2.009s] -- Installing: /home/zc/code/ws_arm5dof/src/install/arm5dof_target_detect/share/arm5dof_target_detect/cmake/export_arm5dof_target_detect__rosidl_typesupport_fastrtps_cExport.cmake
[2.009s] -- Installing: /home/zc/code/ws_arm5dof/src/install/arm5dof_target_detect/share/arm5dof_target_detect/cmake/export_arm5dof_target_detect__rosidl_typesupport_fastrtps_cExport-noconfig.cmake
[2.009s] -- Installing: /home/zc/code/ws_arm5dof/src/install/arm5dof_target_detect/share/arm5dof_target_detect/cmake/export_arm5dof_target_detect__rosidl_generator_cppExport.cmake
[2.009s] -- Installing: /home/zc/code/ws_arm5dof/src/install/arm5dof_target_detect/share/arm5dof_target_detect/cmake/export_arm5dof_target_detect__rosidl_typesupport_fastrtps_cppExport.cmake
[2.009s] -- Installing: /home/zc/code/ws_arm5dof/src/install/arm5dof_target_detect/share/arm5dof_target_detect/cmake/export_arm5dof_target_detect__rosidl_typesupport_fastrtps_cppExport-noconfig.cmake
[2.009s] -- Installing: /home/zc/code/ws_arm5dof/src/install/arm5dof_target_detect/share/arm5dof_target_detect/cmake/arm5dof_target_detect__rosidl_typesupport_introspection_cExport.cmake
[2.009s] -- Installing: /home/zc/code/ws_arm5dof/src/install/arm5dof_target_detect/share/arm5dof_target_detect/cmake/arm5dof_target_detect__rosidl_typesupport_introspection_cExport-noconfig.cmake
[2.009s] -- Installing: /home/zc/code/ws_arm5dof/src/install/arm5dof_target_detect/share/arm5dof_target_detect/cmake/arm5dof_target_detect__rosidl_typesupport_cExport.cmake
[2.010s] -- Installing: /home/zc/code/ws_arm5dof/src/install/arm5dof_target_detect/share/arm5dof_target_detect/cmake/arm5dof_target_detect__rosidl_typesupport_cExport-noconfig.cmake
[2.010s] -- Installing: /home/zc/code/ws_arm5dof/src/install/arm5dof_target_detect/share/arm5dof_target_detect/cmake/arm5dof_target_detect__rosidl_typesupport_introspection_cppExport.cmake
[2.010s] -- Installing: /home/zc/code/ws_arm5dof/src/install/arm5dof_target_detect/share/arm5dof_target_detect/cmake/arm5dof_target_detect__rosidl_typesupport_introspection_cppExport-noconfig.cmake
[2.010s] -- Installing: /home/zc/code/ws_arm5dof/src/install/arm5dof_target_detect/share/arm5dof_target_detect/cmake/arm5dof_target_detect__rosidl_typesupport_cppExport.cmake
[2.010s] -- Installing: /home/zc/code/ws_arm5dof/src/install/arm5dof_target_detect/share/arm5dof_target_detect/cmake/arm5dof_target_detect__rosidl_typesupport_cppExport-noconfig.cmake
[2.010s] -- Installing: /home/zc/code/ws_arm5dof/src/install/arm5dof_target_detect/share/arm5dof_target_detect/cmake/rosidl_cmake-extras.cmake
[2.010s] -- Installing: /home/zc/code/ws_arm5dof/src/install/arm5dof_target_detect/share/arm5dof_target_detect/cmake/ament_cmake_export_dependencies-extras.cmake
[2.010s] -- Installing: /home/zc/code/ws_arm5dof/src/install/arm5dof_target_detect/share/arm5dof_target_detect/cmake/ament_cmake_export_include_directories-extras.cmake
[2.010s] -- Installing: /home/zc/code/ws_arm5dof/src/install/arm5dof_target_detect/share/arm5dof_target_detect/cmake/ament_cmake_export_libraries-extras.cmake
[2.011s] -- Installing: /home/zc/code/ws_arm5dof/src/install/arm5dof_target_detect/share/arm5dof_target_detect/cmake/ament_cmake_export_targets-extras.cmake
[2.011s] -- Installing: /home/zc/code/ws_arm5dof/src/install/arm5dof_target_detect/share/arm5dof_target_detect/cmake/rosidl_cmake_export_typesupport_targets-extras.cmake
[2.011s] -- Installing: /home/zc/code/ws_arm5dof/src/install/arm5dof_target_detect/share/arm5dof_target_detect/cmake/rosidl_cmake_export_typesupport_libraries-extras.cmake
[2.011s] -- Installing: /home/zc/code/ws_arm5dof/src/install/arm5dof_target_detect/share/arm5dof_target_detect/cmake/arm5dof_target_detectConfig.cmake
[2.011s] -- Installing: /home/zc/code/ws_arm5dof/src/install/arm5dof_target_detect/share/arm5dof_target_detect/cmake/arm5dof_target_detectConfig-version.cmake
[2.011s] -- Installing: /home/zc/code/ws_arm5dof/src/install/arm5dof_target_detect/share/arm5dof_target_detect/package.xml
[2.013s] Invoked command in '/home/zc/code/ws_arm5dof/src/build/arm5dof_target_detect' returned '0': CMAKE_PREFIX_PATH=${CMAKE_PREFIX_PATH}:/opt/ros/humble /usr/bin/cmake --install /home/zc/code/ws_arm5dof/src/build/arm5dof_target_detect
