-- The C compiler identification is GNU 11.4.0
-- The CXX compiler identification is GNU 11.4.0
-- Detecting C compiler ABI info
-- Detecting C compiler ABI info - done
-- Check for working C compiler: /usr/bin/cc - skipped
-- Detecting C compile features
-- Detecting C compile features - done
-- Detecting CXX compiler ABI info
-- Detecting CXX compiler ABI info - done
-- Check for working CXX compiler: /usr/bin/c++ - skipped
-- Detecting CXX compile features
-- Detecting CXX compile features - done
-- Found ament_cmake: 1.3.12 (/opt/ros/humble/share/ament_cmake/cmake)
-- Found Python3: /usr/bin/python3 (found version "3.10.12") found components: Interpreter 
-- Found moveit_ros_planning_interface: 2.5.9 (/opt/ros/humble/share/moveit_ros_planning_interface/cmake)
-- Found Boost: /usr/lib/x86_64-linux-gnu/cmake/Boost-1.74.0/BoostConfig.cmake (found version "1.74.0") found components: date_time filesystem program_options system thread 
-- Found rosidl_generator_c: 3.1.7 (/opt/ros/humble/share/rosidl_generator_c/cmake)
-- Found rosidl_adapter: 3.1.7 (/opt/ros/humble/share/rosidl_adapter/cmake)
-- Found rosidl_generator_cpp: 3.1.7 (/opt/ros/humble/share/rosidl_generator_cpp/cmake)
-- Using all available rosidl_typesupport_c: rosidl_typesupport_fastrtps_c;rosidl_typesupport_introspection_c
-- Using all available rosidl_typesupport_cpp: rosidl_typesupport_fastrtps_cpp;rosidl_typesupport_introspection_cpp
-- Found Boost: /usr/lib/x86_64-linux-gnu/cmake/Boost-1.74.0/BoostConfig.cmake (found version "1.74.0") found components: chrono date_time filesystem iostreams program_options regex serialization system thread 
-- Found parameter_traits: 0.5.0 (/opt/ros/humble/share/parameter_traits/cmake)
-- Found rmw_implementation_cmake: 6.1.2 (/opt/ros/humble/share/rmw_implementation_cmake/cmake)
-- Found rmw_fastrtps_cpp: 6.2.9 (/opt/ros/humble/share/rmw_fastrtps_cpp/cmake)
-- Found OpenSSL: /usr/lib/x86_64-linux-gnu/libcrypto.so (found version "3.0.2")  
-- Found FastRTPS: /opt/ros/humble/include  
-- Using RMW implementation 'rmw_fastrtps_cpp' as default
-- Found Threads: TRUE  
-- Found rclcpp_lifecycle: 16.0.15 (/opt/ros/humble/share/rclcpp_lifecycle/cmake)
-- Found Boost: /usr/lib/x86_64-linux-gnu/cmake/Boost-1.74.0/BoostConfig.cmake (found version "1.74.0") found components: filesystem 
-- library: /usr/lib/x86_64-linux-gnu/libcurl.so
-- Found Eigen3: TRUE (found version "3.4.0") 
-- Ensuring Eigen3 include directory is part of orocos-kdl CMake target
-- Found Boost: /usr/lib/x86_64-linux-gnu/cmake/Boost-1.74.0/BoostConfig.cmake (found version "1.74.0") found components: system filesystem date_time program_options thread chrono 
-- Found Boost: /usr/lib/x86_64-linux-gnu/cmake/Boost-1.74.0/BoostConfig.cmake (found version "1.74.0") found components: thread system filesystem regex date_time program_options 
-- Found Boost: /usr/lib/x86_64-linux-gnu/cmake/Boost-1.74.0/BoostConfig.cmake (found version "1.74.0") found components: system filesystem date_time program_options thread 
-- Found moveit_visual_tools: 4.1.2 (/opt/ros/humble/share/moveit_visual_tools/cmake)
-- Setting assimp_DIR to: '/opt/ros/humble/share/rviz_assimp_vendor/cmake/../../../opt/rviz_assimp_vendor/lib/cmake/assimp-4.1'
-- Setting OGRE_DIR to: '/opt/ros/humble/share/rviz_ogre_vendor/cmake/../../../opt/rviz_ogre_vendor/lib/OGRE/cmake'
-- Found OGRE
--   static     : OFF
--   components : HLMS;MeshLodGenerator;Overlay;Paging;Property;RTShaderSystem;Terrain;Volume
--   plugins    : Plugin_BSPSceneManager;Plugin_OctreeSceneManager;Plugin_PCZSceneManager;Plugin_ParticleFX;RenderSystem_GL;RenderSystem_GL3Plus;Codec_STBI
--   media      : /opt/ros/humble/opt/rviz_ogre_vendor/share/OGRE/Media
-- OGRE_LIBRARIES: OgreHLMS;OgreMeshLodGenerator;OgreOverlay;OgrePaging;OgreProperty;OgreRTShaderSystem;OgreTerrain;OgreVolume;OgreMain
-- OGRE_LIBRARY_DIRS: /opt/ros/humble/opt/rviz_ogre_vendor/lib
-- OGRE_PLUGINS: Plugin_BSPSceneManager;Plugin_OctreeSceneManager;Plugin_PCZSceneManager;Plugin_ParticleFX;RenderSystem_GL;RenderSystem_GL3Plus;Codec_STBI
-- OGRE_PLUGIN_DIR: /opt/ros/humble/opt/rviz_ogre_vendor/lib/OGRE
-- rviz_ogre_vendor::OgreOverlay for IMPORTED_LOCATION_RELEASE: /opt/ros/humble/opt/rviz_ogre_vendor/lib/libOgreOverlay.so
-- rviz_ogre_vendor::OgreOverlay for IMPORTED_LOCATION_DEBUG: /opt/ros/humble/opt/rviz_ogre_vendor/lib/libOgreOverlay.so
-- rviz_ogre_vendor::OgreMain for IMPORTED_LOCATION_RELEASE: /opt/ros/humble/opt/rviz_ogre_vendor/lib/libOgreMain.so
-- rviz_ogre_vendor::OgreMain for IMPORTED_LOCATION_DEBUG: /opt/ros/humble/opt/rviz_ogre_vendor/lib/libOgreMain.so
-- Found ZLIB: /usr/lib/x86_64-linux-gnu/libz.so (found version "1.2.11") 
-- Found OpenGL: /usr/lib/x86_64-linux-gnu/libOpenGL.so   
-- Found X11: /usr/include   
-- Looking for XOpenDisplay in /usr/lib/x86_64-linux-gnu/libX11.so;/usr/lib/x86_64-linux-gnu/libXext.so
-- Looking for XOpenDisplay in /usr/lib/x86_64-linux-gnu/libX11.so;/usr/lib/x86_64-linux-gnu/libXext.so - found
-- Looking for gethostbyname
-- Looking for gethostbyname - found
-- Looking for connect
-- Looking for connect - found
-- Looking for remove
-- Looking for remove - found
-- Looking for shmat
-- Looking for shmat - found
-- Looking for IceConnectionNumber in ICE
-- Looking for IceConnectionNumber in ICE - found
-- Found OpenCV: /usr (found version "4.5.4") 
-- Found arm5dof_target_detect: 0.0.0 (/home/zc/code/ws_arm5dof/src/install/arm5dof_target_detect/share/arm5dof_target_detect/cmake)
-- Found cv_bridge: 3.2.1 (/opt/ros/humble/share/cv_bridge/cmake)
-- Found ament_lint_auto: 0.12.14 (/opt/ros/humble/share/ament_lint_auto/cmake)
-- Added test 'cppcheck' to perform static code analysis on C / C++ code
-- Configured cppcheck include dirs: 
-- Configured cppcheck exclude dirs and/or files: 
-- Added test 'lint_cmake' to check CMake code style
-- Added test 'uncrustify' to check C / C++ code style
-- Configured uncrustify additional arguments: 
-- Added test 'xmllint' to check XML markup files
-- Configuring done
-- Generating done
-- Build files have been written to: /home/zc/code/ws_arm5dof/src/build/arm5dof_movegroup
[ 66%] [32mBuilding CXX object CMakeFiles/move_group.dir/src/move_group_main.cpp.o[0m
[ 66%] [32mBuilding CXX object CMakeFiles/color_node.dir/src/color_detect.cpp.o[0m
[ 66%] [32mBuilding CXX object CMakeFiles/color_node.dir/src/color_detect_main.cpp.o[0m
[ 66%] [32mBuilding CXX object CMakeFiles/move_group.dir/src/move_group.cpp.o[0m
[01m[K/home/zc/code/ws_arm5dof/src/arm5dof_movegroup/src/move_group_main.cpp:[m[K In function ‘[01m[Kint main(int, char**)[m[K’:
[01m[K/home/zc/code/ws_arm5dof/src/arm5dof_movegroup/src/move_group_main.cpp:26:14:[m[K [01;35m[Kwarning: [m[Kvariable ‘[01m[Kblue_target_pose[m[K’ set but not used [[01;35m[K]8;;https://gcc.gnu.org/onlinedocs/gcc/Warning-Options.html#index-Wunused-but-set-variable-Wunused-but-set-variable]8;;[m[K]
   26 |   auto const [01;35m[Kblue_target_pose[m[K = [&]() {
      |              [01;35m[K^~~~~~~~~~~~~~~~[m[K
[01m[K/home/zc/code/ws_arm5dof/src/arm5dof_movegroup/src/move_group_main.cpp:35:14:[m[K [01;35m[Kwarning: [m[Kvariable ‘[01m[Kgreen_target_pose[m[K’ set but not used [[01;35m[K]8;;https://gcc.gnu.org/onlinedocs/gcc/Warning-Options.html#index-Wunused-but-set-variable-Wunused-but-set-variable]8;;[m[K]
   35 |   auto const [01;35m[Kgreen_target_pose[m[K = [&]() {
      |              [01;35m[K^~~~~~~~~~~~~~~~~[m[K
[ 83%] [32m[1mLinking CXX executable color_node[0m
[100%] [32m[1mLinking CXX executable move_group[0m
[100%] Built target move_group
[100%] Built target color_node
-- Install configuration: ""
-- Installing: /home/zc/code/ws_arm5dof/src/install/arm5dof_movegroup/lib/arm5dof_movegroup/color_node
-- Set runtime path of "/home/zc/code/ws_arm5dof/src/install/arm5dof_movegroup/lib/arm5dof_movegroup/color_node" to ""
-- Installing: /home/zc/code/ws_arm5dof/src/install/arm5dof_movegroup/lib/arm5dof_movegroup/move_group
-- Set runtime path of "/home/zc/code/ws_arm5dof/src/install/arm5dof_movegroup/lib/arm5dof_movegroup/move_group" to ""
-- Installing: /home/zc/code/ws_arm5dof/src/install/arm5dof_movegroup/share/ament_index/resource_index/package_run_dependencies/arm5dof_movegroup
-- Installing: /home/zc/code/ws_arm5dof/src/install/arm5dof_movegroup/share/ament_index/resource_index/parent_prefix_path/arm5dof_movegroup
-- Installing: /home/zc/code/ws_arm5dof/src/install/arm5dof_movegroup/share/arm5dof_movegroup/environment/ament_prefix_path.sh
-- Installing: /home/zc/code/ws_arm5dof/src/install/arm5dof_movegroup/share/arm5dof_movegroup/environment/ament_prefix_path.dsv
-- Installing: /home/zc/code/ws_arm5dof/src/install/arm5dof_movegroup/share/arm5dof_movegroup/environment/path.sh
-- Installing: /home/zc/code/ws_arm5dof/src/install/arm5dof_movegroup/share/arm5dof_movegroup/environment/path.dsv
-- Installing: /home/zc/code/ws_arm5dof/src/install/arm5dof_movegroup/share/arm5dof_movegroup/local_setup.bash
-- Installing: /home/zc/code/ws_arm5dof/src/install/arm5dof_movegroup/share/arm5dof_movegroup/local_setup.sh
-- Installing: /home/zc/code/ws_arm5dof/src/install/arm5dof_movegroup/share/arm5dof_movegroup/local_setup.zsh
-- Installing: /home/zc/code/ws_arm5dof/src/install/arm5dof_movegroup/share/arm5dof_movegroup/local_setup.dsv
-- Installing: /home/zc/code/ws_arm5dof/src/install/arm5dof_movegroup/share/arm5dof_movegroup/package.dsv
-- Installing: /home/zc/code/ws_arm5dof/src/install/arm5dof_movegroup/share/ament_index/resource_index/packages/arm5dof_movegroup
-- Installing: /home/zc/code/ws_arm5dof/src/install/arm5dof_movegroup/share/arm5dof_movegroup/cmake/arm5dof_movegroupConfig.cmake
-- Installing: /home/zc/code/ws_arm5dof/src/install/arm5dof_movegroup/share/arm5dof_movegroup/cmake/arm5dof_movegroupConfig-version.cmake
-- Installing: /home/zc/code/ws_arm5dof/src/install/arm5dof_movegroup/share/arm5dof_movegroup/package.xml
