[0.009s] Invoking command in '/home/zc/code/ws_arm5dof/src/build/arm5dof_movegroup': AMENT_PREFIX_PATH=/home/zc/code/ws_arm5dof/src/install/arm5dof_target_detect:${AMENT_PREFIX_PATH} CMAKE_PREFIX_PATH=/home/zc/code/ws_arm5dof/src/install/arm5dof_target_detect:/home/zc/code/ws_arm5dof/install/moveit_task_constructor_visualization:/home/zc/code/ws_arm5dof/install/moveit_task_constructor_demo:/home/zc/code/ws_arm5dof/install/moveit_task_constructor_capabilities:/home/zc/code/ws_arm5dof/install/arm5dof_mtc:/home/zc/code/ws_arm5dof/install/moveit_task_constructor_core:/home/zc/code/ws_arm5dof/install/rviz_marker_tools:/home/zc/code/ws_arm5dof/install/moveit_task_constructor_msgs:/home/zc/code/ws_arm5dof/install/arm5dof_movegroup:/home/zc/code/ws_arm5dof/install/arm5dof_target_detect:/home/zc/code/ws_arm5dof/install/arm5dof_moveit_config:/home/zc/code/ws_arm5dof/install/arm5dof_description:/opt/ros/humble LD_LIBRARY_PATH=/home/zc/code/ws_arm5dof/src/install/arm5dof_target_detect/lib:${LD_LIBRARY_PATH} /usr/bin/cmake /home/zc/code/ws_arm5dof/src/arm5dof_movegroup -DCMAKE_INSTALL_PREFIX=/home/zc/code/ws_arm5dof/src/install/arm5dof_movegroup
[0.055s] -- The C compiler identification is GNU 11.4.0
[0.099s] -- The CXX compiler identification is GNU 11.4.0
[0.106s] -- Detecting C compiler ABI info
[0.173s] -- Detecting C compiler ABI info - done
[0.178s] -- Check for working C compiler: /usr/bin/cc - skipped
[0.178s] -- Detecting C compile features
[0.179s] -- Detecting C compile features - done
[0.181s] -- Detecting CXX compiler ABI info
[0.258s] -- Detecting CXX compiler ABI info - done
[0.263s] -- Check for working CXX compiler: /usr/bin/c++ - skipped
[0.263s] -- Detecting CXX compile features
[0.264s] -- Detecting CXX compile features - done
[0.267s] -- Found ament_cmake: 1.3.12 (/opt/ros/humble/share/ament_cmake/cmake)
[0.374s] -- Found Python3: /usr/bin/python3 (found version "3.10.12") found components: Interpreter 
[0.454s] -- Found moveit_ros_planning_interface: 2.5.9 (/opt/ros/humble/share/moveit_ros_planning_interface/cmake)
[0.613s] -- Found Boost: /usr/lib/x86_64-linux-gnu/cmake/Boost-1.74.0/BoostConfig.cmake (found version "1.74.0") found components: date_time filesystem program_options system thread 
[0.667s] -- Found rosidl_generator_c: 3.1.7 (/opt/ros/humble/share/rosidl_generator_c/cmake)
[0.680s] -- Found rosidl_adapter: 3.1.7 (/opt/ros/humble/share/rosidl_adapter/cmake)
[0.687s] -- Found rosidl_generator_cpp: 3.1.7 (/opt/ros/humble/share/rosidl_generator_cpp/cmake)
[0.706s] -- Using all available rosidl_typesupport_c: rosidl_typesupport_fastrtps_c;rosidl_typesupport_introspection_c
[0.735s] -- Using all available rosidl_typesupport_cpp: rosidl_typesupport_fastrtps_cpp;rosidl_typesupport_introspection_cpp
[0.903s] -- Found Boost: /usr/lib/x86_64-linux-gnu/cmake/Boost-1.74.0/BoostConfig.cmake (found version "1.74.0") found components: chrono date_time filesystem iostreams program_options regex serialization system thread 
[0.949s] -- Found parameter_traits: 0.5.0 (/opt/ros/humble/share/parameter_traits/cmake)
[0.990s] -- Found rmw_implementation_cmake: 6.1.2 (/opt/ros/humble/share/rmw_implementation_cmake/cmake)
[0.993s] -- Found rmw_fastrtps_cpp: 6.2.9 (/opt/ros/humble/share/rmw_fastrtps_cpp/cmake)
[1.070s] -- Found OpenSSL: /usr/lib/x86_64-linux-gnu/libcrypto.so (found version "3.0.2")  
[1.093s] -- Found FastRTPS: /opt/ros/humble/include  
[1.127s] -- Using RMW implementation 'rmw_fastrtps_cpp' as default
[1.137s] -- Found Threads: TRUE  
[1.174s] -- Found rclcpp_lifecycle: 16.0.15 (/opt/ros/humble/share/rclcpp_lifecycle/cmake)
[1.197s] -- Found Boost: /usr/lib/x86_64-linux-gnu/cmake/Boost-1.74.0/BoostConfig.cmake (found version "1.74.0") found components: filesystem 
[1.290s] -- library: /usr/lib/x86_64-linux-gnu/libcurl.so
[1.335s] -- Found Eigen3: TRUE (found version "3.4.0") 
[1.335s] -- Ensuring Eigen3 include directory is part of orocos-kdl CMake target
[1.526s] -- Found Boost: /usr/lib/x86_64-linux-gnu/cmake/Boost-1.74.0/BoostConfig.cmake (found version "1.74.0") found components: system filesystem date_time program_options thread chrono 
[1.564s] -- Found Boost: /usr/lib/x86_64-linux-gnu/cmake/Boost-1.74.0/BoostConfig.cmake (found version "1.74.0") found components: thread system filesystem regex date_time program_options 
[1.595s] -- Found Boost: /usr/lib/x86_64-linux-gnu/cmake/Boost-1.74.0/BoostConfig.cmake (found version "1.74.0") found components: system filesystem date_time program_options thread 
[1.631s] -- Found moveit_visual_tools: 4.1.2 (/opt/ros/humble/share/moveit_visual_tools/cmake)
[1.701s] -- Setting assimp_DIR to: '/opt/ros/humble/share/rviz_assimp_vendor/cmake/../../../opt/rviz_assimp_vendor/lib/cmake/assimp-4.1'
[1.712s] -- Setting OGRE_DIR to: '/opt/ros/humble/share/rviz_ogre_vendor/cmake/../../../opt/rviz_ogre_vendor/lib/OGRE/cmake'
[1.713s] -- Found OGRE
[1.713s] --   static     : OFF
[1.713s] --   components : HLMS;MeshLodGenerator;Overlay;Paging;Property;RTShaderSystem;Terrain;Volume
[1.713s] --   plugins    : Plugin_BSPSceneManager;Plugin_OctreeSceneManager;Plugin_PCZSceneManager;Plugin_ParticleFX;RenderSystem_GL;RenderSystem_GL3Plus;Codec_STBI
[1.713s] --   media      : /opt/ros/humble/opt/rviz_ogre_vendor/share/OGRE/Media
[1.713s] -- OGRE_LIBRARIES: OgreHLMS;OgreMeshLodGenerator;OgreOverlay;OgrePaging;OgreProperty;OgreRTShaderSystem;OgreTerrain;OgreVolume;OgreMain
[1.713s] -- OGRE_LIBRARY_DIRS: /opt/ros/humble/opt/rviz_ogre_vendor/lib
[1.713s] -- OGRE_PLUGINS: Plugin_BSPSceneManager;Plugin_OctreeSceneManager;Plugin_PCZSceneManager;Plugin_ParticleFX;RenderSystem_GL;RenderSystem_GL3Plus;Codec_STBI
[1.714s] -- OGRE_PLUGIN_DIR: /opt/ros/humble/opt/rviz_ogre_vendor/lib/OGRE
[1.714s] -- rviz_ogre_vendor::OgreOverlay for IMPORTED_LOCATION_RELEASE: /opt/ros/humble/opt/rviz_ogre_vendor/lib/libOgreOverlay.so
[1.714s] -- rviz_ogre_vendor::OgreOverlay for IMPORTED_LOCATION_DEBUG: /opt/ros/humble/opt/rviz_ogre_vendor/lib/libOgreOverlay.so
[1.714s] -- rviz_ogre_vendor::OgreMain for IMPORTED_LOCATION_RELEASE: /opt/ros/humble/opt/rviz_ogre_vendor/lib/libOgreMain.so
[1.714s] -- rviz_ogre_vendor::OgreMain for IMPORTED_LOCATION_DEBUG: /opt/ros/humble/opt/rviz_ogre_vendor/lib/libOgreMain.so
[1.743s] -- Found ZLIB: /usr/lib/x86_64-linux-gnu/libz.so (found version "1.2.11") 
[1.751s] -- Found OpenGL: /usr/lib/x86_64-linux-gnu/libOpenGL.so   
[1.973s] -- Found X11: /usr/include   
[1.974s] -- Looking for XOpenDisplay in /usr/lib/x86_64-linux-gnu/libX11.so;/usr/lib/x86_64-linux-gnu/libXext.so
[2.142s] -- Looking for XOpenDisplay in /usr/lib/x86_64-linux-gnu/libX11.so;/usr/lib/x86_64-linux-gnu/libXext.so - found
[2.142s] -- Looking for gethostbyname
[2.275s] -- Looking for gethostbyname - found
[2.276s] -- Looking for connect
[2.436s] -- Looking for connect - found
[2.436s] -- Looking for remove
[2.616s] -- Looking for remove - found
[2.617s] -- Looking for shmat
[2.738s] -- Looking for shmat - found
[2.741s] -- Looking for IceConnectionNumber in ICE
[2.879s] -- Looking for IceConnectionNumber in ICE - found
[3.009s] -- Found OpenCV: /usr (found version "4.5.4") 
[3.010s] -- Found arm5dof_target_detect: 0.0.0 (/home/zc/code/ws_arm5dof/src/install/arm5dof_target_detect/share/arm5dof_target_detect/cmake)
[3.027s] -- Found cv_bridge: 3.2.1 (/opt/ros/humble/share/cv_bridge/cmake)
[3.041s] -- Found ament_lint_auto: 0.12.14 (/opt/ros/humble/share/ament_lint_auto/cmake)
[3.140s] -- Added test 'cppcheck' to perform static code analysis on C / C++ code
[3.140s] -- Configured cppcheck include dirs: 
[3.140s] -- Configured cppcheck exclude dirs and/or files: 
[3.141s] -- Added test 'lint_cmake' to check CMake code style
[3.142s] -- Added test 'uncrustify' to check C / C++ code style
[3.142s] -- Configured uncrustify additional arguments: 
[3.142s] -- Added test 'xmllint' to check XML markup files
[3.143s] -- Configuring done
[3.198s] -- Generating done
[3.212s] -- Build files have been written to: /home/zc/code/ws_arm5dof/src/build/arm5dof_movegroup
[3.232s] Invoked command in '/home/zc/code/ws_arm5dof/src/build/arm5dof_movegroup' returned '0': AMENT_PREFIX_PATH=/home/zc/code/ws_arm5dof/src/install/arm5dof_target_detect:${AMENT_PREFIX_PATH} CMAKE_PREFIX_PATH=/home/zc/code/ws_arm5dof/src/install/arm5dof_target_detect:/home/zc/code/ws_arm5dof/install/moveit_task_constructor_visualization:/home/zc/code/ws_arm5dof/install/moveit_task_constructor_demo:/home/zc/code/ws_arm5dof/install/moveit_task_constructor_capabilities:/home/zc/code/ws_arm5dof/install/arm5dof_mtc:/home/zc/code/ws_arm5dof/install/moveit_task_constructor_core:/home/zc/code/ws_arm5dof/install/rviz_marker_tools:/home/zc/code/ws_arm5dof/install/moveit_task_constructor_msgs:/home/zc/code/ws_arm5dof/install/arm5dof_movegroup:/home/zc/code/ws_arm5dof/install/arm5dof_target_detect:/home/zc/code/ws_arm5dof/install/arm5dof_moveit_config:/home/zc/code/ws_arm5dof/install/arm5dof_description:/opt/ros/humble LD_LIBRARY_PATH=/home/zc/code/ws_arm5dof/src/install/arm5dof_target_detect/lib:${LD_LIBRARY_PATH} /usr/bin/cmake /home/zc/code/ws_arm5dof/src/arm5dof_movegroup -DCMAKE_INSTALL_PREFIX=/home/zc/code/ws_arm5dof/src/install/arm5dof_movegroup
[3.234s] Invoking command in '/home/zc/code/ws_arm5dof/src/build/arm5dof_movegroup': AMENT_PREFIX_PATH=/home/zc/code/ws_arm5dof/src/install/arm5dof_target_detect:${AMENT_PREFIX_PATH} CMAKE_PREFIX_PATH=/home/zc/code/ws_arm5dof/src/install/arm5dof_target_detect:/home/zc/code/ws_arm5dof/install/moveit_task_constructor_visualization:/home/zc/code/ws_arm5dof/install/moveit_task_constructor_demo:/home/zc/code/ws_arm5dof/install/moveit_task_constructor_capabilities:/home/zc/code/ws_arm5dof/install/arm5dof_mtc:/home/zc/code/ws_arm5dof/install/moveit_task_constructor_core:/home/zc/code/ws_arm5dof/install/rviz_marker_tools:/home/zc/code/ws_arm5dof/install/moveit_task_constructor_msgs:/home/zc/code/ws_arm5dof/install/arm5dof_movegroup:/home/zc/code/ws_arm5dof/install/arm5dof_target_detect:/home/zc/code/ws_arm5dof/install/arm5dof_moveit_config:/home/zc/code/ws_arm5dof/install/arm5dof_description:/opt/ros/humble LD_LIBRARY_PATH=/home/zc/code/ws_arm5dof/src/install/arm5dof_target_detect/lib:${LD_LIBRARY_PATH} /usr/bin/cmake --build /home/zc/code/ws_arm5dof/src/build/arm5dof_movegroup -- -j16 -l16
[3.288s] [ 66%] [32mBuilding CXX object CMakeFiles/move_group.dir/src/move_group_main.cpp.o[0m
[3.289s] [ 66%] [32mBuilding CXX object CMakeFiles/color_node.dir/src/color_detect.cpp.o[0m
[3.289s] [ 66%] [32mBuilding CXX object CMakeFiles/color_node.dir/src/color_detect_main.cpp.o[0m
[3.289s] [ 66%] [32mBuilding CXX object CMakeFiles/move_group.dir/src/move_group.cpp.o[0m
[7.178s] [01m[K/home/zc/code/ws_arm5dof/src/arm5dof_movegroup/src/move_group_main.cpp:[m[K In function ‘[01m[Kint main(int, char**)[m[K’:
[7.178s] [01m[K/home/zc/code/ws_arm5dof/src/arm5dof_movegroup/src/move_group_main.cpp:26:14:[m[K [01;35m[Kwarning: [m[Kvariable ‘[01m[Kblue_target_pose[m[K’ set but not used [[01;35m[K]8;;https://gcc.gnu.org/onlinedocs/gcc/Warning-Options.html#index-Wunused-but-set-variable-Wunused-but-set-variable]8;;[m[K]
[7.178s]    26 |   auto const [01;35m[Kblue_target_pose[m[K = [&]() {
[7.178s]       |              [01;35m[K^~~~~~~~~~~~~~~~[m[K
[7.178s] [01m[K/home/zc/code/ws_arm5dof/src/arm5dof_movegroup/src/move_group_main.cpp:35:14:[m[K [01;35m[Kwarning: [m[Kvariable ‘[01m[Kgreen_target_pose[m[K’ set but not used [[01;35m[K]8;;https://gcc.gnu.org/onlinedocs/gcc/Warning-Options.html#index-Wunused-but-set-variable-Wunused-but-set-variable]8;;[m[K]
[7.178s]    35 |   auto const [01;35m[Kgreen_target_pose[m[K = [&]() {
[7.178s]       |              [01;35m[K^~~~~~~~~~~~~~~~~[m[K
[17.272s] [ 83%] [32m[1mLinking CXX executable color_node[0m
[18.087s] [100%] [32m[1mLinking CXX executable move_group[0m
[19.332s] [100%] Built target move_group
[20.390s] [100%] Built target color_node
[20.404s] Invoked command in '/home/zc/code/ws_arm5dof/src/build/arm5dof_movegroup' returned '0': AMENT_PREFIX_PATH=/home/zc/code/ws_arm5dof/src/install/arm5dof_target_detect:${AMENT_PREFIX_PATH} CMAKE_PREFIX_PATH=/home/zc/code/ws_arm5dof/src/install/arm5dof_target_detect:/home/zc/code/ws_arm5dof/install/moveit_task_constructor_visualization:/home/zc/code/ws_arm5dof/install/moveit_task_constructor_demo:/home/zc/code/ws_arm5dof/install/moveit_task_constructor_capabilities:/home/zc/code/ws_arm5dof/install/arm5dof_mtc:/home/zc/code/ws_arm5dof/install/moveit_task_constructor_core:/home/zc/code/ws_arm5dof/install/rviz_marker_tools:/home/zc/code/ws_arm5dof/install/moveit_task_constructor_msgs:/home/zc/code/ws_arm5dof/install/arm5dof_movegroup:/home/zc/code/ws_arm5dof/install/arm5dof_target_detect:/home/zc/code/ws_arm5dof/install/arm5dof_moveit_config:/home/zc/code/ws_arm5dof/install/arm5dof_description:/opt/ros/humble LD_LIBRARY_PATH=/home/zc/code/ws_arm5dof/src/install/arm5dof_target_detect/lib:${LD_LIBRARY_PATH} /usr/bin/cmake --build /home/zc/code/ws_arm5dof/src/build/arm5dof_movegroup -- -j16 -l16
[20.406s] Invoking command in '/home/zc/code/ws_arm5dof/src/build/arm5dof_movegroup': AMENT_PREFIX_PATH=/home/zc/code/ws_arm5dof/src/install/arm5dof_target_detect:${AMENT_PREFIX_PATH} CMAKE_PREFIX_PATH=/home/zc/code/ws_arm5dof/src/install/arm5dof_target_detect:/home/zc/code/ws_arm5dof/install/moveit_task_constructor_visualization:/home/zc/code/ws_arm5dof/install/moveit_task_constructor_demo:/home/zc/code/ws_arm5dof/install/moveit_task_constructor_capabilities:/home/zc/code/ws_arm5dof/install/arm5dof_mtc:/home/zc/code/ws_arm5dof/install/moveit_task_constructor_core:/home/zc/code/ws_arm5dof/install/rviz_marker_tools:/home/zc/code/ws_arm5dof/install/moveit_task_constructor_msgs:/home/zc/code/ws_arm5dof/install/arm5dof_movegroup:/home/zc/code/ws_arm5dof/install/arm5dof_target_detect:/home/zc/code/ws_arm5dof/install/arm5dof_moveit_config:/home/zc/code/ws_arm5dof/install/arm5dof_description:/opt/ros/humble LD_LIBRARY_PATH=/home/zc/code/ws_arm5dof/src/install/arm5dof_target_detect/lib:${LD_LIBRARY_PATH} /usr/bin/cmake --install /home/zc/code/ws_arm5dof/src/build/arm5dof_movegroup
[20.416s] -- Install configuration: ""
[20.416s] -- Installing: /home/zc/code/ws_arm5dof/src/install/arm5dof_movegroup/lib/arm5dof_movegroup/color_node
[20.422s] -- Set runtime path of "/home/zc/code/ws_arm5dof/src/install/arm5dof_movegroup/lib/arm5dof_movegroup/color_node" to ""
[20.422s] -- Installing: /home/zc/code/ws_arm5dof/src/install/arm5dof_movegroup/lib/arm5dof_movegroup/move_group
[20.426s] -- Set runtime path of "/home/zc/code/ws_arm5dof/src/install/arm5dof_movegroup/lib/arm5dof_movegroup/move_group" to ""
[20.427s] -- Installing: /home/zc/code/ws_arm5dof/src/install/arm5dof_movegroup/share/ament_index/resource_index/package_run_dependencies/arm5dof_movegroup
[20.427s] -- Installing: /home/zc/code/ws_arm5dof/src/install/arm5dof_movegroup/share/ament_index/resource_index/parent_prefix_path/arm5dof_movegroup
[20.427s] -- Installing: /home/zc/code/ws_arm5dof/src/install/arm5dof_movegroup/share/arm5dof_movegroup/environment/ament_prefix_path.sh
[20.427s] -- Installing: /home/zc/code/ws_arm5dof/src/install/arm5dof_movegroup/share/arm5dof_movegroup/environment/ament_prefix_path.dsv
[20.427s] -- Installing: /home/zc/code/ws_arm5dof/src/install/arm5dof_movegroup/share/arm5dof_movegroup/environment/path.sh
[20.427s] -- Installing: /home/zc/code/ws_arm5dof/src/install/arm5dof_movegroup/share/arm5dof_movegroup/environment/path.dsv
[20.428s] -- Installing: /home/zc/code/ws_arm5dof/src/install/arm5dof_movegroup/share/arm5dof_movegroup/local_setup.bash
[20.428s] -- Installing: /home/zc/code/ws_arm5dof/src/install/arm5dof_movegroup/share/arm5dof_movegroup/local_setup.sh
[20.428s] -- Installing: /home/zc/code/ws_arm5dof/src/install/arm5dof_movegroup/share/arm5dof_movegroup/local_setup.zsh
[20.428s] -- Installing: /home/zc/code/ws_arm5dof/src/install/arm5dof_movegroup/share/arm5dof_movegroup/local_setup.dsv
[20.428s] -- Installing: /home/zc/code/ws_arm5dof/src/install/arm5dof_movegroup/share/arm5dof_movegroup/package.dsv
[20.429s] -- Installing: /home/zc/code/ws_arm5dof/src/install/arm5dof_movegroup/share/ament_index/resource_index/packages/arm5dof_movegroup
[20.429s] -- Installing: /home/zc/code/ws_arm5dof/src/install/arm5dof_movegroup/share/arm5dof_movegroup/cmake/arm5dof_movegroupConfig.cmake
[20.429s] -- Installing: /home/zc/code/ws_arm5dof/src/install/arm5dof_movegroup/share/arm5dof_movegroup/cmake/arm5dof_movegroupConfig-version.cmake
[20.429s] -- Installing: /home/zc/code/ws_arm5dof/src/install/arm5dof_movegroup/share/arm5dof_movegroup/package.xml
[20.432s] Invoked command in '/home/zc/code/ws_arm5dof/src/build/arm5dof_movegroup' returned '0': AMENT_PREFIX_PATH=/home/zc/code/ws_arm5dof/src/install/arm5dof_target_detect:${AMENT_PREFIX_PATH} CMAKE_PREFIX_PATH=/home/zc/code/ws_arm5dof/src/install/arm5dof_target_detect:/home/zc/code/ws_arm5dof/install/moveit_task_constructor_visualization:/home/zc/code/ws_arm5dof/install/moveit_task_constructor_demo:/home/zc/code/ws_arm5dof/install/moveit_task_constructor_capabilities:/home/zc/code/ws_arm5dof/install/arm5dof_mtc:/home/zc/code/ws_arm5dof/install/moveit_task_constructor_core:/home/zc/code/ws_arm5dof/install/rviz_marker_tools:/home/zc/code/ws_arm5dof/install/moveit_task_constructor_msgs:/home/zc/code/ws_arm5dof/install/arm5dof_movegroup:/home/zc/code/ws_arm5dof/install/arm5dof_target_detect:/home/zc/code/ws_arm5dof/install/arm5dof_moveit_config:/home/zc/code/ws_arm5dof/install/arm5dof_description:/opt/ros/humble LD_LIBRARY_PATH=/home/zc/code/ws_arm5dof/src/install/arm5dof_target_detect/lib:${LD_LIBRARY_PATH} /usr/bin/cmake --install /home/zc/code/ws_arm5dof/src/build/arm5dof_movegroup
