[0.015s] Invoking command in '/home/zc/code/ws_arm5dof/src/build/rviz_marker_tools': CMAKE_PREFIX_PATH=${CMAKE_PREFIX_PATH}:/opt/ros/humble /usr/bin/cmake /home/zc/code/ws_arm5dof/src/moveit_task_constructor/rviz_marker_tools -DCMAKE_INSTALL_PREFIX=/home/zc/code/ws_arm5dof/src/install/rviz_marker_tools
[0.058s] -- The C compiler identification is GNU 11.4.0
[0.097s] -- The CXX compiler identification is GNU 11.4.0
[0.102s] -- Detecting C compiler ABI info
[0.161s] -- Detecting C compiler ABI info - done
[0.165s] -- Check for working C compiler: /usr/bin/cc - skipped
[0.166s] -- Detecting C compile features
[0.166s] -- Detecting C compile features - done
[0.168s] -- Detecting CXX compiler ABI info
[0.231s] -- Detecting CXX compiler ABI info - done
[0.235s] -- Check for working CXX compiler: /usr/bin/c++ - skipped
[0.235s] -- Detecting CXX compile features
[0.236s] -- Detecting CXX compile features - done
[0.239s] -- Found ament_cmake: 1.3.12 (/opt/ros/humble/share/ament_cmake/cmake)
[0.345s] -- Found Python3: /usr/bin/python3 (found version "3.10.12") found components: Interpreter 
[0.426s] -- Found moveit_common: 2.5.9 (/opt/ros/humble/share/moveit_common/cmake)
[0.474s] [0mrviz_marker_tools: You did not request a specific build type: Choosing 'Release' for maximum performance[0m
[0.476s] -- Found eigen3_cmake_module: 0.1.1 (/opt/ros/humble/share/eigen3_cmake_module/cmake)
[0.482s] -- Found Eigen3: TRUE (found version "3.4.0") 
[0.485s] -- Found geometry_msgs: 4.9.0 (/opt/ros/humble/share/geometry_msgs/cmake)
[0.519s] -- Found rosidl_generator_c: 3.1.7 (/opt/ros/humble/share/rosidl_generator_c/cmake)
[0.524s] -- Found rosidl_adapter: 3.1.7 (/opt/ros/humble/share/rosidl_adapter/cmake)
[0.531s] -- Found rosidl_generator_cpp: 3.1.7 (/opt/ros/humble/share/rosidl_generator_cpp/cmake)
[0.541s] -- Using all available rosidl_typesupport_c: rosidl_typesupport_fastrtps_c;rosidl_typesupport_introspection_c
[0.554s] -- Using all available rosidl_typesupport_cpp: rosidl_typesupport_fastrtps_cpp;rosidl_typesupport_introspection_cpp
[0.583s] -- Found rclcpp: 16.0.15 (/opt/ros/humble/share/rclcpp/cmake)
[0.618s] -- Found rmw_implementation_cmake: 6.1.2 (/opt/ros/humble/share/rmw_implementation_cmake/cmake)
[0.621s] -- Found rmw_fastrtps_cpp: 6.2.9 (/opt/ros/humble/share/rmw_fastrtps_cpp/cmake)
[0.701s] -- Found OpenSSL: /usr/lib/x86_64-linux-gnu/libcrypto.so (found version "3.0.2")  
[0.725s] -- Found FastRTPS: /opt/ros/humble/include  
[0.761s] -- Using RMW implementation 'rmw_fastrtps_cpp' as default
[0.770s] -- Looking for pthread.h
[0.847s] -- Looking for pthread.h - found
[0.847s] -- Performing Test CMAKE_HAVE_LIBC_PTHREAD
[0.929s] -- Performing Test CMAKE_HAVE_LIBC_PTHREAD - Success
[0.930s] -- Found Threads: TRUE  
[0.959s] -- Found tf2_eigen: 0.25.16 (/opt/ros/humble/share/tf2_eigen/cmake)
[1.044s] -- Found visualization_msgs: 4.9.0 (/opt/ros/humble/share/visualization_msgs/cmake)
[1.073s] -- Configuring done
[1.082s] -- Generating done
[1.085s] -- Build files have been written to: /home/zc/code/ws_arm5dof/src/build/rviz_marker_tools
[1.094s] Invoked command in '/home/zc/code/ws_arm5dof/src/build/rviz_marker_tools' returned '0': CMAKE_PREFIX_PATH=${CMAKE_PREFIX_PATH}:/opt/ros/humble /usr/bin/cmake /home/zc/code/ws_arm5dof/src/moveit_task_constructor/rviz_marker_tools -DCMAKE_INSTALL_PREFIX=/home/zc/code/ws_arm5dof/src/install/rviz_marker_tools
[1.096s] Invoking command in '/home/zc/code/ws_arm5dof/src/build/rviz_marker_tools': CMAKE_PREFIX_PATH=${CMAKE_PREFIX_PATH}:/opt/ros/humble /usr/bin/cmake --build /home/zc/code/ws_arm5dof/src/build/rviz_marker_tools -- -j16 -l16
[1.144s] [ 50%] [32mBuilding CXX object CMakeFiles/rviz_marker_tools.dir/src/marker_creation.cpp.o[0m
[6.081s] [100%] [32m[1mLinking CXX shared library librviz_marker_tools.so[0m
[6.183s] [100%] Built target rviz_marker_tools
[6.193s] Invoked command in '/home/zc/code/ws_arm5dof/src/build/rviz_marker_tools' returned '0': CMAKE_PREFIX_PATH=${CMAKE_PREFIX_PATH}:/opt/ros/humble /usr/bin/cmake --build /home/zc/code/ws_arm5dof/src/build/rviz_marker_tools -- -j16 -l16
[6.194s] Invoking command in '/home/zc/code/ws_arm5dof/src/build/rviz_marker_tools': CMAKE_PREFIX_PATH=${CMAKE_PREFIX_PATH}:/opt/ros/humble /usr/bin/cmake --install /home/zc/code/ws_arm5dof/src/build/rviz_marker_tools
[6.201s] -- Install configuration: "Release"
[6.201s] -- Installing: /home/zc/code/ws_arm5dof/src/install/rviz_marker_tools/include
[6.201s] -- Installing: /home/zc/code/ws_arm5dof/src/install/rviz_marker_tools/include/rviz_marker_tools
[6.201s] -- Installing: /home/zc/code/ws_arm5dof/src/install/rviz_marker_tools/include/rviz_marker_tools/marker_creation.h
[6.201s] -- Installing: /home/zc/code/ws_arm5dof/src/install/rviz_marker_tools/lib/librviz_marker_tools.so
[6.202s] -- Set runtime path of "/home/zc/code/ws_arm5dof/src/install/rviz_marker_tools/lib/librviz_marker_tools.so" to ""
[6.202s] -- Installing: /home/zc/code/ws_arm5dof/src/install/rviz_marker_tools/share/rviz_marker_tools/environment/library_path.sh
[6.202s] -- Installing: /home/zc/code/ws_arm5dof/src/install/rviz_marker_tools/share/rviz_marker_tools/environment/library_path.dsv
[6.202s] -- Installing: /home/zc/code/ws_arm5dof/src/install/rviz_marker_tools/share/ament_index/resource_index/package_run_dependencies/rviz_marker_tools
[6.202s] -- Installing: /home/zc/code/ws_arm5dof/src/install/rviz_marker_tools/share/ament_index/resource_index/parent_prefix_path/rviz_marker_tools
[6.202s] -- Installing: /home/zc/code/ws_arm5dof/src/install/rviz_marker_tools/share/rviz_marker_tools/environment/ament_prefix_path.sh
[6.202s] -- Installing: /home/zc/code/ws_arm5dof/src/install/rviz_marker_tools/share/rviz_marker_tools/environment/ament_prefix_path.dsv
[6.202s] -- Installing: /home/zc/code/ws_arm5dof/src/install/rviz_marker_tools/share/rviz_marker_tools/environment/path.sh
[6.203s] -- Installing: /home/zc/code/ws_arm5dof/src/install/rviz_marker_tools/share/rviz_marker_tools/environment/path.dsv
[6.203s] -- Installing: /home/zc/code/ws_arm5dof/src/install/rviz_marker_tools/share/rviz_marker_tools/local_setup.bash
[6.203s] -- Installing: /home/zc/code/ws_arm5dof/src/install/rviz_marker_tools/share/rviz_marker_tools/local_setup.sh
[6.203s] -- Installing: /home/zc/code/ws_arm5dof/src/install/rviz_marker_tools/share/rviz_marker_tools/local_setup.zsh
[6.203s] -- Installing: /home/zc/code/ws_arm5dof/src/install/rviz_marker_tools/share/rviz_marker_tools/local_setup.dsv
[6.203s] -- Installing: /home/zc/code/ws_arm5dof/src/install/rviz_marker_tools/share/rviz_marker_tools/package.dsv
[6.203s] -- Installing: /home/zc/code/ws_arm5dof/src/install/rviz_marker_tools/share/ament_index/resource_index/packages/rviz_marker_tools
[6.203s] -- Installing: /home/zc/code/ws_arm5dof/src/install/rviz_marker_tools/share/rviz_marker_tools/cmake/rviz_marker_toolsTargetsExport.cmake
[6.203s] -- Installing: /home/zc/code/ws_arm5dof/src/install/rviz_marker_tools/share/rviz_marker_tools/cmake/rviz_marker_toolsTargetsExport-release.cmake
[6.203s] -- Installing: /home/zc/code/ws_arm5dof/src/install/rviz_marker_tools/share/rviz_marker_tools/cmake/ament_cmake_export_targets-extras.cmake
[6.204s] -- Installing: /home/zc/code/ws_arm5dof/src/install/rviz_marker_tools/share/rviz_marker_tools/cmake/ament_cmake_export_dependencies-extras.cmake
[6.204s] -- Installing: /home/zc/code/ws_arm5dof/src/install/rviz_marker_tools/share/rviz_marker_tools/cmake/rviz_marker_toolsConfig.cmake
[6.204s] -- Installing: /home/zc/code/ws_arm5dof/src/install/rviz_marker_tools/share/rviz_marker_tools/cmake/rviz_marker_toolsConfig-version.cmake
[6.204s] -- Installing: /home/zc/code/ws_arm5dof/src/install/rviz_marker_tools/share/rviz_marker_tools/package.xml
[6.206s] Invoked command in '/home/zc/code/ws_arm5dof/src/build/rviz_marker_tools' returned '0': CMAKE_PREFIX_PATH=${CMAKE_PREFIX_PATH}:/opt/ros/humble /usr/bin/cmake --install /home/zc/code/ws_arm5dof/src/build/rviz_marker_tools
