[0.013s] Invoking command in '/home/zc/code/ws_arm5dof/src/build/moveit_task_constructor_capabilities': AMENT_PREFIX_PATH=/home/zc/code/ws_arm5dof/src/install/moveit_task_constructor_core:/home/zc/code/ws_arm5dof/src/install/rviz_marker_tools:/home/zc/code/ws_arm5dof/src/install/moveit_task_constructor_msgs:${AMENT_PREFIX_PATH} CMAKE_MODULE_PATH=/home/zc/code/ws_arm5dof/src/install/moveit_task_constructor_core/share/moveit_task_constructor_core/cmake:${CMAKE_MODULE_PATH} CMAKE_PREFIX_PATH=/home/zc/code/ws_arm5dof/src/install/moveit_task_constructor_core:/home/zc/code/ws_arm5dof/src/install/rviz_marker_tools:/home/zc/code/ws_arm5dof/src/install/moveit_task_constructor_msgs:/home/zc/code/ws_arm5dof/install/moveit_task_constructor_visualization:/home/zc/code/ws_arm5dof/install/moveit_task_constructor_demo:/home/zc/code/ws_arm5dof/install/moveit_task_constructor_capabilities:/home/zc/code/ws_arm5dof/install/arm5dof_mtc:/home/zc/code/ws_arm5dof/install/moveit_task_constructor_core:/home/zc/code/ws_arm5dof/install/rviz_marker_tools:/home/zc/code/ws_arm5dof/install/moveit_task_constructor_msgs:/home/zc/code/ws_arm5dof/install/arm5dof_movegroup:/home/zc/code/ws_arm5dof/install/arm5dof_target_detect:/home/zc/code/ws_arm5dof/install/arm5dof_moveit_config:/home/zc/code/ws_arm5dof/install/arm5dof_description:/opt/ros/humble LD_LIBRARY_PATH=/home/zc/code/ws_arm5dof/src/install/moveit_task_constructor_core/lib:/home/zc/code/ws_arm5dof/src/install/rviz_marker_tools/lib:/home/zc/code/ws_arm5dof/src/install/moveit_task_constructor_msgs/lib:${LD_LIBRARY_PATH} PYTHONPATH=/home/zc/code/ws_arm5dof/src/install/moveit_task_constructor_core/local/lib/python3.10/dist-packages:/home/zc/code/ws_arm5dof/src/install/moveit_task_constructor_msgs/local/lib/python3.10/dist-packages:${PYTHONPATH} /usr/bin/cmake /home/zc/code/ws_arm5dof/src/moveit_task_constructor/capabilities -DCMAKE_INSTALL_PREFIX=/home/zc/code/ws_arm5dof/src/install/moveit_task_constructor_capabilities
[0.059s] -- The C compiler identification is GNU 11.4.0
[0.103s] -- The CXX compiler identification is GNU 11.4.0
[0.109s] -- Detecting C compiler ABI info
[0.166s] -- Detecting C compiler ABI info - done
[0.171s] -- Check for working C compiler: /usr/bin/cc - skipped
[0.171s] -- Detecting C compile features
[0.171s] -- Detecting C compile features - done
[0.173s] -- Detecting CXX compiler ABI info
[0.238s] -- Detecting CXX compiler ABI info - done
[0.242s] -- Check for working CXX compiler: /usr/bin/c++ - skipped
[0.242s] -- Detecting CXX compile features
[0.242s] -- Detecting CXX compile features - done
[0.245s] -- Found ament_cmake: 1.3.12 (/opt/ros/humble/share/ament_cmake/cmake)
[0.353s] -- Found Python3: /usr/bin/python3 (found version "3.10.12") found components: Interpreter 
[0.444s] -- Found Boost: /usr/lib/x86_64-linux-gnu/cmake/Boost-1.74.0/BoostConfig.cmake (found version "1.74.0")  
[0.446s] -- Found moveit_common: 2.5.9 (/opt/ros/humble/share/moveit_common/cmake)
[0.493s] [0mmoveit_task_constructor_capabilities: You did not request a specific build type: Choosing 'Release' for maximum performance[0m
[0.495s] -- Found moveit_core: 2.5.9 (/opt/ros/humble/share/moveit_core/cmake)
[0.700s] -- Found Boost: /usr/lib/x86_64-linux-gnu/cmake/Boost-1.74.0/BoostConfig.cmake (found version "1.74.0") found components: chrono date_time filesystem iostreams program_options regex serialization system thread 
[0.749s] -- Found parameter_traits: 0.5.0 (/opt/ros/humble/share/parameter_traits/cmake)
[0.790s] -- Found rosidl_generator_c: 3.1.7 (/opt/ros/humble/share/rosidl_generator_c/cmake)
[0.796s] -- Found rosidl_adapter: 3.1.7 (/opt/ros/humble/share/rosidl_adapter/cmake)
[0.804s] -- Found rosidl_generator_cpp: 3.1.7 (/opt/ros/humble/share/rosidl_generator_cpp/cmake)
[0.815s] -- Using all available rosidl_typesupport_c: rosidl_typesupport_fastrtps_c;rosidl_typesupport_introspection_c
[0.829s] -- Using all available rosidl_typesupport_cpp: rosidl_typesupport_fastrtps_cpp;rosidl_typesupport_introspection_cpp
[0.872s] -- Found rmw_implementation_cmake: 6.1.2 (/opt/ros/humble/share/rmw_implementation_cmake/cmake)
[0.876s] -- Found rmw_fastrtps_cpp: 6.2.9 (/opt/ros/humble/share/rmw_fastrtps_cpp/cmake)
[0.963s] -- Found OpenSSL: /usr/lib/x86_64-linux-gnu/libcrypto.so (found version "3.0.2")  
[0.985s] -- Found FastRTPS: /opt/ros/humble/include  
[1.021s] -- Using RMW implementation 'rmw_fastrtps_cpp' as default
[1.031s] -- Found Threads: TRUE  
[1.077s] -- Found rclcpp_lifecycle: 16.0.15 (/opt/ros/humble/share/rclcpp_lifecycle/cmake)
[1.098s] -- Found Boost: /usr/lib/x86_64-linux-gnu/cmake/Boost-1.74.0/BoostConfig.cmake (found version "1.74.0") found components: filesystem 
[1.201s] -- library: /usr/lib/x86_64-linux-gnu/libcurl.so
[1.251s] -- Found Eigen3: TRUE (found version "3.4.0") 
[1.251s] -- Ensuring Eigen3 include directory is part of orocos-kdl CMake target
[1.441s] -- Found moveit_ros_move_group: 2.5.9 (/opt/ros/humble/share/moveit_ros_move_group/cmake)
[1.444s] -- Found Boost: /usr/lib/x86_64-linux-gnu/cmake/Boost-1.74.0/BoostConfig.cmake (found version "1.74.0") found components: system filesystem date_time program_options thread 
[1.470s] -- Found Boost: /usr/lib/x86_64-linux-gnu/cmake/Boost-1.74.0/BoostConfig.cmake (found version "1.74.0") found components: system filesystem date_time program_options thread chrono 
[1.481s] -- Found moveit_task_constructor_core: 0.1.3 (/home/zc/code/ws_arm5dof/src/install/moveit_task_constructor_core/share/moveit_task_constructor_core/cmake)
[1.491s] -- Found Boost: /usr/lib/x86_64-linux-gnu/cmake/Boost-1.74.0/BoostConfig.cmake (found version "1.74.0") found components: date_time filesystem program_options system thread 
[1.501s] -- Found Boost: /usr/lib/x86_64-linux-gnu/cmake/Boost-1.74.0/BoostConfig.cmake (found version "1.74.0") found components: thread system filesystem regex date_time program_options 
[1.549s] -- Found ament_cmake_gtest: 1.3.12 (/opt/ros/humble/share/ament_cmake_gtest/cmake)
[1.551s] -- Found launch_testing_ament_cmake: 1.0.11 (/opt/ros/humble/share/launch_testing_ament_cmake/cmake)
[1.553s] -- Found python_cmake_module: 0.10.0 (/opt/ros/humble/share/python_cmake_module/cmake)
[1.572s] -- Found PythonInterp: /usr/bin/python3 (found suitable version "3.10.12", minimum required is "3.6") 
[1.576s] -- Found PythonLibs: /usr/lib/x86_64-linux-gnu/libpython3.10.so (found suitable version "3.10.12", minimum required is "3.5") 
[1.577s] -- Using PYTHON_EXECUTABLE: /usr/bin/python3
[1.577s] -- Using PYTHON_INCLUDE_DIRS: /usr/include/python3.10
[1.577s] -- Using PYTHON_LIBRARIES: /usr/lib/x86_64-linux-gnu/libpython3.10.so
[1.593s] -- Found PythonExtra: .so  
[1.596s] -- Found gtest sources under '/opt/ros/humble/src/gtest_vendor': C++ tests using 'Google Test' will be built
[1.603s] -- Configuring done
[1.637s] -- Generating done
[1.645s] -- Build files have been written to: /home/zc/code/ws_arm5dof/src/build/moveit_task_constructor_capabilities
[1.659s] Invoked command in '/home/zc/code/ws_arm5dof/src/build/moveit_task_constructor_capabilities' returned '0': AMENT_PREFIX_PATH=/home/zc/code/ws_arm5dof/src/install/moveit_task_constructor_core:/home/zc/code/ws_arm5dof/src/install/rviz_marker_tools:/home/zc/code/ws_arm5dof/src/install/moveit_task_constructor_msgs:${AMENT_PREFIX_PATH} CMAKE_MODULE_PATH=/home/zc/code/ws_arm5dof/src/install/moveit_task_constructor_core/share/moveit_task_constructor_core/cmake:${CMAKE_MODULE_PATH} CMAKE_PREFIX_PATH=/home/zc/code/ws_arm5dof/src/install/moveit_task_constructor_core:/home/zc/code/ws_arm5dof/src/install/rviz_marker_tools:/home/zc/code/ws_arm5dof/src/install/moveit_task_constructor_msgs:/home/zc/code/ws_arm5dof/install/moveit_task_constructor_visualization:/home/zc/code/ws_arm5dof/install/moveit_task_constructor_demo:/home/zc/code/ws_arm5dof/install/moveit_task_constructor_capabilities:/home/zc/code/ws_arm5dof/install/arm5dof_mtc:/home/zc/code/ws_arm5dof/install/moveit_task_constructor_core:/home/zc/code/ws_arm5dof/install/rviz_marker_tools:/home/zc/code/ws_arm5dof/install/moveit_task_constructor_msgs:/home/zc/code/ws_arm5dof/install/arm5dof_movegroup:/home/zc/code/ws_arm5dof/install/arm5dof_target_detect:/home/zc/code/ws_arm5dof/install/arm5dof_moveit_config:/home/zc/code/ws_arm5dof/install/arm5dof_description:/opt/ros/humble LD_LIBRARY_PATH=/home/zc/code/ws_arm5dof/src/install/moveit_task_constructor_core/lib:/home/zc/code/ws_arm5dof/src/install/rviz_marker_tools/lib:/home/zc/code/ws_arm5dof/src/install/moveit_task_constructor_msgs/lib:${LD_LIBRARY_PATH} PYTHONPATH=/home/zc/code/ws_arm5dof/src/install/moveit_task_constructor_core/local/lib/python3.10/dist-packages:/home/zc/code/ws_arm5dof/src/install/moveit_task_constructor_msgs/local/lib/python3.10/dist-packages:${PYTHONPATH} /usr/bin/cmake /home/zc/code/ws_arm5dof/src/moveit_task_constructor/capabilities -DCMAKE_INSTALL_PREFIX=/home/zc/code/ws_arm5dof/src/install/moveit_task_constructor_capabilities
[1.662s] Invoking command in '/home/zc/code/ws_arm5dof/src/build/moveit_task_constructor_capabilities': AMENT_PREFIX_PATH=/home/zc/code/ws_arm5dof/src/install/moveit_task_constructor_core:/home/zc/code/ws_arm5dof/src/install/rviz_marker_tools:/home/zc/code/ws_arm5dof/src/install/moveit_task_constructor_msgs:${AMENT_PREFIX_PATH} CMAKE_MODULE_PATH=/home/zc/code/ws_arm5dof/src/install/moveit_task_constructor_core/share/moveit_task_constructor_core/cmake:${CMAKE_MODULE_PATH} CMAKE_PREFIX_PATH=/home/zc/code/ws_arm5dof/src/install/moveit_task_constructor_core:/home/zc/code/ws_arm5dof/src/install/rviz_marker_tools:/home/zc/code/ws_arm5dof/src/install/moveit_task_constructor_msgs:/home/zc/code/ws_arm5dof/install/moveit_task_constructor_visualization:/home/zc/code/ws_arm5dof/install/moveit_task_constructor_demo:/home/zc/code/ws_arm5dof/install/moveit_task_constructor_capabilities:/home/zc/code/ws_arm5dof/install/arm5dof_mtc:/home/zc/code/ws_arm5dof/install/moveit_task_constructor_core:/home/zc/code/ws_arm5dof/install/rviz_marker_tools:/home/zc/code/ws_arm5dof/install/moveit_task_constructor_msgs:/home/zc/code/ws_arm5dof/install/arm5dof_movegroup:/home/zc/code/ws_arm5dof/install/arm5dof_target_detect:/home/zc/code/ws_arm5dof/install/arm5dof_moveit_config:/home/zc/code/ws_arm5dof/install/arm5dof_description:/opt/ros/humble LD_LIBRARY_PATH=/home/zc/code/ws_arm5dof/src/install/moveit_task_constructor_core/lib:/home/zc/code/ws_arm5dof/src/install/rviz_marker_tools/lib:/home/zc/code/ws_arm5dof/src/install/moveit_task_constructor_msgs/lib:${LD_LIBRARY_PATH} PYTHONPATH=/home/zc/code/ws_arm5dof/src/install/moveit_task_constructor_core/local/lib/python3.10/dist-packages:/home/zc/code/ws_arm5dof/src/install/moveit_task_constructor_msgs/local/lib/python3.10/dist-packages:${PYTHONPATH} /usr/bin/cmake --build /home/zc/code/ws_arm5dof/src/build/moveit_task_constructor_capabilities -- -j16 -l16
[1.710s] [ 37%] [32mBuilding CXX object gtest/CMakeFiles/gtest_main.dir/src/gtest_main.cc.o[0m
[1.711s] [ 37%] [32mBuilding CXX object CMakeFiles/moveit_task_constructor_capabilities.dir/src/execute_task_solution_capability.cpp.o[0m
[1.711s] [ 37%] [32mBuilding CXX object gtest/CMakeFiles/gtest.dir/src/gtest-all.cc.o[0m
[2.337s] [ 50%] [32m[1mLinking CXX static library libgtest_main.a[0m
[2.397s] [ 50%] Built target gtest_main
[8.630s] [ 62%] [32m[1mLinking CXX static library libgtest.a[0m
[8.720s] [ 62%] Built target gtest
[8.750s] [ 75%] [32mBuilding CXX object test/CMakeFiles/test_execution.dir/test_task_execution.cpp.o[0m
[14.512s] [ 87%] [32m[1mLinking CXX executable test_execution[0m
[14.771s] [ 87%] Built target test_execution
[15.228s] [100%] [32m[1mLinking CXX shared library libmoveit_task_constructor_capabilities.so[0m
[15.386s] [100%] Built target moveit_task_constructor_capabilities
[15.397s] Invoked command in '/home/zc/code/ws_arm5dof/src/build/moveit_task_constructor_capabilities' returned '0': AMENT_PREFIX_PATH=/home/zc/code/ws_arm5dof/src/install/moveit_task_constructor_core:/home/zc/code/ws_arm5dof/src/install/rviz_marker_tools:/home/zc/code/ws_arm5dof/src/install/moveit_task_constructor_msgs:${AMENT_PREFIX_PATH} CMAKE_MODULE_PATH=/home/zc/code/ws_arm5dof/src/install/moveit_task_constructor_core/share/moveit_task_constructor_core/cmake:${CMAKE_MODULE_PATH} CMAKE_PREFIX_PATH=/home/zc/code/ws_arm5dof/src/install/moveit_task_constructor_core:/home/zc/code/ws_arm5dof/src/install/rviz_marker_tools:/home/zc/code/ws_arm5dof/src/install/moveit_task_constructor_msgs:/home/zc/code/ws_arm5dof/install/moveit_task_constructor_visualization:/home/zc/code/ws_arm5dof/install/moveit_task_constructor_demo:/home/zc/code/ws_arm5dof/install/moveit_task_constructor_capabilities:/home/zc/code/ws_arm5dof/install/arm5dof_mtc:/home/zc/code/ws_arm5dof/install/moveit_task_constructor_core:/home/zc/code/ws_arm5dof/install/rviz_marker_tools:/home/zc/code/ws_arm5dof/install/moveit_task_constructor_msgs:/home/zc/code/ws_arm5dof/install/arm5dof_movegroup:/home/zc/code/ws_arm5dof/install/arm5dof_target_detect:/home/zc/code/ws_arm5dof/install/arm5dof_moveit_config:/home/zc/code/ws_arm5dof/install/arm5dof_description:/opt/ros/humble LD_LIBRARY_PATH=/home/zc/code/ws_arm5dof/src/install/moveit_task_constructor_core/lib:/home/zc/code/ws_arm5dof/src/install/rviz_marker_tools/lib:/home/zc/code/ws_arm5dof/src/install/moveit_task_constructor_msgs/lib:${LD_LIBRARY_PATH} PYTHONPATH=/home/zc/code/ws_arm5dof/src/install/moveit_task_constructor_core/local/lib/python3.10/dist-packages:/home/zc/code/ws_arm5dof/src/install/moveit_task_constructor_msgs/local/lib/python3.10/dist-packages:${PYTHONPATH} /usr/bin/cmake --build /home/zc/code/ws_arm5dof/src/build/moveit_task_constructor_capabilities -- -j16 -l16
[15.399s] Invoking command in '/home/zc/code/ws_arm5dof/src/build/moveit_task_constructor_capabilities': AMENT_PREFIX_PATH=/home/zc/code/ws_arm5dof/src/install/moveit_task_constructor_core:/home/zc/code/ws_arm5dof/src/install/rviz_marker_tools:/home/zc/code/ws_arm5dof/src/install/moveit_task_constructor_msgs:${AMENT_PREFIX_PATH} CMAKE_MODULE_PATH=/home/zc/code/ws_arm5dof/src/install/moveit_task_constructor_core/share/moveit_task_constructor_core/cmake:${CMAKE_MODULE_PATH} CMAKE_PREFIX_PATH=/home/zc/code/ws_arm5dof/src/install/moveit_task_constructor_core:/home/zc/code/ws_arm5dof/src/install/rviz_marker_tools:/home/zc/code/ws_arm5dof/src/install/moveit_task_constructor_msgs:/home/zc/code/ws_arm5dof/install/moveit_task_constructor_visualization:/home/zc/code/ws_arm5dof/install/moveit_task_constructor_demo:/home/zc/code/ws_arm5dof/install/moveit_task_constructor_capabilities:/home/zc/code/ws_arm5dof/install/arm5dof_mtc:/home/zc/code/ws_arm5dof/install/moveit_task_constructor_core:/home/zc/code/ws_arm5dof/install/rviz_marker_tools:/home/zc/code/ws_arm5dof/install/moveit_task_constructor_msgs:/home/zc/code/ws_arm5dof/install/arm5dof_movegroup:/home/zc/code/ws_arm5dof/install/arm5dof_target_detect:/home/zc/code/ws_arm5dof/install/arm5dof_moveit_config:/home/zc/code/ws_arm5dof/install/arm5dof_description:/opt/ros/humble LD_LIBRARY_PATH=/home/zc/code/ws_arm5dof/src/install/moveit_task_constructor_core/lib:/home/zc/code/ws_arm5dof/src/install/rviz_marker_tools/lib:/home/zc/code/ws_arm5dof/src/install/moveit_task_constructor_msgs/lib:${LD_LIBRARY_PATH} PYTHONPATH=/home/zc/code/ws_arm5dof/src/install/moveit_task_constructor_core/local/lib/python3.10/dist-packages:/home/zc/code/ws_arm5dof/src/install/moveit_task_constructor_msgs/local/lib/python3.10/dist-packages:${PYTHONPATH} /usr/bin/cmake --install /home/zc/code/ws_arm5dof/src/build/moveit_task_constructor_capabilities
[15.405s] -- Install configuration: "Release"
[15.406s] -- Installing: /home/zc/code/ws_arm5dof/src/install/moveit_task_constructor_capabilities/lib/libmoveit_task_constructor_capabilities.so
[15.406s] -- Set runtime path of "/home/zc/code/ws_arm5dof/src/install/moveit_task_constructor_capabilities/lib/libmoveit_task_constructor_capabilities.so" to ""
[15.406s] -- Installing: /home/zc/code/ws_arm5dof/src/install/moveit_task_constructor_capabilities/share/moveit_task_constructor_capabilities/capabilities_plugin_description.xml
[15.406s] -- Installing: /home/zc/code/ws_arm5dof/src/install/moveit_task_constructor_capabilities/share/ament_index/resource_index/package_run_dependencies/moveit_task_constructor_capabilities
[15.407s] -- Installing: /home/zc/code/ws_arm5dof/src/install/moveit_task_constructor_capabilities/share/ament_index/resource_index/parent_prefix_path/moveit_task_constructor_capabilities
[15.407s] -- Installing: /home/zc/code/ws_arm5dof/src/install/moveit_task_constructor_capabilities/share/moveit_task_constructor_capabilities/environment/ament_prefix_path.sh
[15.407s] -- Installing: /home/zc/code/ws_arm5dof/src/install/moveit_task_constructor_capabilities/share/moveit_task_constructor_capabilities/environment/ament_prefix_path.dsv
[15.407s] -- Installing: /home/zc/code/ws_arm5dof/src/install/moveit_task_constructor_capabilities/share/moveit_task_constructor_capabilities/environment/path.sh
[15.407s] -- Installing: /home/zc/code/ws_arm5dof/src/install/moveit_task_constructor_capabilities/share/moveit_task_constructor_capabilities/environment/path.dsv
[15.407s] -- Installing: /home/zc/code/ws_arm5dof/src/install/moveit_task_constructor_capabilities/share/moveit_task_constructor_capabilities/local_setup.bash
[15.407s] -- Installing: /home/zc/code/ws_arm5dof/src/install/moveit_task_constructor_capabilities/share/moveit_task_constructor_capabilities/local_setup.sh
[15.407s] -- Installing: /home/zc/code/ws_arm5dof/src/install/moveit_task_constructor_capabilities/share/moveit_task_constructor_capabilities/local_setup.zsh
[15.407s] -- Installing: /home/zc/code/ws_arm5dof/src/install/moveit_task_constructor_capabilities/share/moveit_task_constructor_capabilities/local_setup.dsv
[15.407s] -- Installing: /home/zc/code/ws_arm5dof/src/install/moveit_task_constructor_capabilities/share/moveit_task_constructor_capabilities/package.dsv
[15.407s] -- Installing: /home/zc/code/ws_arm5dof/src/install/moveit_task_constructor_capabilities/share/ament_index/resource_index/packages/moveit_task_constructor_capabilities
[15.408s] -- Installing: /home/zc/code/ws_arm5dof/src/install/moveit_task_constructor_capabilities/share/ament_index/resource_index/moveit_ros_move_group__pluginlib__plugin/moveit_task_constructor_capabilities
[15.408s] -- Installing: /home/zc/code/ws_arm5dof/src/install/moveit_task_constructor_capabilities/share/moveit_task_constructor_capabilities/cmake/ament_cmake_export_dependencies-extras.cmake
[15.408s] -- Installing: /home/zc/code/ws_arm5dof/src/install/moveit_task_constructor_capabilities/share/moveit_task_constructor_capabilities/cmake/moveit_task_constructor_capabilitiesConfig.cmake
[15.408s] -- Installing: /home/zc/code/ws_arm5dof/src/install/moveit_task_constructor_capabilities/share/moveit_task_constructor_capabilities/cmake/moveit_task_constructor_capabilitiesConfig-version.cmake
[15.408s] -- Installing: /home/zc/code/ws_arm5dof/src/install/moveit_task_constructor_capabilities/share/moveit_task_constructor_capabilities/package.xml
[15.410s] Invoked command in '/home/zc/code/ws_arm5dof/src/build/moveit_task_constructor_capabilities' returned '0': AMENT_PREFIX_PATH=/home/zc/code/ws_arm5dof/src/install/moveit_task_constructor_core:/home/zc/code/ws_arm5dof/src/install/rviz_marker_tools:/home/zc/code/ws_arm5dof/src/install/moveit_task_constructor_msgs:${AMENT_PREFIX_PATH} CMAKE_MODULE_PATH=/home/zc/code/ws_arm5dof/src/install/moveit_task_constructor_core/share/moveit_task_constructor_core/cmake:${CMAKE_MODULE_PATH} CMAKE_PREFIX_PATH=/home/zc/code/ws_arm5dof/src/install/moveit_task_constructor_core:/home/zc/code/ws_arm5dof/src/install/rviz_marker_tools:/home/zc/code/ws_arm5dof/src/install/moveit_task_constructor_msgs:/home/zc/code/ws_arm5dof/install/moveit_task_constructor_visualization:/home/zc/code/ws_arm5dof/install/moveit_task_constructor_demo:/home/zc/code/ws_arm5dof/install/moveit_task_constructor_capabilities:/home/zc/code/ws_arm5dof/install/arm5dof_mtc:/home/zc/code/ws_arm5dof/install/moveit_task_constructor_core:/home/zc/code/ws_arm5dof/install/rviz_marker_tools:/home/zc/code/ws_arm5dof/install/moveit_task_constructor_msgs:/home/zc/code/ws_arm5dof/install/arm5dof_movegroup:/home/zc/code/ws_arm5dof/install/arm5dof_target_detect:/home/zc/code/ws_arm5dof/install/arm5dof_moveit_config:/home/zc/code/ws_arm5dof/install/arm5dof_description:/opt/ros/humble LD_LIBRARY_PATH=/home/zc/code/ws_arm5dof/src/install/moveit_task_constructor_core/lib:/home/zc/code/ws_arm5dof/src/install/rviz_marker_tools/lib:/home/zc/code/ws_arm5dof/src/install/moveit_task_constructor_msgs/lib:${LD_LIBRARY_PATH} PYTHONPATH=/home/zc/code/ws_arm5dof/src/install/moveit_task_constructor_core/local/lib/python3.10/dist-packages:/home/zc/code/ws_arm5dof/src/install/moveit_task_constructor_msgs/local/lib/python3.10/dist-packages:${PYTHONPATH} /usr/bin/cmake --install /home/zc/code/ws_arm5dof/src/build/moveit_task_constructor_capabilities
