[0.012s] Invoking command in '/home/zc/code/ws_arm5dof/src/build/moveit_task_constructor_visualization': AMENT_PREFIX_PATH=/home/zc/code/ws_arm5dof/src/install/moveit_task_constructor_core:/home/zc/code/ws_arm5dof/src/install/rviz_marker_tools:/home/zc/code/ws_arm5dof/src/install/moveit_task_constructor_msgs:${AMENT_PREFIX_PATH} CMAKE_MODULE_PATH=/home/zc/code/ws_arm5dof/src/install/moveit_task_constructor_core/share/moveit_task_constructor_core/cmake:${CMAKE_MODULE_PATH} CMAKE_PREFIX_PATH=/home/zc/code/ws_arm5dof/src/install/moveit_task_constructor_core:/home/zc/code/ws_arm5dof/src/install/rviz_marker_tools:/home/zc/code/ws_arm5dof/src/install/moveit_task_constructor_msgs:/home/zc/code/ws_arm5dof/install/moveit_task_constructor_visualization:/home/zc/code/ws_arm5dof/install/moveit_task_constructor_demo:/home/zc/code/ws_arm5dof/install/moveit_task_constructor_capabilities:/home/zc/code/ws_arm5dof/install/arm5dof_mtc:/home/zc/code/ws_arm5dof/install/moveit_task_constructor_core:/home/zc/code/ws_arm5dof/install/rviz_marker_tools:/home/zc/code/ws_arm5dof/install/moveit_task_constructor_msgs:/home/zc/code/ws_arm5dof/install/arm5dof_movegroup:/home/zc/code/ws_arm5dof/install/arm5dof_target_detect:/home/zc/code/ws_arm5dof/install/arm5dof_moveit_config:/home/zc/code/ws_arm5dof/install/arm5dof_description:/opt/ros/humble LD_LIBRARY_PATH=/home/zc/code/ws_arm5dof/src/install/moveit_task_constructor_core/lib:/home/zc/code/ws_arm5dof/src/install/rviz_marker_tools/lib:/home/zc/code/ws_arm5dof/src/install/moveit_task_constructor_msgs/lib:${LD_LIBRARY_PATH} PYTHONPATH=/home/zc/code/ws_arm5dof/src/install/moveit_task_constructor_core/local/lib/python3.10/dist-packages:/home/zc/code/ws_arm5dof/src/install/moveit_task_constructor_msgs/local/lib/python3.10/dist-packages:${PYTHONPATH} /usr/bin/cmake /home/zc/code/ws_arm5dof/src/moveit_task_constructor/visualization -DCMAKE_INSTALL_PREFIX=/home/zc/code/ws_arm5dof/src/install/moveit_task_constructor_visualization
[0.056s] -- The C compiler identification is GNU 11.4.0
[0.099s] -- The CXX compiler identification is GNU 11.4.0
[0.104s] -- Detecting C compiler ABI info
[0.160s] -- Detecting C compiler ABI info - done
[0.165s] -- Check for working C compiler: /usr/bin/cc - skipped
[0.165s] -- Detecting C compile features
[0.165s] -- Detecting C compile features - done
[0.167s] -- Detecting CXX compiler ABI info
[0.232s] -- Detecting CXX compiler ABI info - done
[0.236s] -- Check for working CXX compiler: /usr/bin/c++ - skipped
[0.236s] -- Detecting CXX compile features
[0.237s] -- Detecting CXX compile features - done
[0.239s] -- Found ament_cmake: 1.3.12 (/opt/ros/humble/share/ament_cmake/cmake)
[0.347s] -- Found Python3: /usr/bin/python3 (found version "3.10.12") found components: Interpreter 
[0.437s] -- Found Boost: /usr/lib/x86_64-linux-gnu/cmake/Boost-1.74.0/BoostConfig.cmake (found version "1.74.0")  
[0.439s] -- Found moveit_common: 2.5.9 (/opt/ros/humble/share/moveit_common/cmake)
[0.487s] [0mmoveit_task_constructor_visualization: You did not request a specific build type: Choosing 'Release' for maximum performance[0m
[0.489s] -- Found moveit_core: 2.5.9 (/opt/ros/humble/share/moveit_core/cmake)
[0.693s] -- Found Boost: /usr/lib/x86_64-linux-gnu/cmake/Boost-1.74.0/BoostConfig.cmake (found version "1.74.0") found components: chrono date_time filesystem iostreams program_options regex serialization system thread 
[0.743s] -- Found parameter_traits: 0.5.0 (/opt/ros/humble/share/parameter_traits/cmake)
[0.784s] -- Found rosidl_generator_c: 3.1.7 (/opt/ros/humble/share/rosidl_generator_c/cmake)
[0.789s] -- Found rosidl_adapter: 3.1.7 (/opt/ros/humble/share/rosidl_adapter/cmake)
[0.797s] -- Found rosidl_generator_cpp: 3.1.7 (/opt/ros/humble/share/rosidl_generator_cpp/cmake)
[0.808s] -- Using all available rosidl_typesupport_c: rosidl_typesupport_fastrtps_c;rosidl_typesupport_introspection_c
[0.822s] -- Using all available rosidl_typesupport_cpp: rosidl_typesupport_fastrtps_cpp;rosidl_typesupport_introspection_cpp
[0.864s] -- Found rmw_implementation_cmake: 6.1.2 (/opt/ros/humble/share/rmw_implementation_cmake/cmake)
[0.867s] -- Found rmw_fastrtps_cpp: 6.2.9 (/opt/ros/humble/share/rmw_fastrtps_cpp/cmake)
[0.955s] -- Found OpenSSL: /usr/lib/x86_64-linux-gnu/libcrypto.so (found version "3.0.2")  
[0.975s] -- Found FastRTPS: /opt/ros/humble/include  
[1.011s] -- Using RMW implementation 'rmw_fastrtps_cpp' as default
[1.020s] -- Found Threads: TRUE  
[1.067s] -- Found rclcpp_lifecycle: 16.0.15 (/opt/ros/humble/share/rclcpp_lifecycle/cmake)
[1.086s] -- Found Boost: /usr/lib/x86_64-linux-gnu/cmake/Boost-1.74.0/BoostConfig.cmake (found version "1.74.0") found components: filesystem 
[1.187s] -- library: /usr/lib/x86_64-linux-gnu/libcurl.so
[1.238s] -- Found Eigen3: TRUE (found version "3.4.0") 
[1.238s] -- Ensuring Eigen3 include directory is part of orocos-kdl CMake target
[1.430s] -- Found moveit_ros_visualization: 2.5.9 (/opt/ros/humble/share/moveit_ros_visualization/cmake)
[1.433s] -- Found Boost: /usr/lib/x86_64-linux-gnu/cmake/Boost-1.74.0/BoostConfig.cmake (found version "1.74.0") found components: thread date_time system filesystem 
[1.444s] -- Found Boost: /usr/lib/x86_64-linux-gnu/cmake/Boost-1.74.0/BoostConfig.cmake (found version "1.74.0") found components: system filesystem date_time program_options thread chrono 
[1.467s] -- Found Boost: /usr/lib/x86_64-linux-gnu/cmake/Boost-1.74.0/BoostConfig.cmake (found version "1.74.0") found components: date_time filesystem program_options system thread 
[1.478s] -- Found Boost: /usr/lib/x86_64-linux-gnu/cmake/Boost-1.74.0/BoostConfig.cmake (found version "1.74.0") found components: thread system filesystem regex date_time program_options 
[1.495s] -- Found Boost: /usr/lib/x86_64-linux-gnu/cmake/Boost-1.74.0/BoostConfig.cmake (found version "1.74.0") found components: system filesystem date_time program_options thread 
[1.536s] -- Setting OGRE_DIR to: '/opt/ros/humble/share/rviz_ogre_vendor/cmake/../../../opt/rviz_ogre_vendor/lib/OGRE/cmake'
[1.537s] -- Found OGRE
[1.537s] --   static     : OFF
[1.537s] --   components : HLMS;MeshLodGenerator;Overlay;Paging;Property;RTShaderSystem;Terrain;Volume
[1.537s] --   plugins    : Plugin_BSPSceneManager;Plugin_OctreeSceneManager;Plugin_PCZSceneManager;Plugin_ParticleFX;RenderSystem_GL;RenderSystem_GL3Plus;Codec_STBI
[1.537s] --   media      : /opt/ros/humble/opt/rviz_ogre_vendor/share/OGRE/Media
[1.537s] -- OGRE_LIBRARIES: OgreHLMS;OgreMeshLodGenerator;OgreOverlay;OgrePaging;OgreProperty;OgreRTShaderSystem;OgreTerrain;OgreVolume;OgreMain
[1.538s] -- OGRE_LIBRARY_DIRS: /opt/ros/humble/opt/rviz_ogre_vendor/lib
[1.538s] -- OGRE_PLUGINS: Plugin_BSPSceneManager;Plugin_OctreeSceneManager;Plugin_PCZSceneManager;Plugin_ParticleFX;RenderSystem_GL;RenderSystem_GL3Plus;Codec_STBI
[1.538s] -- OGRE_PLUGIN_DIR: /opt/ros/humble/opt/rviz_ogre_vendor/lib/OGRE
[1.538s] -- rviz_ogre_vendor::OgreOverlay for IMPORTED_LOCATION_RELEASE: /opt/ros/humble/opt/rviz_ogre_vendor/lib/libOgreOverlay.so
[1.538s] -- rviz_ogre_vendor::OgreOverlay for IMPORTED_LOCATION_DEBUG: /opt/ros/humble/opt/rviz_ogre_vendor/lib/libOgreOverlay.so
[1.538s] -- rviz_ogre_vendor::OgreMain for IMPORTED_LOCATION_RELEASE: /opt/ros/humble/opt/rviz_ogre_vendor/lib/libOgreMain.so
[1.538s] -- rviz_ogre_vendor::OgreMain for IMPORTED_LOCATION_DEBUG: /opt/ros/humble/opt/rviz_ogre_vendor/lib/libOgreMain.so
[1.550s] -- Found ZLIB: /usr/lib/x86_64-linux-gnu/libz.so (found version "1.2.11") 
[1.554s] -- Found OpenGL: /usr/lib/x86_64-linux-gnu/libOpenGL.so   
[1.645s] -- Found X11: /usr/include   
[1.645s] -- Looking for XOpenDisplay in /usr/lib/x86_64-linux-gnu/libX11.so;/usr/lib/x86_64-linux-gnu/libXext.so
[1.729s] -- Looking for XOpenDisplay in /usr/lib/x86_64-linux-gnu/libX11.so;/usr/lib/x86_64-linux-gnu/libXext.so - found
[1.729s] -- Looking for gethostbyname
[1.812s] -- Looking for gethostbyname - found
[1.813s] -- Looking for connect
[1.894s] -- Looking for connect - found
[1.894s] -- Looking for remove
[1.980s] -- Looking for remove - found
[1.980s] -- Looking for shmat
[2.062s] -- Looking for shmat - found
[2.062s] -- Looking for IceConnectionNumber in ICE
[2.144s] -- Looking for IceConnectionNumber in ICE - found
[2.167s] -- Setting assimp_DIR to: '/opt/ros/humble/share/rviz_assimp_vendor/cmake/../../../opt/rviz_assimp_vendor/lib/cmake/assimp-4.1'
[2.235s] -- Found moveit_task_constructor_core: 0.1.3 (/home/zc/code/ws_arm5dof/src/install/moveit_task_constructor_core/share/moveit_task_constructor_core/cmake)
[2.286s] -- Found PkgConfig: /usr/bin/pkg-config (found version "0.29.2") 
[2.287s] -- Checking for module 'yaml-0.1'
[2.307s] --   Found yaml-0.1, version 0.2.2
[2.354s] -- Found ament_cmake_gtest: 1.3.12 (/opt/ros/humble/share/ament_cmake_gtest/cmake)
[2.358s] -- Found ament_cmake_gmock: 1.3.12 (/opt/ros/humble/share/ament_cmake_gmock/cmake)
[2.360s] -- Found launch_testing_ament_cmake: 1.0.11 (/opt/ros/humble/share/launch_testing_ament_cmake/cmake)
[2.363s] -- Found python_cmake_module: 0.10.0 (/opt/ros/humble/share/python_cmake_module/cmake)
[2.381s] -- Found PythonInterp: /usr/bin/python3 (found suitable version "3.10.12", minimum required is "3.6") 
[2.385s] -- Found PythonLibs: /usr/lib/x86_64-linux-gnu/libpython3.10.so (found suitable version "3.10.12", minimum required is "3.5") 
[2.385s] -- Using PYTHON_EXECUTABLE: /usr/bin/python3
[2.385s] -- Using PYTHON_INCLUDE_DIRS: /usr/include/python3.10
[2.386s] -- Using PYTHON_LIBRARIES: /usr/lib/x86_64-linux-gnu/libpython3.10.so
[2.403s] -- Found PythonExtra: .so  
[2.406s] -- Found gtest sources under '/opt/ros/humble/src/gtest_vendor': C++ tests using 'Google Test' will be built
[2.413s] -- Found gmock sources under '/opt/ros/humble/src/gmock_vendor': C++ tests using 'Google Mock' will be built
[2.421s] -- Configuring done
[2.580s] -- Generating done
[2.606s] -- Build files have been written to: /home/zc/code/ws_arm5dof/src/build/moveit_task_constructor_visualization
[2.631s] Invoked command in '/home/zc/code/ws_arm5dof/src/build/moveit_task_constructor_visualization' returned '0': AMENT_PREFIX_PATH=/home/zc/code/ws_arm5dof/src/install/moveit_task_constructor_core:/home/zc/code/ws_arm5dof/src/install/rviz_marker_tools:/home/zc/code/ws_arm5dof/src/install/moveit_task_constructor_msgs:${AMENT_PREFIX_PATH} CMAKE_MODULE_PATH=/home/zc/code/ws_arm5dof/src/install/moveit_task_constructor_core/share/moveit_task_constructor_core/cmake:${CMAKE_MODULE_PATH} CMAKE_PREFIX_PATH=/home/zc/code/ws_arm5dof/src/install/moveit_task_constructor_core:/home/zc/code/ws_arm5dof/src/install/rviz_marker_tools:/home/zc/code/ws_arm5dof/src/install/moveit_task_constructor_msgs:/home/zc/code/ws_arm5dof/install/moveit_task_constructor_visualization:/home/zc/code/ws_arm5dof/install/moveit_task_constructor_demo:/home/zc/code/ws_arm5dof/install/moveit_task_constructor_capabilities:/home/zc/code/ws_arm5dof/install/arm5dof_mtc:/home/zc/code/ws_arm5dof/install/moveit_task_constructor_core:/home/zc/code/ws_arm5dof/install/rviz_marker_tools:/home/zc/code/ws_arm5dof/install/moveit_task_constructor_msgs:/home/zc/code/ws_arm5dof/install/arm5dof_movegroup:/home/zc/code/ws_arm5dof/install/arm5dof_target_detect:/home/zc/code/ws_arm5dof/install/arm5dof_moveit_config:/home/zc/code/ws_arm5dof/install/arm5dof_description:/opt/ros/humble LD_LIBRARY_PATH=/home/zc/code/ws_arm5dof/src/install/moveit_task_constructor_core/lib:/home/zc/code/ws_arm5dof/src/install/rviz_marker_tools/lib:/home/zc/code/ws_arm5dof/src/install/moveit_task_constructor_msgs/lib:${LD_LIBRARY_PATH} PYTHONPATH=/home/zc/code/ws_arm5dof/src/install/moveit_task_constructor_core/local/lib/python3.10/dist-packages:/home/zc/code/ws_arm5dof/src/install/moveit_task_constructor_msgs/local/lib/python3.10/dist-packages:${PYTHONPATH} /usr/bin/cmake /home/zc/code/ws_arm5dof/src/moveit_task_constructor/visualization -DCMAKE_INSTALL_PREFIX=/home/zc/code/ws_arm5dof/src/install/moveit_task_constructor_visualization
[2.632s] Invoking command in '/home/zc/code/ws_arm5dof/src/build/moveit_task_constructor_visualization': AMENT_PREFIX_PATH=/home/zc/code/ws_arm5dof/src/install/moveit_task_constructor_core:/home/zc/code/ws_arm5dof/src/install/rviz_marker_tools:/home/zc/code/ws_arm5dof/src/install/moveit_task_constructor_msgs:${AMENT_PREFIX_PATH} CMAKE_MODULE_PATH=/home/zc/code/ws_arm5dof/src/install/moveit_task_constructor_core/share/moveit_task_constructor_core/cmake:${CMAKE_MODULE_PATH} CMAKE_PREFIX_PATH=/home/zc/code/ws_arm5dof/src/install/moveit_task_constructor_core:/home/zc/code/ws_arm5dof/src/install/rviz_marker_tools:/home/zc/code/ws_arm5dof/src/install/moveit_task_constructor_msgs:/home/zc/code/ws_arm5dof/install/moveit_task_constructor_visualization:/home/zc/code/ws_arm5dof/install/moveit_task_constructor_demo:/home/zc/code/ws_arm5dof/install/moveit_task_constructor_capabilities:/home/zc/code/ws_arm5dof/install/arm5dof_mtc:/home/zc/code/ws_arm5dof/install/moveit_task_constructor_core:/home/zc/code/ws_arm5dof/install/rviz_marker_tools:/home/zc/code/ws_arm5dof/install/moveit_task_constructor_msgs:/home/zc/code/ws_arm5dof/install/arm5dof_movegroup:/home/zc/code/ws_arm5dof/install/arm5dof_target_detect:/home/zc/code/ws_arm5dof/install/arm5dof_moveit_config:/home/zc/code/ws_arm5dof/install/arm5dof_description:/opt/ros/humble LD_LIBRARY_PATH=/home/zc/code/ws_arm5dof/src/install/moveit_task_constructor_core/lib:/home/zc/code/ws_arm5dof/src/install/rviz_marker_tools/lib:/home/zc/code/ws_arm5dof/src/install/moveit_task_constructor_msgs/lib:${LD_LIBRARY_PATH} PYTHONPATH=/home/zc/code/ws_arm5dof/src/install/moveit_task_constructor_core/local/lib/python3.10/dist-packages:/home/zc/code/ws_arm5dof/src/install/moveit_task_constructor_msgs/local/lib/python3.10/dist-packages:${PYTHONPATH} /usr/bin/cmake --build /home/zc/code/ws_arm5dof/src/build/moveit_task_constructor_visualization -- -j16 -l16
[2.687s] [  4%] [34m[1mAutomatic MOC for target motion_planning_tasks_utils[0m
[2.687s] [  4%] [34m[1mAutomatic MOC for target gtest[0m
[2.687s] [  4%] [34m[1mAutomatic MOC for target motion_planning_tasks_properties[0m
[2.687s] [  6%] [34m[1mAutomatic MOC for target moveit_task_visualization_tools[0m
[2.687s] [  7%] [34m[1mAutomatic MOC for target gmock[0m
[2.688s] [  9%] [34m[1mAutomatic MOC for target gmock_main[0m
[2.689s] [ 10%] [34m[1mAutomatic MOC for target gtest_main[0m
[2.717s] [ 10%] Built target gmock_main_autogen
[2.717s] [ 10%] Built target gmock_autogen
[2.718s] [ 10%] Built target motion_planning_tasks_properties_autogen
[2.718s] [ 10%] Built target gtest_autogen
[2.722s] [ 10%] Built target gtest_main_autogen
[2.744s] [ 16%] [32mBuilding CXX object gmock/CMakeFiles/gmock.dir/opt/ros/humble/src/gtest_vendor/src/gtest-all.cc.o[0m
[2.745s] [ 16%] [32mBuilding CXX object gmock/CMakeFiles/gmock.dir/gmock_autogen/mocs_compilation.cpp.o[0m
[2.748s] [ 16%] [32mBuilding CXX object gmock/CMakeFiles/gmock_main.dir/src/gmock_main.cc.o[0m
[2.750s] [ 16%] [32mBuilding CXX object gmock/CMakeFiles/gmock_main.dir/gmock_main_autogen/mocs_compilation.cpp.o[0m
[2.756s] [ 20%] [32mBuilding CXX object gmock/CMakeFiles/gmock.dir/src/gmock-all.cc.o[0m
[2.756s] [ 20%] [32mBuilding CXX object gtest/CMakeFiles/gtest.dir/gtest_autogen/mocs_compilation.cpp.o[0m
[2.756s] [ 21%] [32mBuilding CXX object gtest/CMakeFiles/gtest_main.dir/src/gtest_main.cc.o[0m
[2.756s] [ 24%] [32mBuilding CXX object gtest/CMakeFiles/gtest.dir/src/gtest-all.cc.o[0m
[2.756s] [ 26%] [32mBuilding CXX object motion_planning_tasks/properties/CMakeFiles/motion_planning_tasks_properties.dir/motion_planning_tasks_properties_autogen/mocs_compilation.cpp.o[0m
[2.756s] [ 27%] [32mBuilding CXX object motion_planning_tasks/properties/CMakeFiles/motion_planning_tasks_properties.dir/property_from_yaml.cpp.o[0m
[2.757s] [ 27%] [32mBuilding CXX object gtest/CMakeFiles/gtest_main.dir/gtest_main_autogen/mocs_compilation.cpp.o[0m
[2.769s] [ 29%] [32mBuilding CXX object motion_planning_tasks/properties/CMakeFiles/motion_planning_tasks_properties.dir/property_factory.cpp.o[0m
[2.888s] [ 29%] Built target motion_planning_tasks_utils_autogen
[2.926s] [ 32%] [32mBuilding CXX object motion_planning_tasks/utils/CMakeFiles/motion_planning_tasks_utils.dir/tree_merge_proxy_model.cpp.o[0m
[2.928s] [ 32%] [32mBuilding CXX object motion_planning_tasks/utils/CMakeFiles/motion_planning_tasks_utils.dir/motion_planning_tasks_utils_autogen/mocs_compilation.cpp.o[0m
[2.928s] [ 33%] [32mBuilding CXX object motion_planning_tasks/utils/CMakeFiles/motion_planning_tasks_utils.dir/flat_merge_proxy_model.cpp.o[0m
[2.942s] [ 35%] [32mBuilding CXX object motion_planning_tasks/utils/CMakeFiles/motion_planning_tasks_utils.dir/icon.cpp.o[0m
[3.016s] [ 35%] Built target moveit_task_visualization_tools_autogen
[3.047s] [ 36%] [32mBuilding CXX object visualization_tools/CMakeFiles/moveit_task_visualization_tools.dir/moveit_task_visualization_tools_autogen/mocs_compilation.cpp.o[0m
[3.055s] [ 38%] [32mBuilding CXX object visualization_tools/CMakeFiles/moveit_task_visualization_tools.dir/src/display_solution.cpp.o[0m
[3.059s] [ 40%] [32mBuilding CXX object visualization_tools/CMakeFiles/moveit_task_visualization_tools.dir/src/marker_visualization.cpp.o[0m
[3.069s] [ 41%] [32mBuilding CXX object visualization_tools/CMakeFiles/moveit_task_visualization_tools.dir/src/task_solution_panel.cpp.o[0m
[3.070s] [ 43%] [32mBuilding CXX object visualization_tools/CMakeFiles/moveit_task_visualization_tools.dir/src/task_solution_visualization.cpp.o[0m
[4.118s] [ 44%] [32m[1mLinking CXX static library libgtest_main.a[0m
[4.158s] [ 46%] [32m[1mLinking CXX static library libgmock_main.a[0m
[4.304s] [ 46%] Built target gtest_main
[4.327s] [ 46%] Built target gmock_main
[5.544s] [ 47%] [32m[1mLinking CXX shared library libmotion_planning_tasks_utils.so[0m
[5.969s] [ 47%] Built target motion_planning_tasks_utils
[6.996s] [ 49%] [32m[1mLinking CXX shared library libmotion_planning_tasks_properties.so[0m
[7.888s] [ 49%] Built target motion_planning_tasks_properties
[9.295s] [ 50%] [32m[1mLinking CXX static library libgtest.a[0m
[9.362s] [ 50%] Built target gtest
[9.383s] [ 52%] [34m[1mAutomatic MOC for target moveit_task_constructor_visualization-test-merge-models[0m
[9.414s] [ 52%] Built target moveit_task_constructor_visualization-test-merge-models_autogen
[9.436s] [ 53%] [32mBuilding CXX object motion_planning_tasks/test/CMakeFiles/moveit_task_constructor_visualization-test-merge-models.dir/moveit_task_constructor_visualization-test-merge-models_autogen/mocs_compilation.cpp.o[0m
[9.437s] [ 55%] [32mBuilding CXX object motion_planning_tasks/test/CMakeFiles/moveit_task_constructor_visualization-test-merge-models.dir/test_merge_models.cpp.o[0m
[10.152s] [ 56%] [32m[1mLinking CXX static library libgmock.a[0m
[10.223s] [ 56%] Built target gmock
[11.601s] [ 58%] [32m[1mLinking CXX executable moveit_task_constructor_visualization-test-merge-models[0m
[11.908s] [ 58%] Built target moveit_task_constructor_visualization-test-merge-models
[16.675s] [ 60%] [32m[1mLinking CXX shared library libmoveit_task_visualization_tools.so[0m
[19.284s] [ 60%] Built target moveit_task_visualization_tools
[19.308s] [ 61%] [34m[1mAutomatic MOC for target motion_planning_tasks_rviz_plugin[0m
[19.905s] [ 61%] Built target motion_planning_tasks_rviz_plugin_autogen
[19.919s] [ 64%] [34m[1mAutomatic RCC for resources.qrc[0m
[19.919s] [ 64%] [34m[1mGenerating ui_global_settings.h[0m
[19.919s] [ 66%] [34m[1mGenerating ui_task_view.h[0m
[19.919s] [ 67%] [34m[1mGenerating ui_task_panel.h[0m
[19.959s] [ 72%] [32mBuilding CXX object motion_planning_tasks/src/CMakeFiles/motion_planning_tasks_rviz_plugin.dir/job_queue.cpp.o[0m
[19.959s] [ 73%] [32mBuilding CXX object motion_planning_tasks/src/CMakeFiles/motion_planning_tasks_rviz_plugin.dir/local_task_model.cpp.o[0m
[19.959s] [ 73%] [32mBuilding CXX object motion_planning_tasks/src/CMakeFiles/motion_planning_tasks_rviz_plugin.dir/meta_task_list_model.cpp.o[0m
[19.959s] [ 73%] [32mBuilding CXX object motion_planning_tasks/src/CMakeFiles/motion_planning_tasks_rviz_plugin.dir/remote_task_model.cpp.o[0m
[19.959s] [ 75%] [32mBuilding CXX object motion_planning_tasks/src/CMakeFiles/motion_planning_tasks_rviz_plugin.dir/task_list_model.cpp.o[0m
[19.960s] [ 76%] [32mBuilding CXX object motion_planning_tasks/src/CMakeFiles/motion_planning_tasks_rviz_plugin.dir/plugin_init.cpp.o[0m
[19.961s] [ 78%] [32mBuilding CXX object motion_planning_tasks/src/CMakeFiles/motion_planning_tasks_rviz_plugin.dir/motion_planning_tasks_rviz_plugin_autogen/mocs_compilation.cpp.o[0m
[19.961s] [ 80%] [32mBuilding CXX object motion_planning_tasks/src/CMakeFiles/motion_planning_tasks_rviz_plugin.dir/factory_model.cpp.o[0m
[19.963s] [ 83%] [32mBuilding CXX object motion_planning_tasks/src/CMakeFiles/motion_planning_tasks_rviz_plugin.dir/task_display.cpp.o[0m
[19.963s] [ 83%] [32mBuilding CXX object motion_planning_tasks/src/CMakeFiles/motion_planning_tasks_rviz_plugin.dir/task_panel.cpp.o[0m
[19.963s] [ 84%] [32mBuilding CXX object motion_planning_tasks/src/CMakeFiles/motion_planning_tasks_rviz_plugin.dir/icons.cpp.o[0m
[19.967s] [ 86%] [32mBuilding CXX object motion_planning_tasks/src/CMakeFiles/motion_planning_tasks_rviz_plugin.dir/motion_planning_tasks_rviz_plugin_autogen/EWIEGA46WW/qrc_resources.cpp.o[0m
[42.080s] [ 87%] [32m[1mLinking CXX shared library libmotion_planning_tasks_rviz_plugin.so[0m
[43.902s] [ 87%] Built target motion_planning_tasks_rviz_plugin
[43.925s] [ 89%] [34m[1mAutomatic MOC for target moveit_task_constructor_visualization-test-solution-models[0m
[43.926s] [ 90%] [34m[1mAutomatic MOC for target moveit_task_constructor_visualization-test-task_model[0m
[43.953s] [ 90%] Built target moveit_task_constructor_visualization-test-task_model_autogen
[43.953s] [ 90%] Built target moveit_task_constructor_visualization-test-solution-models_autogen
[43.975s] [ 92%] [32mBuilding CXX object motion_planning_tasks/test/CMakeFiles/moveit_task_constructor_visualization-test-task_model.dir/moveit_task_constructor_visualization-test-task_model_autogen/mocs_compilation.cpp.o[0m
[43.976s] [ 93%] [32mBuilding CXX object motion_planning_tasks/test/CMakeFiles/moveit_task_constructor_visualization-test-task_model.dir/test_task_model.cpp.o[0m
[48.695s] [ 95%] [32m[1mLinking CXX executable moveit_task_constructor_visualization-test-task_model[0m
[49.220s] [ 95%] Built target moveit_task_constructor_visualization-test-task_model
[49.243s] [ 96%] [32mBuilding CXX object motion_planning_tasks/test/CMakeFiles/moveit_task_constructor_visualization-test-solution-models.dir/moveit_task_constructor_visualization-test-solution-models_autogen/mocs_compilation.cpp.o[0m
[49.244s] [ 98%] [32mBuilding CXX object motion_planning_tasks/test/CMakeFiles/moveit_task_constructor_visualization-test-solution-models.dir/test_solution_models.cpp.o[0m
[53.601s] [100%] [32m[1mLinking CXX executable moveit_task_constructor_visualization-test-solution-models[0m
[54.092s] [100%] Built target moveit_task_constructor_visualization-test-solution-models
[54.103s] Invoked command in '/home/zc/code/ws_arm5dof/src/build/moveit_task_constructor_visualization' returned '0': AMENT_PREFIX_PATH=/home/zc/code/ws_arm5dof/src/install/moveit_task_constructor_core:/home/zc/code/ws_arm5dof/src/install/rviz_marker_tools:/home/zc/code/ws_arm5dof/src/install/moveit_task_constructor_msgs:${AMENT_PREFIX_PATH} CMAKE_MODULE_PATH=/home/zc/code/ws_arm5dof/src/install/moveit_task_constructor_core/share/moveit_task_constructor_core/cmake:${CMAKE_MODULE_PATH} CMAKE_PREFIX_PATH=/home/zc/code/ws_arm5dof/src/install/moveit_task_constructor_core:/home/zc/code/ws_arm5dof/src/install/rviz_marker_tools:/home/zc/code/ws_arm5dof/src/install/moveit_task_constructor_msgs:/home/zc/code/ws_arm5dof/install/moveit_task_constructor_visualization:/home/zc/code/ws_arm5dof/install/moveit_task_constructor_demo:/home/zc/code/ws_arm5dof/install/moveit_task_constructor_capabilities:/home/zc/code/ws_arm5dof/install/arm5dof_mtc:/home/zc/code/ws_arm5dof/install/moveit_task_constructor_core:/home/zc/code/ws_arm5dof/install/rviz_marker_tools:/home/zc/code/ws_arm5dof/install/moveit_task_constructor_msgs:/home/zc/code/ws_arm5dof/install/arm5dof_movegroup:/home/zc/code/ws_arm5dof/install/arm5dof_target_detect:/home/zc/code/ws_arm5dof/install/arm5dof_moveit_config:/home/zc/code/ws_arm5dof/install/arm5dof_description:/opt/ros/humble LD_LIBRARY_PATH=/home/zc/code/ws_arm5dof/src/install/moveit_task_constructor_core/lib:/home/zc/code/ws_arm5dof/src/install/rviz_marker_tools/lib:/home/zc/code/ws_arm5dof/src/install/moveit_task_constructor_msgs/lib:${LD_LIBRARY_PATH} PYTHONPATH=/home/zc/code/ws_arm5dof/src/install/moveit_task_constructor_core/local/lib/python3.10/dist-packages:/home/zc/code/ws_arm5dof/src/install/moveit_task_constructor_msgs/local/lib/python3.10/dist-packages:${PYTHONPATH} /usr/bin/cmake --build /home/zc/code/ws_arm5dof/src/build/moveit_task_constructor_visualization -- -j16 -l16
[54.105s] Invoking command in '/home/zc/code/ws_arm5dof/src/build/moveit_task_constructor_visualization': AMENT_PREFIX_PATH=/home/zc/code/ws_arm5dof/src/install/moveit_task_constructor_core:/home/zc/code/ws_arm5dof/src/install/rviz_marker_tools:/home/zc/code/ws_arm5dof/src/install/moveit_task_constructor_msgs:${AMENT_PREFIX_PATH} CMAKE_MODULE_PATH=/home/zc/code/ws_arm5dof/src/install/moveit_task_constructor_core/share/moveit_task_constructor_core/cmake:${CMAKE_MODULE_PATH} CMAKE_PREFIX_PATH=/home/zc/code/ws_arm5dof/src/install/moveit_task_constructor_core:/home/zc/code/ws_arm5dof/src/install/rviz_marker_tools:/home/zc/code/ws_arm5dof/src/install/moveit_task_constructor_msgs:/home/zc/code/ws_arm5dof/install/moveit_task_constructor_visualization:/home/zc/code/ws_arm5dof/install/moveit_task_constructor_demo:/home/zc/code/ws_arm5dof/install/moveit_task_constructor_capabilities:/home/zc/code/ws_arm5dof/install/arm5dof_mtc:/home/zc/code/ws_arm5dof/install/moveit_task_constructor_core:/home/zc/code/ws_arm5dof/install/rviz_marker_tools:/home/zc/code/ws_arm5dof/install/moveit_task_constructor_msgs:/home/zc/code/ws_arm5dof/install/arm5dof_movegroup:/home/zc/code/ws_arm5dof/install/arm5dof_target_detect:/home/zc/code/ws_arm5dof/install/arm5dof_moveit_config:/home/zc/code/ws_arm5dof/install/arm5dof_description:/opt/ros/humble LD_LIBRARY_PATH=/home/zc/code/ws_arm5dof/src/install/moveit_task_constructor_core/lib:/home/zc/code/ws_arm5dof/src/install/rviz_marker_tools/lib:/home/zc/code/ws_arm5dof/src/install/moveit_task_constructor_msgs/lib:${LD_LIBRARY_PATH} PYTHONPATH=/home/zc/code/ws_arm5dof/src/install/moveit_task_constructor_core/local/lib/python3.10/dist-packages:/home/zc/code/ws_arm5dof/src/install/moveit_task_constructor_msgs/local/lib/python3.10/dist-packages:${PYTHONPATH} /usr/bin/cmake --install /home/zc/code/ws_arm5dof/src/build/moveit_task_constructor_visualization
[54.112s] -- Install configuration: "Release"
[54.112s] -- Installing: /home/zc/code/ws_arm5dof/src/install/moveit_task_constructor_visualization/include
[54.112s] -- Installing: /home/zc/code/ws_arm5dof/src/install/moveit_task_constructor_visualization/include/moveit
[54.112s] -- Installing: /home/zc/code/ws_arm5dof/src/install/moveit_task_constructor_visualization/include/moveit/visualization_tools
[54.112s] -- Installing: /home/zc/code/ws_arm5dof/src/install/moveit_task_constructor_visualization/include/moveit/visualization_tools/task_solution_visualization.h
[54.112s] -- Installing: /home/zc/code/ws_arm5dof/src/install/moveit_task_constructor_visualization/include/moveit/visualization_tools/display_solution.h
[54.112s] -- Installing: /home/zc/code/ws_arm5dof/src/install/moveit_task_constructor_visualization/include/moveit/visualization_tools/marker_visualization.h
[54.112s] -- Installing: /home/zc/code/ws_arm5dof/src/install/moveit_task_constructor_visualization/include/moveit/visualization_tools/task_solution_panel.h
[54.112s] -- Installing: /home/zc/code/ws_arm5dof/src/install/moveit_task_constructor_visualization/lib/libmoveit_task_visualization_tools.so.0.1.3
[54.113s] -- Set runtime path of "/home/zc/code/ws_arm5dof/src/install/moveit_task_constructor_visualization/lib/libmoveit_task_visualization_tools.so.0.1.3" to ""
[54.113s] -- Installing: /home/zc/code/ws_arm5dof/src/install/moveit_task_constructor_visualization/lib/libmoveit_task_visualization_tools.so
[54.113s] -- Installing: /home/zc/code/ws_arm5dof/src/install/moveit_task_constructor_visualization/lib/libmotion_planning_tasks_utils.so
[54.114s] -- Installing: /home/zc/code/ws_arm5dof/src/install/moveit_task_constructor_visualization/lib/libmotion_planning_tasks_properties.so
[54.114s] -- Set runtime path of "/home/zc/code/ws_arm5dof/src/install/moveit_task_constructor_visualization/lib/libmotion_planning_tasks_properties.so" to ""
[54.114s] -- Installing: /home/zc/code/ws_arm5dof/src/install/moveit_task_constructor_visualization/lib/libmotion_planning_tasks_rviz_plugin.so.0.1.3
[54.118s] -- Set runtime path of "/home/zc/code/ws_arm5dof/src/install/moveit_task_constructor_visualization/lib/libmotion_planning_tasks_rviz_plugin.so.0.1.3" to ""
[54.118s] -- Installing: /home/zc/code/ws_arm5dof/src/install/moveit_task_constructor_visualization/lib/libmotion_planning_tasks_rviz_plugin.so
[54.118s] -- Installing: /home/zc/code/ws_arm5dof/src/install/moveit_task_constructor_visualization/share/icons
[54.119s] -- Installing: /home/zc/code/ws_arm5dof/src/install/moveit_task_constructor_visualization/share/icons/classes
[54.119s] -- Installing: /home/zc/code/ws_arm5dof/src/install/moveit_task_constructor_visualization/share/icons/classes/Motion Planning Tasks.svg
[54.119s] -- Installing: /home/zc/code/ws_arm5dof/src/install/moveit_task_constructor_visualization/share/moveit_task_constructor_visualization/motion_planning_tasks_rviz_plugin_description.xml
[54.119s] -- Installing: /home/zc/code/ws_arm5dof/src/install/moveit_task_constructor_visualization/share/moveit_task_constructor_visualization/environment/library_path.sh
[54.119s] -- Installing: /home/zc/code/ws_arm5dof/src/install/moveit_task_constructor_visualization/share/moveit_task_constructor_visualization/environment/library_path.dsv
[54.119s] -- Installing: /home/zc/code/ws_arm5dof/src/install/moveit_task_constructor_visualization/share/ament_index/resource_index/package_run_dependencies/moveit_task_constructor_visualization
[54.119s] -- Installing: /home/zc/code/ws_arm5dof/src/install/moveit_task_constructor_visualization/share/ament_index/resource_index/parent_prefix_path/moveit_task_constructor_visualization
[54.119s] -- Installing: /home/zc/code/ws_arm5dof/src/install/moveit_task_constructor_visualization/share/moveit_task_constructor_visualization/environment/ament_prefix_path.sh
[54.119s] -- Installing: /home/zc/code/ws_arm5dof/src/install/moveit_task_constructor_visualization/share/moveit_task_constructor_visualization/environment/ament_prefix_path.dsv
[54.120s] -- Installing: /home/zc/code/ws_arm5dof/src/install/moveit_task_constructor_visualization/share/moveit_task_constructor_visualization/environment/path.sh
[54.120s] -- Installing: /home/zc/code/ws_arm5dof/src/install/moveit_task_constructor_visualization/share/moveit_task_constructor_visualization/environment/path.dsv
[54.120s] -- Installing: /home/zc/code/ws_arm5dof/src/install/moveit_task_constructor_visualization/share/moveit_task_constructor_visualization/local_setup.bash
[54.120s] -- Installing: /home/zc/code/ws_arm5dof/src/install/moveit_task_constructor_visualization/share/moveit_task_constructor_visualization/local_setup.sh
[54.120s] -- Installing: /home/zc/code/ws_arm5dof/src/install/moveit_task_constructor_visualization/share/moveit_task_constructor_visualization/local_setup.zsh
[54.120s] -- Installing: /home/zc/code/ws_arm5dof/src/install/moveit_task_constructor_visualization/share/moveit_task_constructor_visualization/local_setup.dsv
[54.120s] -- Installing: /home/zc/code/ws_arm5dof/src/install/moveit_task_constructor_visualization/share/moveit_task_constructor_visualization/package.dsv
[54.120s] -- Installing: /home/zc/code/ws_arm5dof/src/install/moveit_task_constructor_visualization/share/ament_index/resource_index/packages/moveit_task_constructor_visualization
[54.120s] -- Installing: /home/zc/code/ws_arm5dof/src/install/moveit_task_constructor_visualization/share/ament_index/resource_index/rviz_common__pluginlib__plugin/moveit_task_constructor_visualization
[54.120s] -- Installing: /home/zc/code/ws_arm5dof/src/install/moveit_task_constructor_visualization/share/moveit_task_constructor_visualization/cmake/ament_cmake_export_include_directories-extras.cmake
[54.121s] -- Installing: /home/zc/code/ws_arm5dof/src/install/moveit_task_constructor_visualization/share/moveit_task_constructor_visualization/cmake/ament_cmake_export_libraries-extras.cmake
[54.121s] -- Installing: /home/zc/code/ws_arm5dof/src/install/moveit_task_constructor_visualization/share/moveit_task_constructor_visualization/cmake/ament_cmake_export_dependencies-extras.cmake
[54.121s] -- Installing: /home/zc/code/ws_arm5dof/src/install/moveit_task_constructor_visualization/share/moveit_task_constructor_visualization/cmake/moveit_task_constructor_visualizationConfig.cmake
[54.121s] -- Installing: /home/zc/code/ws_arm5dof/src/install/moveit_task_constructor_visualization/share/moveit_task_constructor_visualization/cmake/moveit_task_constructor_visualizationConfig-version.cmake
[54.121s] -- Installing: /home/zc/code/ws_arm5dof/src/install/moveit_task_constructor_visualization/share/moveit_task_constructor_visualization/package.xml
[54.122s] Invoked command in '/home/zc/code/ws_arm5dof/src/build/moveit_task_constructor_visualization' returned '0': AMENT_PREFIX_PATH=/home/zc/code/ws_arm5dof/src/install/moveit_task_constructor_core:/home/zc/code/ws_arm5dof/src/install/rviz_marker_tools:/home/zc/code/ws_arm5dof/src/install/moveit_task_constructor_msgs:${AMENT_PREFIX_PATH} CMAKE_MODULE_PATH=/home/zc/code/ws_arm5dof/src/install/moveit_task_constructor_core/share/moveit_task_constructor_core/cmake:${CMAKE_MODULE_PATH} CMAKE_PREFIX_PATH=/home/zc/code/ws_arm5dof/src/install/moveit_task_constructor_core:/home/zc/code/ws_arm5dof/src/install/rviz_marker_tools:/home/zc/code/ws_arm5dof/src/install/moveit_task_constructor_msgs:/home/zc/code/ws_arm5dof/install/moveit_task_constructor_visualization:/home/zc/code/ws_arm5dof/install/moveit_task_constructor_demo:/home/zc/code/ws_arm5dof/install/moveit_task_constructor_capabilities:/home/zc/code/ws_arm5dof/install/arm5dof_mtc:/home/zc/code/ws_arm5dof/install/moveit_task_constructor_core:/home/zc/code/ws_arm5dof/install/rviz_marker_tools:/home/zc/code/ws_arm5dof/install/moveit_task_constructor_msgs:/home/zc/code/ws_arm5dof/install/arm5dof_movegroup:/home/zc/code/ws_arm5dof/install/arm5dof_target_detect:/home/zc/code/ws_arm5dof/install/arm5dof_moveit_config:/home/zc/code/ws_arm5dof/install/arm5dof_description:/opt/ros/humble LD_LIBRARY_PATH=/home/zc/code/ws_arm5dof/src/install/moveit_task_constructor_core/lib:/home/zc/code/ws_arm5dof/src/install/rviz_marker_tools/lib:/home/zc/code/ws_arm5dof/src/install/moveit_task_constructor_msgs/lib:${LD_LIBRARY_PATH} PYTHONPATH=/home/zc/code/ws_arm5dof/src/install/moveit_task_constructor_core/local/lib/python3.10/dist-packages:/home/zc/code/ws_arm5dof/src/install/moveit_task_constructor_msgs/local/lib/python3.10/dist-packages:${PYTHONPATH} /usr/bin/cmake --install /home/zc/code/ws_arm5dof/src/build/moveit_task_constructor_visualization
