[0.015s] Invoking command in '/home/zc/code/ws_arm5dof/src/build/arm5dof_description': CMAKE_PREFIX_PATH=${CMAKE_PREFIX_PATH}:/opt/ros/humble /usr/bin/cmake /home/zc/code/ws_arm5dof/src/arm5dof_description -DCMAKE_INSTALL_PREFIX=/home/zc/code/ws_arm5dof/src/install/arm5dof_description
[0.054s] -- The C compiler identification is GNU 11.4.0
[0.095s] -- The CXX compiler identification is GNU 11.4.0
[0.100s] -- Detecting C compiler ABI info
[0.158s] -- Detecting C compiler ABI info - done
[0.162s] -- Check for working C compiler: /usr/bin/cc - skipped
[0.163s] -- Detecting C compile features
[0.163s] -- Detecting C compile features - done
[0.165s] -- Detecting CXX compiler ABI info
[0.228s] -- Detecting CXX compiler ABI info - done
[0.233s] -- Check for working CXX compiler: /usr/bin/c++ - skipped
[0.234s] -- Detecting CXX compile features
[0.234s] -- Detecting CXX compile features - done
[0.237s] -- Found ament_cmake: 1.3.12 (/opt/ros/humble/share/ament_cmake/cmake)
[0.341s] -- Found Python3: /usr/bin/python3 (found version "3.10.12") found components: Interpreter 
[0.420s] -- Found rclcpp: 16.0.15 (/opt/ros/humble/share/rclcpp/cmake)
[0.463s] -- Found rosidl_generator_c: 3.1.7 (/opt/ros/humble/share/rosidl_generator_c/cmake)
[0.468s] -- Found rosidl_adapter: 3.1.7 (/opt/ros/humble/share/rosidl_adapter/cmake)
[0.475s] -- Found rosidl_generator_cpp: 3.1.7 (/opt/ros/humble/share/rosidl_generator_cpp/cmake)
[0.485s] -- Using all available rosidl_typesupport_c: rosidl_typesupport_fastrtps_c;rosidl_typesupport_introspection_c
[0.498s] -- Using all available rosidl_typesupport_cpp: rosidl_typesupport_fastrtps_cpp;rosidl_typesupport_introspection_cpp
[0.537s] -- Found rmw_implementation_cmake: 6.1.2 (/opt/ros/humble/share/rmw_implementation_cmake/cmake)
[0.540s] -- Found rmw_fastrtps_cpp: 6.2.9 (/opt/ros/humble/share/rmw_fastrtps_cpp/cmake)
[0.621s] -- Found OpenSSL: /usr/lib/x86_64-linux-gnu/libcrypto.so (found version "3.0.2")  
[0.643s] -- Found FastRTPS: /opt/ros/humble/include  
[0.678s] -- Using RMW implementation 'rmw_fastrtps_cpp' as default
[0.685s] -- Looking for pthread.h
[0.750s] -- Looking for pthread.h - found
[0.750s] -- Performing Test CMAKE_HAVE_LIBC_PTHREAD
[0.811s] -- Performing Test CMAKE_HAVE_LIBC_PTHREAD - Success
[0.812s] -- Found Threads: TRUE  
[0.852s] -- Found sensor_msgs: 4.9.0 (/opt/ros/humble/share/sensor_msgs/cmake)
[0.875s] -- Found moveit_ros_planning_interface: 2.5.9 (/opt/ros/humble/share/moveit_ros_planning_interface/cmake)
[0.897s] -- Found Boost: /usr/lib/x86_64-linux-gnu/cmake/Boost-1.74.0/BoostConfig.cmake (found version "1.74.0") found components: date_time filesystem program_options system thread 
[1.004s] -- Found Boost: /usr/lib/x86_64-linux-gnu/cmake/Boost-1.74.0/BoostConfig.cmake (found version "1.74.0") found components: chrono date_time filesystem iostreams program_options regex serialization system thread 
[1.043s] -- Found parameter_traits: 0.5.0 (/opt/ros/humble/share/parameter_traits/cmake)
[1.055s] -- Found rclcpp_lifecycle: 16.0.15 (/opt/ros/humble/share/rclcpp_lifecycle/cmake)
[1.074s] -- Found Boost: /usr/lib/x86_64-linux-gnu/cmake/Boost-1.74.0/BoostConfig.cmake (found version "1.74.0") found components: filesystem 
[1.165s] -- library: /usr/lib/x86_64-linux-gnu/libcurl.so
[1.192s] -- Found Eigen3: TRUE (found version "3.4.0") 
[1.192s] -- Ensuring Eigen3 include directory is part of orocos-kdl CMake target
[1.306s] -- Found Boost: /usr/lib/x86_64-linux-gnu/cmake/Boost-1.74.0/BoostConfig.cmake (found version "1.74.0") found components: system filesystem date_time program_options thread chrono 
[1.329s] -- Found Boost: /usr/lib/x86_64-linux-gnu/cmake/Boost-1.74.0/BoostConfig.cmake (found version "1.74.0") found components: thread system filesystem regex date_time program_options 
[1.346s] -- Found Boost: /usr/lib/x86_64-linux-gnu/cmake/Boost-1.74.0/BoostConfig.cmake (found version "1.74.0") found components: system filesystem date_time program_options thread 
[1.367s] -- Found ament_lint_auto: 0.12.14 (/opt/ros/humble/share/ament_lint_auto/cmake)
[1.435s] -- Added test 'flake8' to check Python code syntax and style conventions
[1.436s] -- Added test 'lint_cmake' to check CMake code style
[1.437s] -- Added test 'pep257' to check Python code against some of the docstring style conventions in PEP 257
[1.439s] -- Added test 'xmllint' to check XML markup files
[1.441s] -- Configuring done
[1.449s] -- Generating done
[1.452s] -- Build files have been written to: /home/zc/code/ws_arm5dof/src/build/arm5dof_description
[1.465s] Invoked command in '/home/zc/code/ws_arm5dof/src/build/arm5dof_description' returned '0': CMAKE_PREFIX_PATH=${CMAKE_PREFIX_PATH}:/opt/ros/humble /usr/bin/cmake /home/zc/code/ws_arm5dof/src/arm5dof_description -DCMAKE_INSTALL_PREFIX=/home/zc/code/ws_arm5dof/src/install/arm5dof_description
[1.467s] Invoking command in '/home/zc/code/ws_arm5dof/src/build/arm5dof_description': CMAKE_PREFIX_PATH=${CMAKE_PREFIX_PATH}:/opt/ros/humble /usr/bin/cmake --build /home/zc/code/ws_arm5dof/src/build/arm5dof_description -- -j16 -l16
[1.508s] Invoked command in '/home/zc/code/ws_arm5dof/src/build/arm5dof_description' returned '0': CMAKE_PREFIX_PATH=${CMAKE_PREFIX_PATH}:/opt/ros/humble /usr/bin/cmake --build /home/zc/code/ws_arm5dof/src/build/arm5dof_description -- -j16 -l16
[1.519s] Invoking command in '/home/zc/code/ws_arm5dof/src/build/arm5dof_description': CMAKE_PREFIX_PATH=${CMAKE_PREFIX_PATH}:/opt/ros/humble /usr/bin/cmake --install /home/zc/code/ws_arm5dof/src/build/arm5dof_description
[1.526s] -- Install configuration: ""
[1.526s] -- Installing: /home/zc/code/ws_arm5dof/src/install/arm5dof_description/share/arm5dof_description//urdf
[1.526s] -- Installing: /home/zc/code/ws_arm5dof/src/install/arm5dof_description/share/arm5dof_description//urdf/arm5dof.urdf.xacro
[1.526s] -- Installing: /home/zc/code/ws_arm5dof/src/install/arm5dof_description/share/arm5dof_description//urdf/arm5dof.xacro
[1.526s] -- Installing: /home/zc/code/ws_arm5dof/src/install/arm5dof_description/share/arm5dof_description//rviz
[1.526s] -- Installing: /home/zc/code/ws_arm5dof/src/install/arm5dof_description/share/arm5dof_description//rviz/default_launch.rviz
[1.526s] -- Installing: /home/zc/code/ws_arm5dof/src/install/arm5dof_description/share/arm5dof_description//rviz/arm5dof.rviz
[1.526s] -- Installing: /home/zc/code/ws_arm5dof/src/install/arm5dof_description/share/arm5dof_description//meshes
[1.526s] -- Installing: /home/zc/code/ws_arm5dof/src/install/arm5dof_description/share/arm5dof_description//meshes/ws_board.STL
[1.526s] -- Installing: /home/zc/code/ws_arm5dof/src/install/arm5dof_description/share/arm5dof_description//meshes/bucket.STL
[1.527s] -- Installing: /home/zc/code/ws_arm5dof/src/install/arm5dof_description/share/arm5dof_description//meshes/left_gripper_link.STL
[1.527s] -- Installing: /home/zc/code/ws_arm5dof/src/install/arm5dof_description/share/arm5dof_description//meshes/camera.STL
[1.527s] -- Installing: /home/zc/code/ws_arm5dof/src/install/arm5dof_description/share/arm5dof_description//meshes/link1.STL
[1.528s] -- Installing: /home/zc/code/ws_arm5dof/src/install/arm5dof_description/share/arm5dof_description//meshes/right_rubber_pad_link.STL
[1.528s] -- Installing: /home/zc/code/ws_arm5dof/src/install/arm5dof_description/share/arm5dof_description//meshes/link3.STL
[1.528s] -- Installing: /home/zc/code/ws_arm5dof/src/install/arm5dof_description/share/arm5dof_description//meshes/base_link.STL
[1.529s] -- Installing: /home/zc/code/ws_arm5dof/src/install/arm5dof_description/share/arm5dof_description//meshes/link4.STL
[1.529s] -- Installing: /home/zc/code/ws_arm5dof/src/install/arm5dof_description/share/arm5dof_description//meshes/cube.STL
[1.529s] -- Installing: /home/zc/code/ws_arm5dof/src/install/arm5dof_description/share/arm5dof_description//meshes/link2.STL
[1.530s] -- Installing: /home/zc/code/ws_arm5dof/src/install/arm5dof_description/share/arm5dof_description//meshes/link5.STL
[1.530s] -- Installing: /home/zc/code/ws_arm5dof/src/install/arm5dof_description/share/arm5dof_description//meshes/right_gripper_link.STL
[1.530s] -- Installing: /home/zc/code/ws_arm5dof/src/install/arm5dof_description/share/arm5dof_description//meshes/left_rubber_pad_link.STL
[1.530s] -- Installing: /home/zc/code/ws_arm5dof/src/install/arm5dof_description/share/arm5dof_description//launch
[1.531s] -- Installing: /home/zc/code/ws_arm5dof/src/install/arm5dof_description/share/arm5dof_description//launch/arm5dof_gazebo.launch.py
[1.531s] -- Installing: /home/zc/code/ws_arm5dof/src/install/arm5dof_description/share/arm5dof_description//launch/arm5dof.launch.py
[1.531s] -- Installing: /home/zc/code/ws_arm5dof/src/install/arm5dof_description/share/arm5dof_description//launch/display_arm_urdf.launch.py
[1.531s] -- Installing: /home/zc/code/ws_arm5dof/src/install/arm5dof_description/share/ament_index/resource_index/package_run_dependencies/arm5dof_description
[1.531s] -- Installing: /home/zc/code/ws_arm5dof/src/install/arm5dof_description/share/ament_index/resource_index/parent_prefix_path/arm5dof_description
[1.531s] -- Installing: /home/zc/code/ws_arm5dof/src/install/arm5dof_description/share/arm5dof_description/environment/ament_prefix_path.sh
[1.531s] -- Installing: /home/zc/code/ws_arm5dof/src/install/arm5dof_description/share/arm5dof_description/environment/ament_prefix_path.dsv
[1.531s] -- Installing: /home/zc/code/ws_arm5dof/src/install/arm5dof_description/share/arm5dof_description/environment/path.sh
[1.532s] -- Installing: /home/zc/code/ws_arm5dof/src/install/arm5dof_description/share/arm5dof_description/environment/path.dsv
[1.532s] -- Installing: /home/zc/code/ws_arm5dof/src/install/arm5dof_description/share/arm5dof_description/local_setup.bash
[1.532s] -- Installing: /home/zc/code/ws_arm5dof/src/install/arm5dof_description/share/arm5dof_description/local_setup.sh
[1.532s] -- Installing: /home/zc/code/ws_arm5dof/src/install/arm5dof_description/share/arm5dof_description/local_setup.zsh
[1.532s] -- Installing: /home/zc/code/ws_arm5dof/src/install/arm5dof_description/share/arm5dof_description/local_setup.dsv
[1.532s] -- Installing: /home/zc/code/ws_arm5dof/src/install/arm5dof_description/share/arm5dof_description/package.dsv
[1.532s] -- Installing: /home/zc/code/ws_arm5dof/src/install/arm5dof_description/share/ament_index/resource_index/packages/arm5dof_description
[1.532s] -- Installing: /home/zc/code/ws_arm5dof/src/install/arm5dof_description/share/arm5dof_description/cmake/arm5dof_descriptionConfig.cmake
[1.532s] -- Installing: /home/zc/code/ws_arm5dof/src/install/arm5dof_description/share/arm5dof_description/cmake/arm5dof_descriptionConfig-version.cmake
[1.533s] -- Installing: /home/zc/code/ws_arm5dof/src/install/arm5dof_description/share/arm5dof_description/package.xml
[1.535s] Invoked command in '/home/zc/code/ws_arm5dof/src/build/arm5dof_description' returned '0': CMAKE_PREFIX_PATH=${CMAKE_PREFIX_PATH}:/opt/ros/humble /usr/bin/cmake --install /home/zc/code/ws_arm5dof/src/build/arm5dof_description
