[0.015s] Invoking command in '/home/zc/code/ws_arm5dof/src/build/moveit_task_constructor_demo': AMENT_PREFIX_PATH=/home/zc/code/ws_arm5dof/src/install/moveit_task_constructor_capabilities:/home/zc/code/ws_arm5dof/src/install/moveit_task_constructor_core:/home/zc/code/ws_arm5dof/src/install/rviz_marker_tools:/home/zc/code/ws_arm5dof/src/install/moveit_task_constructor_msgs:${AMENT_PREFIX_PATH} CMAKE_MODULE_PATH=/home/zc/code/ws_arm5dof/src/install/moveit_task_constructor_core/share/moveit_task_constructor_core/cmake:${CMAKE_MODULE_PATH} CMAKE_PREFIX_PATH=/home/zc/code/ws_arm5dof/src/install/moveit_task_constructor_capabilities:/home/zc/code/ws_arm5dof/src/install/moveit_task_constructor_core:/home/zc/code/ws_arm5dof/src/install/rviz_marker_tools:/home/zc/code/ws_arm5dof/src/install/moveit_task_constructor_msgs:/home/zc/code/ws_arm5dof/install/moveit_task_constructor_visualization:/home/zc/code/ws_arm5dof/install/moveit_task_constructor_demo:/home/zc/code/ws_arm5dof/install/moveit_task_constructor_capabilities:/home/zc/code/ws_arm5dof/install/arm5dof_mtc:/home/zc/code/ws_arm5dof/install/moveit_task_constructor_core:/home/zc/code/ws_arm5dof/install/rviz_marker_tools:/home/zc/code/ws_arm5dof/install/moveit_task_constructor_msgs:/home/zc/code/ws_arm5dof/install/arm5dof_movegroup:/home/zc/code/ws_arm5dof/install/arm5dof_target_detect:/home/zc/code/ws_arm5dof/install/arm5dof_moveit_config:/home/zc/code/ws_arm5dof/install/arm5dof_description:/opt/ros/humble LD_LIBRARY_PATH=/home/zc/code/ws_arm5dof/src/install/moveit_task_constructor_capabilities/lib:/home/zc/code/ws_arm5dof/src/install/moveit_task_constructor_core/lib:/home/zc/code/ws_arm5dof/src/install/rviz_marker_tools/lib:/home/zc/code/ws_arm5dof/src/install/moveit_task_constructor_msgs/lib:${LD_LIBRARY_PATH} PYTHONPATH=/home/zc/code/ws_arm5dof/src/install/moveit_task_constructor_core/local/lib/python3.10/dist-packages:/home/zc/code/ws_arm5dof/src/install/moveit_task_constructor_msgs/local/lib/python3.10/dist-packages:${PYTHONPATH} /usr/bin/cmake /home/zc/code/ws_arm5dof/src/moveit_task_constructor/demo -DCMAKE_INSTALL_PREFIX=/home/zc/code/ws_arm5dof/src/install/moveit_task_constructor_demo
[0.066s] -- The C compiler identification is GNU 11.4.0
[0.112s] -- The CXX compiler identification is GNU 11.4.0
[0.118s] -- Detecting C compiler ABI info
[0.183s] -- Detecting C compiler ABI info - done
[0.187s] -- Check for working C compiler: /usr/bin/cc - skipped
[0.188s] -- Detecting C compile features
[0.188s] -- Detecting C compile features - done
[0.192s] -- Detecting CXX compiler ABI info
[0.265s] -- Detecting CXX compiler ABI info - done
[0.269s] -- Check for working CXX compiler: /usr/bin/c++ - skipped
[0.269s] -- Detecting CXX compile features
[0.269s] -- Detecting CXX compile features - done
[0.272s] -- Found ament_cmake: 1.3.12 (/opt/ros/humble/share/ament_cmake/cmake)
[0.385s] -- Found Python3: /usr/bin/python3 (found version "3.10.12") found components: Interpreter 
[0.473s] -- Found generate_parameter_library: 0.5.0 (/opt/ros/humble/share/generate_parameter_library/cmake)
[0.477s] -- Found parameter_traits: 0.5.0 (/opt/ros/humble/share/parameter_traits/cmake)
[0.524s] -- Found rosidl_generator_c: 3.1.7 (/opt/ros/humble/share/rosidl_generator_c/cmake)
[0.530s] -- Found rosidl_adapter: 3.1.7 (/opt/ros/humble/share/rosidl_adapter/cmake)
[0.539s] -- Found rosidl_generator_cpp: 3.1.7 (/opt/ros/humble/share/rosidl_generator_cpp/cmake)
[0.549s] -- Using all available rosidl_typesupport_c: rosidl_typesupport_fastrtps_c;rosidl_typesupport_introspection_c
[0.564s] -- Using all available rosidl_typesupport_cpp: rosidl_typesupport_fastrtps_cpp;rosidl_typesupport_introspection_cpp
[0.606s] -- Found rmw_implementation_cmake: 6.1.2 (/opt/ros/humble/share/rmw_implementation_cmake/cmake)
[0.610s] -- Found rmw_fastrtps_cpp: 6.2.9 (/opt/ros/humble/share/rmw_fastrtps_cpp/cmake)
[0.700s] -- Found OpenSSL: /usr/lib/x86_64-linux-gnu/libcrypto.so (found version "3.0.2")  
[0.726s] -- Found FastRTPS: /opt/ros/humble/include  
[0.763s] -- Using RMW implementation 'rmw_fastrtps_cpp' as default
[0.773s] -- Looking for pthread.h
[0.846s] -- Looking for pthread.h - found
[0.846s] -- Performing Test CMAKE_HAVE_LIBC_PTHREAD
[0.918s] -- Performing Test CMAKE_HAVE_LIBC_PTHREAD - Success
[0.919s] -- Found Threads: TRUE  
[0.974s] -- Found rclcpp_lifecycle: 16.0.15 (/opt/ros/humble/share/rclcpp_lifecycle/cmake)
[0.992s] -- Found moveit_common: 2.5.9 (/opt/ros/humble/share/moveit_common/cmake)
[1.040s] [0mmoveit_task_constructor_demo: You did not request a specific build type: Choosing 'Release' for maximum performance[0m
[1.042s] -- Found moveit_core: 2.5.9 (/opt/ros/humble/share/moveit_core/cmake)
[1.082s] -- Found Boost: /usr/lib/x86_64-linux-gnu/cmake/Boost-1.74.0/BoostConfig.cmake (found version "1.74.0") found components: chrono date_time filesystem iostreams program_options regex serialization system thread 
[1.120s] -- Found Boost: /usr/lib/x86_64-linux-gnu/cmake/Boost-1.74.0/BoostConfig.cmake (found version "1.74.0") found components: filesystem 
[1.231s] -- library: /usr/lib/x86_64-linux-gnu/libcurl.so
[1.283s] -- Found Eigen3: TRUE (found version "3.4.0") 
[1.283s] -- Ensuring Eigen3 include directory is part of orocos-kdl CMake target
[1.480s] -- Found moveit_ros_planning: 2.5.9 (/opt/ros/humble/share/moveit_ros_planning/cmake)
[1.484s] -- Found Boost: /usr/lib/x86_64-linux-gnu/cmake/Boost-1.74.0/BoostConfig.cmake (found version "1.74.0") found components: system filesystem date_time program_options thread chrono 
[1.505s] -- Found moveit_ros_planning_interface: 2.5.9 (/opt/ros/humble/share/moveit_ros_planning_interface/cmake)
[1.509s] -- Found Boost: /usr/lib/x86_64-linux-gnu/cmake/Boost-1.74.0/BoostConfig.cmake (found version "1.74.0") found components: date_time filesystem program_options system thread 
[1.520s] -- Found Boost: /usr/lib/x86_64-linux-gnu/cmake/Boost-1.74.0/BoostConfig.cmake (found version "1.74.0") found components: thread system filesystem regex date_time program_options 
[1.539s] -- Found Boost: /usr/lib/x86_64-linux-gnu/cmake/Boost-1.74.0/BoostConfig.cmake (found version "1.74.0") found components: system filesystem date_time program_options thread 
[1.558s] -- Found moveit_task_constructor_core: 0.1.3 (/home/zc/code/ws_arm5dof/src/install/moveit_task_constructor_core/share/moveit_task_constructor_core/cmake)
[1.615s] -- Configuring done
[1.712s] -- Generating done
[1.740s] -- Build files have been written to: /home/zc/code/ws_arm5dof/src/build/moveit_task_constructor_demo
[1.757s] Invoked command in '/home/zc/code/ws_arm5dof/src/build/moveit_task_constructor_demo' returned '0': AMENT_PREFIX_PATH=/home/zc/code/ws_arm5dof/src/install/moveit_task_constructor_capabilities:/home/zc/code/ws_arm5dof/src/install/moveit_task_constructor_core:/home/zc/code/ws_arm5dof/src/install/rviz_marker_tools:/home/zc/code/ws_arm5dof/src/install/moveit_task_constructor_msgs:${AMENT_PREFIX_PATH} CMAKE_MODULE_PATH=/home/zc/code/ws_arm5dof/src/install/moveit_task_constructor_core/share/moveit_task_constructor_core/cmake:${CMAKE_MODULE_PATH} CMAKE_PREFIX_PATH=/home/zc/code/ws_arm5dof/src/install/moveit_task_constructor_capabilities:/home/zc/code/ws_arm5dof/src/install/moveit_task_constructor_core:/home/zc/code/ws_arm5dof/src/install/rviz_marker_tools:/home/zc/code/ws_arm5dof/src/install/moveit_task_constructor_msgs:/home/zc/code/ws_arm5dof/install/moveit_task_constructor_visualization:/home/zc/code/ws_arm5dof/install/moveit_task_constructor_demo:/home/zc/code/ws_arm5dof/install/moveit_task_constructor_capabilities:/home/zc/code/ws_arm5dof/install/arm5dof_mtc:/home/zc/code/ws_arm5dof/install/moveit_task_constructor_core:/home/zc/code/ws_arm5dof/install/rviz_marker_tools:/home/zc/code/ws_arm5dof/install/moveit_task_constructor_msgs:/home/zc/code/ws_arm5dof/install/arm5dof_movegroup:/home/zc/code/ws_arm5dof/install/arm5dof_target_detect:/home/zc/code/ws_arm5dof/install/arm5dof_moveit_config:/home/zc/code/ws_arm5dof/install/arm5dof_description:/opt/ros/humble LD_LIBRARY_PATH=/home/zc/code/ws_arm5dof/src/install/moveit_task_constructor_capabilities/lib:/home/zc/code/ws_arm5dof/src/install/moveit_task_constructor_core/lib:/home/zc/code/ws_arm5dof/src/install/rviz_marker_tools/lib:/home/zc/code/ws_arm5dof/src/install/moveit_task_constructor_msgs/lib:${LD_LIBRARY_PATH} PYTHONPATH=/home/zc/code/ws_arm5dof/src/install/moveit_task_constructor_core/local/lib/python3.10/dist-packages:/home/zc/code/ws_arm5dof/src/install/moveit_task_constructor_msgs/local/lib/python3.10/dist-packages:${PYTHONPATH} /usr/bin/cmake /home/zc/code/ws_arm5dof/src/moveit_task_constructor/demo -DCMAKE_INSTALL_PREFIX=/home/zc/code/ws_arm5dof/src/install/moveit_task_constructor_demo
[1.758s] Invoking command in '/home/zc/code/ws_arm5dof/src/build/moveit_task_constructor_demo': AMENT_PREFIX_PATH=/home/zc/code/ws_arm5dof/src/install/moveit_task_constructor_capabilities:/home/zc/code/ws_arm5dof/src/install/moveit_task_constructor_core:/home/zc/code/ws_arm5dof/src/install/rviz_marker_tools:/home/zc/code/ws_arm5dof/src/install/moveit_task_constructor_msgs:${AMENT_PREFIX_PATH} CMAKE_MODULE_PATH=/home/zc/code/ws_arm5dof/src/install/moveit_task_constructor_core/share/moveit_task_constructor_core/cmake:${CMAKE_MODULE_PATH} CMAKE_PREFIX_PATH=/home/zc/code/ws_arm5dof/src/install/moveit_task_constructor_capabilities:/home/zc/code/ws_arm5dof/src/install/moveit_task_constructor_core:/home/zc/code/ws_arm5dof/src/install/rviz_marker_tools:/home/zc/code/ws_arm5dof/src/install/moveit_task_constructor_msgs:/home/zc/code/ws_arm5dof/install/moveit_task_constructor_visualization:/home/zc/code/ws_arm5dof/install/moveit_task_constructor_demo:/home/zc/code/ws_arm5dof/install/moveit_task_constructor_capabilities:/home/zc/code/ws_arm5dof/install/arm5dof_mtc:/home/zc/code/ws_arm5dof/install/moveit_task_constructor_core:/home/zc/code/ws_arm5dof/install/rviz_marker_tools:/home/zc/code/ws_arm5dof/install/moveit_task_constructor_msgs:/home/zc/code/ws_arm5dof/install/arm5dof_movegroup:/home/zc/code/ws_arm5dof/install/arm5dof_target_detect:/home/zc/code/ws_arm5dof/install/arm5dof_moveit_config:/home/zc/code/ws_arm5dof/install/arm5dof_description:/opt/ros/humble LD_LIBRARY_PATH=/home/zc/code/ws_arm5dof/src/install/moveit_task_constructor_capabilities/lib:/home/zc/code/ws_arm5dof/src/install/moveit_task_constructor_core/lib:/home/zc/code/ws_arm5dof/src/install/rviz_marker_tools/lib:/home/zc/code/ws_arm5dof/src/install/moveit_task_constructor_msgs/lib:${LD_LIBRARY_PATH} PYTHONPATH=/home/zc/code/ws_arm5dof/src/install/moveit_task_constructor_core/local/lib/python3.10/dist-packages:/home/zc/code/ws_arm5dof/src/install/moveit_task_constructor_msgs/local/lib/python3.10/dist-packages:${PYTHONPATH} /usr/bin/cmake --build /home/zc/code/ws_arm5dof/src/build/moveit_task_constructor_demo -- -j16 -l16
[1.816s] [ 33%] [34m[1mRunning `/opt/ros/humble/bin/generate_parameter_library_cpp /home/zc/code/ws_arm5dof/src/build/moveit_task_constructor_demo/include/moveit_task_constructor_demo/pick_place_demo_parameters.hpp /home/zc/code/ws_arm5dof/src/moveit_task_constructor/demo/src/pick_place_demo_parameters.yaml `[0m
[1.816s] [ 33%] [32mBuilding CXX object CMakeFiles/moveit_task_constructor_demo_modular.dir/src/modular.cpp.o[0m
[1.816s] [ 33%] [32mBuilding CXX object CMakeFiles/moveit_task_constructor_demo_fallbacks_move_to.dir/src/fallbacks_move_to.cpp.o[0m
[1.816s] [ 33%] [34m[1mRunning `/opt/ros/humble/bin/generate_parameter_library_cpp /home/zc/code/ws_arm5dof/src/build/moveit_task_constructor_demo/include/moveit_task_constructor_demo/ik_clearance_cost_parameters.hpp /home/zc/code/ws_arm5dof/src/moveit_task_constructor/demo/src/ik_clearance_cost_parameters.yaml `[0m
[1.816s] [ 33%] [32mBuilding CXX object CMakeFiles/moveit_task_constructor_demo_cartesian.dir/src/cartesian.cpp.o[0m
[1.817s] [ 33%] [32mBuilding CXX object CMakeFiles/moveit_task_constructor_demo_alternative_path_costs.dir/src/alternative_path_costs.cpp.o[0m
[1.943s] [ 38%] [34m[1mCreating deprecated header file /home/zc/code/ws_arm5dof/src/build/moveit_task_constructor_demo/include/ik_clearance_cost_parameters.hpp[0m
[1.962s] [ 38%] Built target ik_clearance_cost_parameters
[1.985s] [ 44%] [32mBuilding CXX object CMakeFiles/moveit_task_constructor_demo_ik_clearance_cost.dir/src/ik_clearance_cost.cpp.o[0m
[2.247s] [ 50%] [34m[1mCreating deprecated header file /home/zc/code/ws_arm5dof/src/build/moveit_task_constructor_demo/include/pick_place_demo_parameters.hpp[0m
[2.266s] [ 50%] Built target pick_place_demo_parameters
[2.291s] [ 55%] [32mBuilding CXX object CMakeFiles/moveit_task_constructor_demo_pick_place_task.dir/src/pick_place_task.cpp.o[0m
[11.863s] [ 61%] [32m[1mLinking CXX executable fallbacks_move_to[0m
[12.016s] [ 66%] [32m[1mLinking CXX executable alternative_path_costs[0m
[12.044s] [ 72%] [32m[1mLinking CXX executable modular[0m
[12.301s] [ 72%] Built target moveit_task_constructor_demo_fallbacks_move_to
[12.388s] [ 72%] Built target moveit_task_constructor_demo_alternative_path_costs
[12.423s] [ 77%] [32m[1mLinking CXX executable cartesian[0m
[12.465s] [ 77%] Built target moveit_task_constructor_demo_modular
[12.820s] [ 77%] Built target moveit_task_constructor_demo_cartesian
[12.897s] [ 83%] [32m[1mLinking CXX executable ik_clearance_cost[0m
[13.172s] [ 83%] Built target moveit_task_constructor_demo_ik_clearance_cost
[15.016s] [ 88%] [32m[1mLinking CXX shared library libmoveit_task_constructor_demo_pick_place_task.so[0m
[15.181s] [ 88%] Built target moveit_task_constructor_demo_pick_place_task
[15.205s] [ 94%] [32mBuilding CXX object CMakeFiles/moveit_task_constructor_demo_pick_place_demo.dir/src/pick_place_demo.cpp.o[0m
[23.563s] [100%] [32m[1mLinking CXX executable pick_place_demo[0m
[23.773s] [100%] Built target moveit_task_constructor_demo_pick_place_demo
[23.783s] Invoked command in '/home/zc/code/ws_arm5dof/src/build/moveit_task_constructor_demo' returned '0': AMENT_PREFIX_PATH=/home/zc/code/ws_arm5dof/src/install/moveit_task_constructor_capabilities:/home/zc/code/ws_arm5dof/src/install/moveit_task_constructor_core:/home/zc/code/ws_arm5dof/src/install/rviz_marker_tools:/home/zc/code/ws_arm5dof/src/install/moveit_task_constructor_msgs:${AMENT_PREFIX_PATH} CMAKE_MODULE_PATH=/home/zc/code/ws_arm5dof/src/install/moveit_task_constructor_core/share/moveit_task_constructor_core/cmake:${CMAKE_MODULE_PATH} CMAKE_PREFIX_PATH=/home/zc/code/ws_arm5dof/src/install/moveit_task_constructor_capabilities:/home/zc/code/ws_arm5dof/src/install/moveit_task_constructor_core:/home/zc/code/ws_arm5dof/src/install/rviz_marker_tools:/home/zc/code/ws_arm5dof/src/install/moveit_task_constructor_msgs:/home/zc/code/ws_arm5dof/install/moveit_task_constructor_visualization:/home/zc/code/ws_arm5dof/install/moveit_task_constructor_demo:/home/zc/code/ws_arm5dof/install/moveit_task_constructor_capabilities:/home/zc/code/ws_arm5dof/install/arm5dof_mtc:/home/zc/code/ws_arm5dof/install/moveit_task_constructor_core:/home/zc/code/ws_arm5dof/install/rviz_marker_tools:/home/zc/code/ws_arm5dof/install/moveit_task_constructor_msgs:/home/zc/code/ws_arm5dof/install/arm5dof_movegroup:/home/zc/code/ws_arm5dof/install/arm5dof_target_detect:/home/zc/code/ws_arm5dof/install/arm5dof_moveit_config:/home/zc/code/ws_arm5dof/install/arm5dof_description:/opt/ros/humble LD_LIBRARY_PATH=/home/zc/code/ws_arm5dof/src/install/moveit_task_constructor_capabilities/lib:/home/zc/code/ws_arm5dof/src/install/moveit_task_constructor_core/lib:/home/zc/code/ws_arm5dof/src/install/rviz_marker_tools/lib:/home/zc/code/ws_arm5dof/src/install/moveit_task_constructor_msgs/lib:${LD_LIBRARY_PATH} PYTHONPATH=/home/zc/code/ws_arm5dof/src/install/moveit_task_constructor_core/local/lib/python3.10/dist-packages:/home/zc/code/ws_arm5dof/src/install/moveit_task_constructor_msgs/local/lib/python3.10/dist-packages:${PYTHONPATH} /usr/bin/cmake --build /home/zc/code/ws_arm5dof/src/build/moveit_task_constructor_demo -- -j16 -l16
[23.784s] Invoking command in '/home/zc/code/ws_arm5dof/src/build/moveit_task_constructor_demo': AMENT_PREFIX_PATH=/home/zc/code/ws_arm5dof/src/install/moveit_task_constructor_capabilities:/home/zc/code/ws_arm5dof/src/install/moveit_task_constructor_core:/home/zc/code/ws_arm5dof/src/install/rviz_marker_tools:/home/zc/code/ws_arm5dof/src/install/moveit_task_constructor_msgs:${AMENT_PREFIX_PATH} CMAKE_MODULE_PATH=/home/zc/code/ws_arm5dof/src/install/moveit_task_constructor_core/share/moveit_task_constructor_core/cmake:${CMAKE_MODULE_PATH} CMAKE_PREFIX_PATH=/home/zc/code/ws_arm5dof/src/install/moveit_task_constructor_capabilities:/home/zc/code/ws_arm5dof/src/install/moveit_task_constructor_core:/home/zc/code/ws_arm5dof/src/install/rviz_marker_tools:/home/zc/code/ws_arm5dof/src/install/moveit_task_constructor_msgs:/home/zc/code/ws_arm5dof/install/moveit_task_constructor_visualization:/home/zc/code/ws_arm5dof/install/moveit_task_constructor_demo:/home/zc/code/ws_arm5dof/install/moveit_task_constructor_capabilities:/home/zc/code/ws_arm5dof/install/arm5dof_mtc:/home/zc/code/ws_arm5dof/install/moveit_task_constructor_core:/home/zc/code/ws_arm5dof/install/rviz_marker_tools:/home/zc/code/ws_arm5dof/install/moveit_task_constructor_msgs:/home/zc/code/ws_arm5dof/install/arm5dof_movegroup:/home/zc/code/ws_arm5dof/install/arm5dof_target_detect:/home/zc/code/ws_arm5dof/install/arm5dof_moveit_config:/home/zc/code/ws_arm5dof/install/arm5dof_description:/opt/ros/humble LD_LIBRARY_PATH=/home/zc/code/ws_arm5dof/src/install/moveit_task_constructor_capabilities/lib:/home/zc/code/ws_arm5dof/src/install/moveit_task_constructor_core/lib:/home/zc/code/ws_arm5dof/src/install/rviz_marker_tools/lib:/home/zc/code/ws_arm5dof/src/install/moveit_task_constructor_msgs/lib:${LD_LIBRARY_PATH} PYTHONPATH=/home/zc/code/ws_arm5dof/src/install/moveit_task_constructor_core/local/lib/python3.10/dist-packages:/home/zc/code/ws_arm5dof/src/install/moveit_task_constructor_msgs/local/lib/python3.10/dist-packages:${PYTHONPATH} /usr/bin/cmake --install /home/zc/code/ws_arm5dof/src/build/moveit_task_constructor_demo
[23.794s] -- Install configuration: "Release"
[23.794s] -- Installing: /home/zc/code/ws_arm5dof/src/install/moveit_task_constructor_demo/lib/libmoveit_task_constructor_demo_pick_place_task.so
[23.794s] -- Set runtime path of "/home/zc/code/ws_arm5dof/src/install/moveit_task_constructor_demo/lib/libmoveit_task_constructor_demo_pick_place_task.so" to ""
[23.794s] -- Installing: /home/zc/code/ws_arm5dof/src/install/moveit_task_constructor_demo/lib/moveit_task_constructor_demo/cartesian
[23.795s] -- Set runtime path of "/home/zc/code/ws_arm5dof/src/install/moveit_task_constructor_demo/lib/moveit_task_constructor_demo/cartesian" to ""
[23.795s] -- Installing: /home/zc/code/ws_arm5dof/src/install/moveit_task_constructor_demo/lib/moveit_task_constructor_demo/modular
[23.795s] -- Set runtime path of "/home/zc/code/ws_arm5dof/src/install/moveit_task_constructor_demo/lib/moveit_task_constructor_demo/modular" to ""
[23.795s] -- Installing: /home/zc/code/ws_arm5dof/src/install/moveit_task_constructor_demo/lib/moveit_task_constructor_demo/alternative_path_costs
[23.796s] -- Set runtime path of "/home/zc/code/ws_arm5dof/src/install/moveit_task_constructor_demo/lib/moveit_task_constructor_demo/alternative_path_costs" to ""
[23.796s] -- Installing: /home/zc/code/ws_arm5dof/src/install/moveit_task_constructor_demo/include/moveit_task_constructor_demo
[23.796s] -- Installing: /home/zc/code/ws_arm5dof/src/install/moveit_task_constructor_demo/include/moveit_task_constructor_demo/pick_place_demo_parameters.hpp
[23.796s] -- Installing: /home/zc/code/ws_arm5dof/src/install/moveit_task_constructor_demo/include/moveit_task_constructor_demo/ik_clearance_cost_parameters.hpp
[23.796s] -- Installing: /home/zc/code/ws_arm5dof/src/install/moveit_task_constructor_demo/lib/moveit_task_constructor_demo/ik_clearance_cost
[23.796s] -- Set runtime path of "/home/zc/code/ws_arm5dof/src/install/moveit_task_constructor_demo/lib/moveit_task_constructor_demo/ik_clearance_cost" to ""
[23.797s] -- Installing: /home/zc/code/ws_arm5dof/src/install/moveit_task_constructor_demo/lib/moveit_task_constructor_demo/fallbacks_move_to
[23.797s] -- Set runtime path of "/home/zc/code/ws_arm5dof/src/install/moveit_task_constructor_demo/lib/moveit_task_constructor_demo/fallbacks_move_to" to ""
[23.797s] -- Up-to-date: /home/zc/code/ws_arm5dof/src/install/moveit_task_constructor_demo/include/moveit_task_constructor_demo
[23.797s] -- Up-to-date: /home/zc/code/ws_arm5dof/src/install/moveit_task_constructor_demo/include/moveit_task_constructor_demo/pick_place_demo_parameters.hpp
[23.797s] -- Up-to-date: /home/zc/code/ws_arm5dof/src/install/moveit_task_constructor_demo/include/moveit_task_constructor_demo/ik_clearance_cost_parameters.hpp
[23.797s] -- Installing: /home/zc/code/ws_arm5dof/src/install/moveit_task_constructor_demo/lib/moveit_task_constructor_demo/pick_place_demo
[23.798s] -- Set runtime path of "/home/zc/code/ws_arm5dof/src/install/moveit_task_constructor_demo/lib/moveit_task_constructor_demo/pick_place_demo" to ""
[23.798s] -- Installing: /home/zc/code/ws_arm5dof/src/install/moveit_task_constructor_demo/lib/moveit_task_constructor_demo/alternatives.py
[23.798s] -- Installing: /home/zc/code/ws_arm5dof/src/install/moveit_task_constructor_demo/lib/moveit_task_constructor_demo/cartesian.py
[23.798s] -- Installing: /home/zc/code/ws_arm5dof/src/install/moveit_task_constructor_demo/lib/moveit_task_constructor_demo/compute_ik.py
[23.798s] -- Installing: /home/zc/code/ws_arm5dof/src/install/moveit_task_constructor_demo/lib/moveit_task_constructor_demo/constrained.py
[23.798s] -- Installing: /home/zc/code/ws_arm5dof/src/install/moveit_task_constructor_demo/lib/moveit_task_constructor_demo/current_state.py
[23.799s] -- Installing: /home/zc/code/ws_arm5dof/src/install/moveit_task_constructor_demo/lib/moveit_task_constructor_demo/fallbacks.py
[23.799s] -- Installing: /home/zc/code/ws_arm5dof/src/install/moveit_task_constructor_demo/lib/moveit_task_constructor_demo/fix_collision_objects.py
[23.799s] -- Installing: /home/zc/code/ws_arm5dof/src/install/moveit_task_constructor_demo/lib/moveit_task_constructor_demo/fixed_state.py
[23.799s] -- Installing: /home/zc/code/ws_arm5dof/src/install/moveit_task_constructor_demo/lib/moveit_task_constructor_demo/generate_pose.py
[23.799s] -- Installing: /home/zc/code/ws_arm5dof/src/install/moveit_task_constructor_demo/lib/moveit_task_constructor_demo/merger.py
[23.799s] -- Installing: /home/zc/code/ws_arm5dof/src/install/moveit_task_constructor_demo/lib/moveit_task_constructor_demo/modify_planning_scene.py
[23.799s] -- Installing: /home/zc/code/ws_arm5dof/src/install/moveit_task_constructor_demo/lib/moveit_task_constructor_demo/multi_planner.py
[23.799s] -- Installing: /home/zc/code/ws_arm5dof/src/install/moveit_task_constructor_demo/lib/moveit_task_constructor_demo/pickplace.py
[23.799s] -- Installing: /home/zc/code/ws_arm5dof/src/install/moveit_task_constructor_demo/lib/moveit_task_constructor_demo/properties.py
[23.799s] -- Installing: /home/zc/code/ws_arm5dof/src/install/moveit_task_constructor_demo/share/moveit_task_constructor_demo/launch
[23.799s] -- Installing: /home/zc/code/ws_arm5dof/src/install/moveit_task_constructor_demo/share/moveit_task_constructor_demo/launch/run.launch.py
[23.800s] -- Installing: /home/zc/code/ws_arm5dof/src/install/moveit_task_constructor_demo/share/moveit_task_constructor_demo/launch/demo.launch.py
[23.800s] -- Installing: /home/zc/code/ws_arm5dof/src/install/moveit_task_constructor_demo/share/moveit_task_constructor_demo/config
[23.800s] -- Installing: /home/zc/code/ws_arm5dof/src/install/moveit_task_constructor_demo/share/moveit_task_constructor_demo/config/panda_config.yaml
[23.800s] -- Installing: /home/zc/code/ws_arm5dof/src/install/moveit_task_constructor_demo/share/moveit_task_constructor_demo/config/mtc.rviz
[23.800s] -- Installing: /home/zc/code/ws_arm5dof/src/install/moveit_task_constructor_demo/share/ament_index/resource_index/package_run_dependencies/moveit_task_constructor_demo
[23.800s] -- Installing: /home/zc/code/ws_arm5dof/src/install/moveit_task_constructor_demo/share/ament_index/resource_index/parent_prefix_path/moveit_task_constructor_demo
[23.800s] -- Installing: /home/zc/code/ws_arm5dof/src/install/moveit_task_constructor_demo/share/moveit_task_constructor_demo/environment/ament_prefix_path.sh
[23.800s] -- Installing: /home/zc/code/ws_arm5dof/src/install/moveit_task_constructor_demo/share/moveit_task_constructor_demo/environment/ament_prefix_path.dsv
[23.800s] -- Installing: /home/zc/code/ws_arm5dof/src/install/moveit_task_constructor_demo/share/moveit_task_constructor_demo/environment/path.sh
[23.800s] -- Installing: /home/zc/code/ws_arm5dof/src/install/moveit_task_constructor_demo/share/moveit_task_constructor_demo/environment/path.dsv
[23.801s] -- Installing: /home/zc/code/ws_arm5dof/src/install/moveit_task_constructor_demo/share/moveit_task_constructor_demo/local_setup.bash
[23.801s] -- Installing: /home/zc/code/ws_arm5dof/src/install/moveit_task_constructor_demo/share/moveit_task_constructor_demo/local_setup.sh
[23.801s] -- Installing: /home/zc/code/ws_arm5dof/src/install/moveit_task_constructor_demo/share/moveit_task_constructor_demo/local_setup.zsh
[23.801s] -- Installing: /home/zc/code/ws_arm5dof/src/install/moveit_task_constructor_demo/share/moveit_task_constructor_demo/local_setup.dsv
[23.801s] -- Installing: /home/zc/code/ws_arm5dof/src/install/moveit_task_constructor_demo/share/moveit_task_constructor_demo/package.dsv
[23.801s] -- Installing: /home/zc/code/ws_arm5dof/src/install/moveit_task_constructor_demo/share/ament_index/resource_index/packages/moveit_task_constructor_demo
[23.801s] -- Installing: /home/zc/code/ws_arm5dof/src/install/moveit_task_constructor_demo/share/moveit_task_constructor_demo/cmake/moveit_task_constructor_demoConfig.cmake
[23.801s] -- Installing: /home/zc/code/ws_arm5dof/src/install/moveit_task_constructor_demo/share/moveit_task_constructor_demo/cmake/moveit_task_constructor_demoConfig-version.cmake
[23.801s] -- Installing: /home/zc/code/ws_arm5dof/src/install/moveit_task_constructor_demo/share/moveit_task_constructor_demo/package.xml
[23.804s] Invoked command in '/home/zc/code/ws_arm5dof/src/build/moveit_task_constructor_demo' returned '0': AMENT_PREFIX_PATH=/home/zc/code/ws_arm5dof/src/install/moveit_task_constructor_capabilities:/home/zc/code/ws_arm5dof/src/install/moveit_task_constructor_core:/home/zc/code/ws_arm5dof/src/install/rviz_marker_tools:/home/zc/code/ws_arm5dof/src/install/moveit_task_constructor_msgs:${AMENT_PREFIX_PATH} CMAKE_MODULE_PATH=/home/zc/code/ws_arm5dof/src/install/moveit_task_constructor_core/share/moveit_task_constructor_core/cmake:${CMAKE_MODULE_PATH} CMAKE_PREFIX_PATH=/home/zc/code/ws_arm5dof/src/install/moveit_task_constructor_capabilities:/home/zc/code/ws_arm5dof/src/install/moveit_task_constructor_core:/home/zc/code/ws_arm5dof/src/install/rviz_marker_tools:/home/zc/code/ws_arm5dof/src/install/moveit_task_constructor_msgs:/home/zc/code/ws_arm5dof/install/moveit_task_constructor_visualization:/home/zc/code/ws_arm5dof/install/moveit_task_constructor_demo:/home/zc/code/ws_arm5dof/install/moveit_task_constructor_capabilities:/home/zc/code/ws_arm5dof/install/arm5dof_mtc:/home/zc/code/ws_arm5dof/install/moveit_task_constructor_core:/home/zc/code/ws_arm5dof/install/rviz_marker_tools:/home/zc/code/ws_arm5dof/install/moveit_task_constructor_msgs:/home/zc/code/ws_arm5dof/install/arm5dof_movegroup:/home/zc/code/ws_arm5dof/install/arm5dof_target_detect:/home/zc/code/ws_arm5dof/install/arm5dof_moveit_config:/home/zc/code/ws_arm5dof/install/arm5dof_description:/opt/ros/humble LD_LIBRARY_PATH=/home/zc/code/ws_arm5dof/src/install/moveit_task_constructor_capabilities/lib:/home/zc/code/ws_arm5dof/src/install/moveit_task_constructor_core/lib:/home/zc/code/ws_arm5dof/src/install/rviz_marker_tools/lib:/home/zc/code/ws_arm5dof/src/install/moveit_task_constructor_msgs/lib:${LD_LIBRARY_PATH} PYTHONPATH=/home/zc/code/ws_arm5dof/src/install/moveit_task_constructor_core/local/lib/python3.10/dist-packages:/home/zc/code/ws_arm5dof/src/install/moveit_task_constructor_msgs/local/lib/python3.10/dist-packages:${PYTHONPATH} /usr/bin/cmake --install /home/zc/code/ws_arm5dof/src/build/moveit_task_constructor_demo
