[0.010s] Invoking command in '/home/zc/code/ws_arm5dof/src/build/arm5dof_moveit_config': AMENT_PREFIX_PATH=/home/zc/code/ws_arm5dof/src/install/arm5dof_description:${AMENT_PREFIX_PATH} CMAKE_PREFIX_PATH=/home/zc/code/ws_arm5dof/src/install/arm5dof_description:/home/zc/code/ws_arm5dof/install/moveit_task_constructor_visualization:/home/zc/code/ws_arm5dof/install/moveit_task_constructor_demo:/home/zc/code/ws_arm5dof/install/moveit_task_constructor_capabilities:/home/zc/code/ws_arm5dof/install/arm5dof_mtc:/home/zc/code/ws_arm5dof/install/moveit_task_constructor_core:/home/zc/code/ws_arm5dof/install/rviz_marker_tools:/home/zc/code/ws_arm5dof/install/moveit_task_constructor_msgs:/home/zc/code/ws_arm5dof/install/arm5dof_movegroup:/home/zc/code/ws_arm5dof/install/arm5dof_target_detect:/home/zc/code/ws_arm5dof/install/arm5dof_moveit_config:/home/zc/code/ws_arm5dof/install/arm5dof_description:/opt/ros/humble /usr/bin/cmake /home/zc/code/ws_arm5dof/src/arm5dof_moveit_config -DCMAKE_INSTALL_PREFIX=/home/zc/code/ws_arm5dof/src/install/arm5dof_moveit_config
[0.053s] -- The C compiler identification is GNU 11.4.0
[0.097s] -- The CXX compiler identification is GNU 11.4.0
[0.103s] -- Detecting C compiler ABI info
[0.174s] -- Detecting C compiler ABI info - done
[0.180s] -- Check for working C compiler: /usr/bin/cc - skipped
[0.180s] -- Detecting C compile features
[0.180s] -- Detecting C compile features - done
[0.182s] -- Detecting CXX compiler ABI info
[0.256s] -- Detecting CXX compiler ABI info - done
[0.260s] -- Check for working CXX compiler: /usr/bin/c++ - skipped
[0.260s] -- Detecting CXX compile features
[0.261s] -- Detecting CXX compile features - done
[0.264s] -- Found ament_cmake: 1.3.12 (/opt/ros/humble/share/ament_cmake/cmake)
[0.385s] -- Found Python3: /usr/bin/python3 (found version "3.10.12") found components: Interpreter 
[0.510s] -- Configuring done
[0.512s] -- Generating done
[0.513s] -- Build files have been written to: /home/zc/code/ws_arm5dof/src/build/arm5dof_moveit_config
[0.517s] Invoked command in '/home/zc/code/ws_arm5dof/src/build/arm5dof_moveit_config' returned '0': AMENT_PREFIX_PATH=/home/zc/code/ws_arm5dof/src/install/arm5dof_description:${AMENT_PREFIX_PATH} CMAKE_PREFIX_PATH=/home/zc/code/ws_arm5dof/src/install/arm5dof_description:/home/zc/code/ws_arm5dof/install/moveit_task_constructor_visualization:/home/zc/code/ws_arm5dof/install/moveit_task_constructor_demo:/home/zc/code/ws_arm5dof/install/moveit_task_constructor_capabilities:/home/zc/code/ws_arm5dof/install/arm5dof_mtc:/home/zc/code/ws_arm5dof/install/moveit_task_constructor_core:/home/zc/code/ws_arm5dof/install/rviz_marker_tools:/home/zc/code/ws_arm5dof/install/moveit_task_constructor_msgs:/home/zc/code/ws_arm5dof/install/arm5dof_movegroup:/home/zc/code/ws_arm5dof/install/arm5dof_target_detect:/home/zc/code/ws_arm5dof/install/arm5dof_moveit_config:/home/zc/code/ws_arm5dof/install/arm5dof_description:/opt/ros/humble /usr/bin/cmake /home/zc/code/ws_arm5dof/src/arm5dof_moveit_config -DCMAKE_INSTALL_PREFIX=/home/zc/code/ws_arm5dof/src/install/arm5dof_moveit_config
[0.518s] Invoking command in '/home/zc/code/ws_arm5dof/src/build/arm5dof_moveit_config': AMENT_PREFIX_PATH=/home/zc/code/ws_arm5dof/src/install/arm5dof_description:${AMENT_PREFIX_PATH} CMAKE_PREFIX_PATH=/home/zc/code/ws_arm5dof/src/install/arm5dof_description:/home/zc/code/ws_arm5dof/install/moveit_task_constructor_visualization:/home/zc/code/ws_arm5dof/install/moveit_task_constructor_demo:/home/zc/code/ws_arm5dof/install/moveit_task_constructor_capabilities:/home/zc/code/ws_arm5dof/install/arm5dof_mtc:/home/zc/code/ws_arm5dof/install/moveit_task_constructor_core:/home/zc/code/ws_arm5dof/install/rviz_marker_tools:/home/zc/code/ws_arm5dof/install/moveit_task_constructor_msgs:/home/zc/code/ws_arm5dof/install/arm5dof_movegroup:/home/zc/code/ws_arm5dof/install/arm5dof_target_detect:/home/zc/code/ws_arm5dof/install/arm5dof_moveit_config:/home/zc/code/ws_arm5dof/install/arm5dof_description:/opt/ros/humble /usr/bin/cmake --build /home/zc/code/ws_arm5dof/src/build/arm5dof_moveit_config -- -j16 -l16
[0.553s] Invoked command in '/home/zc/code/ws_arm5dof/src/build/arm5dof_moveit_config' returned '0': AMENT_PREFIX_PATH=/home/zc/code/ws_arm5dof/src/install/arm5dof_description:${AMENT_PREFIX_PATH} CMAKE_PREFIX_PATH=/home/zc/code/ws_arm5dof/src/install/arm5dof_description:/home/zc/code/ws_arm5dof/install/moveit_task_constructor_visualization:/home/zc/code/ws_arm5dof/install/moveit_task_constructor_demo:/home/zc/code/ws_arm5dof/install/moveit_task_constructor_capabilities:/home/zc/code/ws_arm5dof/install/arm5dof_mtc:/home/zc/code/ws_arm5dof/install/moveit_task_constructor_core:/home/zc/code/ws_arm5dof/install/rviz_marker_tools:/home/zc/code/ws_arm5dof/install/moveit_task_constructor_msgs:/home/zc/code/ws_arm5dof/install/arm5dof_movegroup:/home/zc/code/ws_arm5dof/install/arm5dof_target_detect:/home/zc/code/ws_arm5dof/install/arm5dof_moveit_config:/home/zc/code/ws_arm5dof/install/arm5dof_description:/opt/ros/humble /usr/bin/cmake --build /home/zc/code/ws_arm5dof/src/build/arm5dof_moveit_config -- -j16 -l16
[0.555s] Invoking command in '/home/zc/code/ws_arm5dof/src/build/arm5dof_moveit_config': AMENT_PREFIX_PATH=/home/zc/code/ws_arm5dof/src/install/arm5dof_description:${AMENT_PREFIX_PATH} CMAKE_PREFIX_PATH=/home/zc/code/ws_arm5dof/src/install/arm5dof_description:/home/zc/code/ws_arm5dof/install/moveit_task_constructor_visualization:/home/zc/code/ws_arm5dof/install/moveit_task_constructor_demo:/home/zc/code/ws_arm5dof/install/moveit_task_constructor_capabilities:/home/zc/code/ws_arm5dof/install/arm5dof_mtc:/home/zc/code/ws_arm5dof/install/moveit_task_constructor_core:/home/zc/code/ws_arm5dof/install/rviz_marker_tools:/home/zc/code/ws_arm5dof/install/moveit_task_constructor_msgs:/home/zc/code/ws_arm5dof/install/arm5dof_movegroup:/home/zc/code/ws_arm5dof/install/arm5dof_target_detect:/home/zc/code/ws_arm5dof/install/arm5dof_moveit_config:/home/zc/code/ws_arm5dof/install/arm5dof_description:/opt/ros/humble /usr/bin/cmake --install /home/zc/code/ws_arm5dof/src/build/arm5dof_moveit_config
[0.562s] -- Install configuration: ""
[0.562s] -- Installing: /home/zc/code/ws_arm5dof/src/install/arm5dof_moveit_config/share/ament_index/resource_index/package_run_dependencies/arm5dof_moveit_config
[0.562s] -- Installing: /home/zc/code/ws_arm5dof/src/install/arm5dof_moveit_config/share/ament_index/resource_index/parent_prefix_path/arm5dof_moveit_config
[0.562s] -- Installing: /home/zc/code/ws_arm5dof/src/install/arm5dof_moveit_config/share/arm5dof_moveit_config/environment/ament_prefix_path.sh
[0.562s] -- Installing: /home/zc/code/ws_arm5dof/src/install/arm5dof_moveit_config/share/arm5dof_moveit_config/environment/ament_prefix_path.dsv
[0.562s] -- Installing: /home/zc/code/ws_arm5dof/src/install/arm5dof_moveit_config/share/arm5dof_moveit_config/environment/path.sh
[0.562s] -- Installing: /home/zc/code/ws_arm5dof/src/install/arm5dof_moveit_config/share/arm5dof_moveit_config/environment/path.dsv
[0.562s] -- Installing: /home/zc/code/ws_arm5dof/src/install/arm5dof_moveit_config/share/arm5dof_moveit_config/local_setup.bash
[0.563s] -- Installing: /home/zc/code/ws_arm5dof/src/install/arm5dof_moveit_config/share/arm5dof_moveit_config/local_setup.sh
[0.563s] -- Installing: /home/zc/code/ws_arm5dof/src/install/arm5dof_moveit_config/share/arm5dof_moveit_config/local_setup.zsh
[0.563s] -- Installing: /home/zc/code/ws_arm5dof/src/install/arm5dof_moveit_config/share/arm5dof_moveit_config/local_setup.dsv
[0.563s] -- Installing: /home/zc/code/ws_arm5dof/src/install/arm5dof_moveit_config/share/arm5dof_moveit_config/package.dsv
[0.563s] -- Installing: /home/zc/code/ws_arm5dof/src/install/arm5dof_moveit_config/share/ament_index/resource_index/packages/arm5dof_moveit_config
[0.563s] -- Installing: /home/zc/code/ws_arm5dof/src/install/arm5dof_moveit_config/share/arm5dof_moveit_config/cmake/arm5dof_moveit_configConfig.cmake
[0.563s] -- Installing: /home/zc/code/ws_arm5dof/src/install/arm5dof_moveit_config/share/arm5dof_moveit_config/cmake/arm5dof_moveit_configConfig-version.cmake
[0.563s] -- Installing: /home/zc/code/ws_arm5dof/src/install/arm5dof_moveit_config/share/arm5dof_moveit_config/package.xml
[0.564s] -- Installing: /home/zc/code/ws_arm5dof/src/install/arm5dof_moveit_config/share/arm5dof_moveit_config/launch
[0.565s] -- Installing: /home/zc/code/ws_arm5dof/src/install/arm5dof_moveit_config/share/arm5dof_moveit_config/launch/setup_assistant.launch.py
[0.565s] -- Installing: /home/zc/code/ws_arm5dof/src/install/arm5dof_moveit_config/share/arm5dof_moveit_config/launch/moveit_rviz.launch.py
[0.566s] -- Installing: /home/zc/code/ws_arm5dof/src/install/arm5dof_moveit_config/share/arm5dof_moveit_config/launch/warehouse_db.launch.py
[0.566s] -- Installing: /home/zc/code/ws_arm5dof/src/install/arm5dof_moveit_config/share/arm5dof_moveit_config/launch/spawn_controllers.launch.py
[0.566s] -- Installing: /home/zc/code/ws_arm5dof/src/install/arm5dof_moveit_config/share/arm5dof_moveit_config/launch/static_virtual_joint_tfs.launch.py
[0.566s] -- Installing: /home/zc/code/ws_arm5dof/src/install/arm5dof_moveit_config/share/arm5dof_moveit_config/launch/demo.launch.py
[0.566s] -- Installing: /home/zc/code/ws_arm5dof/src/install/arm5dof_moveit_config/share/arm5dof_moveit_config/launch/rsp.launch.py
[0.566s] -- Installing: /home/zc/code/ws_arm5dof/src/install/arm5dof_moveit_config/share/arm5dof_moveit_config/launch/move_group.launch.py
[0.566s] -- Installing: /home/zc/code/ws_arm5dof/src/install/arm5dof_moveit_config/share/arm5dof_moveit_config/config
[0.566s] -- Installing: /home/zc/code/ws_arm5dof/src/install/arm5dof_moveit_config/share/arm5dof_moveit_config/config/arm5dof.ros2_control.xacro
[0.567s] -- Installing: /home/zc/code/ws_arm5dof/src/install/arm5dof_moveit_config/share/arm5dof_moveit_config/config/kinematics.yaml
[0.567s] -- Installing: /home/zc/code/ws_arm5dof/src/install/arm5dof_moveit_config/share/arm5dof_moveit_config/config/arm5dof.urdf.xacro
[0.567s] -- Installing: /home/zc/code/ws_arm5dof/src/install/arm5dof_moveit_config/share/arm5dof_moveit_config/config/moveit.rviz
[0.567s] -- Installing: /home/zc/code/ws_arm5dof/src/install/arm5dof_moveit_config/share/arm5dof_moveit_config/config/moveit_controllers.yaml
[0.567s] -- Installing: /home/zc/code/ws_arm5dof/src/install/arm5dof_moveit_config/share/arm5dof_moveit_config/config/arm5dof.srdf
[0.567s] -- Installing: /home/zc/code/ws_arm5dof/src/install/arm5dof_moveit_config/share/arm5dof_moveit_config/config/ros2_controllers.yaml
[0.567s] -- Installing: /home/zc/code/ws_arm5dof/src/install/arm5dof_moveit_config/share/arm5dof_moveit_config/config/pilz_cartesian_limits.yaml
[0.567s] -- Installing: /home/zc/code/ws_arm5dof/src/install/arm5dof_moveit_config/share/arm5dof_moveit_config/config/initial_positions.yaml
[0.567s] -- Installing: /home/zc/code/ws_arm5dof/src/install/arm5dof_moveit_config/share/arm5dof_moveit_config/config/sensors_3d.yaml
[0.567s] -- Installing: /home/zc/code/ws_arm5dof/src/install/arm5dof_moveit_config/share/arm5dof_moveit_config/config/joint_limits.yaml
[0.567s] -- Installing: /home/zc/code/ws_arm5dof/src/install/arm5dof_moveit_config/share/arm5dof_moveit_config/.setup_assistant
[0.569s] Invoked command in '/home/zc/code/ws_arm5dof/src/build/arm5dof_moveit_config' returned '0': AMENT_PREFIX_PATH=/home/zc/code/ws_arm5dof/src/install/arm5dof_description:${AMENT_PREFIX_PATH} CMAKE_PREFIX_PATH=/home/zc/code/ws_arm5dof/src/install/arm5dof_description:/home/zc/code/ws_arm5dof/install/moveit_task_constructor_visualization:/home/zc/code/ws_arm5dof/install/moveit_task_constructor_demo:/home/zc/code/ws_arm5dof/install/moveit_task_constructor_capabilities:/home/zc/code/ws_arm5dof/install/arm5dof_mtc:/home/zc/code/ws_arm5dof/install/moveit_task_constructor_core:/home/zc/code/ws_arm5dof/install/rviz_marker_tools:/home/zc/code/ws_arm5dof/install/moveit_task_constructor_msgs:/home/zc/code/ws_arm5dof/install/arm5dof_movegroup:/home/zc/code/ws_arm5dof/install/arm5dof_target_detect:/home/zc/code/ws_arm5dof/install/arm5dof_moveit_config:/home/zc/code/ws_arm5dof/install/arm5dof_description:/opt/ros/humble /usr/bin/cmake --install /home/zc/code/ws_arm5dof/src/build/arm5dof_moveit_config
