-- The C compiler identification is GNU 11.4.0
-- The CXX compiler identification is GNU 11.4.0
-- Detecting C compiler ABI info
-- Detecting C compiler ABI info - done
-- Check for working C compiler: /usr/bin/cc - skipped
-- Detecting C compile features
-- Detecting C compile features - done
-- Detecting CXX compiler ABI info
-- Detecting CXX compiler ABI info - done
-- Check for working CXX compiler: /usr/bin/c++ - skipped
-- Detecting CXX compile features
-- Detecting CXX compile features - done
-- Found ament_cmake: 1.3.12 (/opt/ros/humble/share/ament_cmake/cmake)
-- Found Python3: /usr/bin/python3 (found version "3.10.12") found components: Interpreter 
-- Found moveit_task_constructor_core: 0.1.3 (/home/zc/code/ws_arm5dof/src/install/moveit_task_constructor_core/share/moveit_task_constructor_core/cmake)
-- Found rosidl_generator_c: 3.1.7 (/opt/ros/humble/share/rosidl_generator_c/cmake)
-- Found rosidl_adapter: 3.1.7 (/opt/ros/humble/share/rosidl_adapter/cmake)
-- Found rosidl_generator_cpp: 3.1.7 (/opt/ros/humble/share/rosidl_generator_cpp/cmake)
-- Using all available rosidl_typesupport_c: rosidl_typesupport_fastrtps_c;rosidl_typesupport_introspection_c
-- Using all available rosidl_typesupport_cpp: rosidl_typesupport_fastrtps_cpp;rosidl_typesupport_introspection_cpp
-- Found Boost: /usr/lib/x86_64-linux-gnu/cmake/Boost-1.74.0/BoostConfig.cmake (found version "1.74.0") found components: chrono date_time filesystem iostreams program_options regex serialization system thread 
-- Found parameter_traits: 0.5.0 (/opt/ros/humble/share/parameter_traits/cmake)
-- Found rmw_implementation_cmake: 6.1.2 (/opt/ros/humble/share/rmw_implementation_cmake/cmake)
-- Found rmw_fastrtps_cpp: 6.2.9 (/opt/ros/humble/share/rmw_fastrtps_cpp/cmake)
-- Found OpenSSL: /usr/lib/x86_64-linux-gnu/libcrypto.so (found version "3.0.2")  
-- Found FastRTPS: /opt/ros/humble/include  
-- Using RMW implementation 'rmw_fastrtps_cpp' as default
-- Found Threads: TRUE  
-- Found rclcpp_lifecycle: 16.0.15 (/opt/ros/humble/share/rclcpp_lifecycle/cmake)
-- Found Boost: /usr/lib/x86_64-linux-gnu/cmake/Boost-1.74.0/BoostConfig.cmake (found version "1.74.0") found components: filesystem 
-- library: /usr/lib/x86_64-linux-gnu/libcurl.so
-- Found Eigen3: TRUE (found version "3.4.0") 
-- Ensuring Eigen3 include directory is part of orocos-kdl CMake target
-- Found Boost: /usr/lib/x86_64-linux-gnu/cmake/Boost-1.74.0/BoostConfig.cmake (found version "1.74.0") found components: system filesystem date_time program_options thread chrono 
-- Found Boost: /usr/lib/x86_64-linux-gnu/cmake/Boost-1.74.0/BoostConfig.cmake (found version "1.74.0") found components: date_time filesystem program_options system thread 
-- Found Boost: /usr/lib/x86_64-linux-gnu/cmake/Boost-1.74.0/BoostConfig.cmake (found version "1.74.0") found components: thread system filesystem regex date_time program_options 
-- Found Boost: /usr/lib/x86_64-linux-gnu/cmake/Boost-1.74.0/BoostConfig.cmake (found version "1.74.0") found components: system filesystem date_time program_options thread 
-- Found ament_lint_auto: 0.12.14 (/opt/ros/humble/share/ament_lint_auto/cmake)
-- Added test 'cppcheck' to perform static code analysis on C / C++ code
-- Configured cppcheck include dirs: /home/zc/code/ws_arm5dof/src/arm5dof_mtc/include
-- Configured cppcheck exclude dirs and/or files: 
-- Added test 'flake8' to check Python code syntax and style conventions
-- Added test 'lint_cmake' to check CMake code style
-- Added test 'pep257' to check Python code against some of the docstring style conventions in PEP 257
-- Added test 'uncrustify' to check C / C++ code style
-- Configured uncrustify additional arguments: 
-- Added test 'xmllint' to check XML markup files
-- Configuring done
-- Generating done
-- Build files have been written to: /home/zc/code/ws_arm5dof/src/build/arm5dof_mtc
[ 66%] [32mBuilding CXX object CMakeFiles/arm5dof_mtc.dir/src/main.cpp.o[0m
[ 66%] [32mBuilding CXX object CMakeFiles/arm5dof_mtc.dir/src/mtc.cpp.o[0m
[100%] [32m[1mLinking CXX executable arm5dof_mtc[0m
[100%] Built target arm5dof_mtc
-- Install configuration: ""
-- Installing: /home/zc/code/ws_arm5dof/src/install/arm5dof_mtc/lib/arm5dof_mtc/arm5dof_mtc
-- Set runtime path of "/home/zc/code/ws_arm5dof/src/install/arm5dof_mtc/lib/arm5dof_mtc/arm5dof_mtc" to ""
-- Installing: /home/zc/code/ws_arm5dof/src/install/arm5dof_mtc/share/arm5dof_mtc//launch
-- Installing: /home/zc/code/ws_arm5dof/src/install/arm5dof_mtc/share/arm5dof_mtc//launch/mtc.launch.py
-- Installing: /home/zc/code/ws_arm5dof/src/install/arm5dof_mtc/share/arm5dof_mtc//launch/mtc.rviz
-- Installing: /home/zc/code/ws_arm5dof/src/install/arm5dof_mtc/share/ament_index/resource_index/package_run_dependencies/arm5dof_mtc
-- Installing: /home/zc/code/ws_arm5dof/src/install/arm5dof_mtc/share/ament_index/resource_index/parent_prefix_path/arm5dof_mtc
-- Installing: /home/zc/code/ws_arm5dof/src/install/arm5dof_mtc/share/arm5dof_mtc/environment/ament_prefix_path.sh
-- Installing: /home/zc/code/ws_arm5dof/src/install/arm5dof_mtc/share/arm5dof_mtc/environment/ament_prefix_path.dsv
-- Installing: /home/zc/code/ws_arm5dof/src/install/arm5dof_mtc/share/arm5dof_mtc/environment/path.sh
-- Installing: /home/zc/code/ws_arm5dof/src/install/arm5dof_mtc/share/arm5dof_mtc/environment/path.dsv
-- Installing: /home/zc/code/ws_arm5dof/src/install/arm5dof_mtc/share/arm5dof_mtc/local_setup.bash
-- Installing: /home/zc/code/ws_arm5dof/src/install/arm5dof_mtc/share/arm5dof_mtc/local_setup.sh
-- Installing: /home/zc/code/ws_arm5dof/src/install/arm5dof_mtc/share/arm5dof_mtc/local_setup.zsh
-- Installing: /home/zc/code/ws_arm5dof/src/install/arm5dof_mtc/share/arm5dof_mtc/local_setup.dsv
-- Installing: /home/zc/code/ws_arm5dof/src/install/arm5dof_mtc/share/arm5dof_mtc/package.dsv
-- Installing: /home/zc/code/ws_arm5dof/src/install/arm5dof_mtc/share/ament_index/resource_index/packages/arm5dof_mtc
-- Installing: /home/zc/code/ws_arm5dof/src/install/arm5dof_mtc/share/arm5dof_mtc/cmake/arm5dof_mtcConfig.cmake
-- Installing: /home/zc/code/ws_arm5dof/src/install/arm5dof_mtc/share/arm5dof_mtc/cmake/arm5dof_mtcConfig-version.cmake
-- Installing: /home/zc/code/ws_arm5dof/src/install/arm5dof_mtc/share/arm5dof_mtc/package.xml
