[0.012s] Invoking command in '/home/zc/code/ws_arm5dof/src/build/arm5dof_mtc': AMENT_PREFIX_PATH=/home/zc/code/ws_arm5dof/src/install/moveit_task_constructor_core:/home/zc/code/ws_arm5dof/src/install/rviz_marker_tools:/home/zc/code/ws_arm5dof/src/install/moveit_task_constructor_msgs:${AMENT_PREFIX_PATH} CMAKE_MODULE_PATH=/home/zc/code/ws_arm5dof/src/install/moveit_task_constructor_core/share/moveit_task_constructor_core/cmake:${CMAKE_MODULE_PATH} CMAKE_PREFIX_PATH=/home/zc/code/ws_arm5dof/src/install/moveit_task_constructor_core:/home/zc/code/ws_arm5dof/src/install/rviz_marker_tools:/home/zc/code/ws_arm5dof/src/install/moveit_task_constructor_msgs:/home/zc/code/ws_arm5dof/install/moveit_task_constructor_visualization:/home/zc/code/ws_arm5dof/install/moveit_task_constructor_demo:/home/zc/code/ws_arm5dof/install/moveit_task_constructor_capabilities:/home/zc/code/ws_arm5dof/install/arm5dof_mtc:/home/zc/code/ws_arm5dof/install/moveit_task_constructor_core:/home/zc/code/ws_arm5dof/install/rviz_marker_tools:/home/zc/code/ws_arm5dof/install/moveit_task_constructor_msgs:/home/zc/code/ws_arm5dof/install/arm5dof_movegroup:/home/zc/code/ws_arm5dof/install/arm5dof_target_detect:/home/zc/code/ws_arm5dof/install/arm5dof_moveit_config:/home/zc/code/ws_arm5dof/install/arm5dof_description:/opt/ros/humble LD_LIBRARY_PATH=/home/zc/code/ws_arm5dof/src/install/moveit_task_constructor_core/lib:/home/zc/code/ws_arm5dof/src/install/rviz_marker_tools/lib:/home/zc/code/ws_arm5dof/src/install/moveit_task_constructor_msgs/lib:${LD_LIBRARY_PATH} PYTHONPATH=/home/zc/code/ws_arm5dof/src/install/moveit_task_constructor_core/local/lib/python3.10/dist-packages:/home/zc/code/ws_arm5dof/src/install/moveit_task_constructor_msgs/local/lib/python3.10/dist-packages:${PYTHONPATH} /usr/bin/cmake /home/zc/code/ws_arm5dof/src/arm5dof_mtc -DCMAKE_INSTALL_PREFIX=/home/zc/code/ws_arm5dof/src/install/arm5dof_mtc
[0.056s] -- The C compiler identification is GNU 11.4.0
[0.100s] -- The CXX compiler identification is GNU 11.4.0
[0.106s] -- Detecting C compiler ABI info
[0.165s] -- Detecting C compiler ABI info - done
[0.170s] -- Check for working C compiler: /usr/bin/cc - skipped
[0.170s] -- Detecting C compile features
[0.170s] -- Detecting C compile features - done
[0.172s] -- Detecting CXX compiler ABI info
[0.234s] -- Detecting CXX compiler ABI info - done
[0.238s] -- Check for working CXX compiler: /usr/bin/c++ - skipped
[0.238s] -- Detecting CXX compile features
[0.238s] -- Detecting CXX compile features - done
[0.241s] -- Found ament_cmake: 1.3.12 (/opt/ros/humble/share/ament_cmake/cmake)
[0.350s] -- Found Python3: /usr/bin/python3 (found version "3.10.12") found components: Interpreter 
[0.431s] -- Found moveit_task_constructor_core: 0.1.3 (/home/zc/code/ws_arm5dof/src/install/moveit_task_constructor_core/share/moveit_task_constructor_core/cmake)
[0.479s] -- Found rosidl_generator_c: 3.1.7 (/opt/ros/humble/share/rosidl_generator_c/cmake)
[0.485s] -- Found rosidl_adapter: 3.1.7 (/opt/ros/humble/share/rosidl_adapter/cmake)
[0.494s] -- Found rosidl_generator_cpp: 3.1.7 (/opt/ros/humble/share/rosidl_generator_cpp/cmake)
[0.504s] -- Using all available rosidl_typesupport_c: rosidl_typesupport_fastrtps_c;rosidl_typesupport_introspection_c
[0.519s] -- Using all available rosidl_typesupport_cpp: rosidl_typesupport_fastrtps_cpp;rosidl_typesupport_introspection_cpp
[0.719s] -- Found Boost: /usr/lib/x86_64-linux-gnu/cmake/Boost-1.74.0/BoostConfig.cmake (found version "1.74.0") found components: chrono date_time filesystem iostreams program_options regex serialization system thread 
[0.765s] -- Found parameter_traits: 0.5.0 (/opt/ros/humble/share/parameter_traits/cmake)
[0.806s] -- Found rmw_implementation_cmake: 6.1.2 (/opt/ros/humble/share/rmw_implementation_cmake/cmake)
[0.809s] -- Found rmw_fastrtps_cpp: 6.2.9 (/opt/ros/humble/share/rmw_fastrtps_cpp/cmake)
[0.902s] -- Found OpenSSL: /usr/lib/x86_64-linux-gnu/libcrypto.so (found version "3.0.2")  
[0.922s] -- Found FastRTPS: /opt/ros/humble/include  
[0.956s] -- Using RMW implementation 'rmw_fastrtps_cpp' as default
[0.966s] -- Found Threads: TRUE  
[1.004s] -- Found rclcpp_lifecycle: 16.0.15 (/opt/ros/humble/share/rclcpp_lifecycle/cmake)
[1.023s] -- Found Boost: /usr/lib/x86_64-linux-gnu/cmake/Boost-1.74.0/BoostConfig.cmake (found version "1.74.0") found components: filesystem 
[1.119s] -- library: /usr/lib/x86_64-linux-gnu/libcurl.so
[1.169s] -- Found Eigen3: TRUE (found version "3.4.0") 
[1.170s] -- Ensuring Eigen3 include directory is part of orocos-kdl CMake target
[1.364s] -- Found Boost: /usr/lib/x86_64-linux-gnu/cmake/Boost-1.74.0/BoostConfig.cmake (found version "1.74.0") found components: system filesystem date_time program_options thread chrono 
[1.387s] -- Found Boost: /usr/lib/x86_64-linux-gnu/cmake/Boost-1.74.0/BoostConfig.cmake (found version "1.74.0") found components: date_time filesystem program_options system thread 
[1.397s] -- Found Boost: /usr/lib/x86_64-linux-gnu/cmake/Boost-1.74.0/BoostConfig.cmake (found version "1.74.0") found components: thread system filesystem regex date_time program_options 
[1.414s] -- Found Boost: /usr/lib/x86_64-linux-gnu/cmake/Boost-1.74.0/BoostConfig.cmake (found version "1.74.0") found components: system filesystem date_time program_options thread 
[1.465s] -- Found ament_lint_auto: 0.12.14 (/opt/ros/humble/share/ament_lint_auto/cmake)
[1.527s] -- Added test 'cppcheck' to perform static code analysis on C / C++ code
[1.527s] -- Configured cppcheck include dirs: /home/zc/code/ws_arm5dof/src/arm5dof_mtc/include
[1.528s] -- Configured cppcheck exclude dirs and/or files: 
[1.528s] -- Added test 'flake8' to check Python code syntax and style conventions
[1.528s] -- Added test 'lint_cmake' to check CMake code style
[1.529s] -- Added test 'pep257' to check Python code against some of the docstring style conventions in PEP 257
[1.529s] -- Added test 'uncrustify' to check C / C++ code style
[1.529s] -- Configured uncrustify additional arguments: 
[1.530s] -- Added test 'xmllint' to check XML markup files
[1.531s] -- Configuring done
[1.550s] -- Generating done
[1.555s] -- Build files have been written to: /home/zc/code/ws_arm5dof/src/build/arm5dof_mtc
[1.571s] Invoked command in '/home/zc/code/ws_arm5dof/src/build/arm5dof_mtc' returned '0': AMENT_PREFIX_PATH=/home/zc/code/ws_arm5dof/src/install/moveit_task_constructor_core:/home/zc/code/ws_arm5dof/src/install/rviz_marker_tools:/home/zc/code/ws_arm5dof/src/install/moveit_task_constructor_msgs:${AMENT_PREFIX_PATH} CMAKE_MODULE_PATH=/home/zc/code/ws_arm5dof/src/install/moveit_task_constructor_core/share/moveit_task_constructor_core/cmake:${CMAKE_MODULE_PATH} CMAKE_PREFIX_PATH=/home/zc/code/ws_arm5dof/src/install/moveit_task_constructor_core:/home/zc/code/ws_arm5dof/src/install/rviz_marker_tools:/home/zc/code/ws_arm5dof/src/install/moveit_task_constructor_msgs:/home/zc/code/ws_arm5dof/install/moveit_task_constructor_visualization:/home/zc/code/ws_arm5dof/install/moveit_task_constructor_demo:/home/zc/code/ws_arm5dof/install/moveit_task_constructor_capabilities:/home/zc/code/ws_arm5dof/install/arm5dof_mtc:/home/zc/code/ws_arm5dof/install/moveit_task_constructor_core:/home/zc/code/ws_arm5dof/install/rviz_marker_tools:/home/zc/code/ws_arm5dof/install/moveit_task_constructor_msgs:/home/zc/code/ws_arm5dof/install/arm5dof_movegroup:/home/zc/code/ws_arm5dof/install/arm5dof_target_detect:/home/zc/code/ws_arm5dof/install/arm5dof_moveit_config:/home/zc/code/ws_arm5dof/install/arm5dof_description:/opt/ros/humble LD_LIBRARY_PATH=/home/zc/code/ws_arm5dof/src/install/moveit_task_constructor_core/lib:/home/zc/code/ws_arm5dof/src/install/rviz_marker_tools/lib:/home/zc/code/ws_arm5dof/src/install/moveit_task_constructor_msgs/lib:${LD_LIBRARY_PATH} PYTHONPATH=/home/zc/code/ws_arm5dof/src/install/moveit_task_constructor_core/local/lib/python3.10/dist-packages:/home/zc/code/ws_arm5dof/src/install/moveit_task_constructor_msgs/local/lib/python3.10/dist-packages:${PYTHONPATH} /usr/bin/cmake /home/zc/code/ws_arm5dof/src/arm5dof_mtc -DCMAKE_INSTALL_PREFIX=/home/zc/code/ws_arm5dof/src/install/arm5dof_mtc
[1.573s] Invoking command in '/home/zc/code/ws_arm5dof/src/build/arm5dof_mtc': AMENT_PREFIX_PATH=/home/zc/code/ws_arm5dof/src/install/moveit_task_constructor_core:/home/zc/code/ws_arm5dof/src/install/rviz_marker_tools:/home/zc/code/ws_arm5dof/src/install/moveit_task_constructor_msgs:${AMENT_PREFIX_PATH} CMAKE_MODULE_PATH=/home/zc/code/ws_arm5dof/src/install/moveit_task_constructor_core/share/moveit_task_constructor_core/cmake:${CMAKE_MODULE_PATH} CMAKE_PREFIX_PATH=/home/zc/code/ws_arm5dof/src/install/moveit_task_constructor_core:/home/zc/code/ws_arm5dof/src/install/rviz_marker_tools:/home/zc/code/ws_arm5dof/src/install/moveit_task_constructor_msgs:/home/zc/code/ws_arm5dof/install/moveit_task_constructor_visualization:/home/zc/code/ws_arm5dof/install/moveit_task_constructor_demo:/home/zc/code/ws_arm5dof/install/moveit_task_constructor_capabilities:/home/zc/code/ws_arm5dof/install/arm5dof_mtc:/home/zc/code/ws_arm5dof/install/moveit_task_constructor_core:/home/zc/code/ws_arm5dof/install/rviz_marker_tools:/home/zc/code/ws_arm5dof/install/moveit_task_constructor_msgs:/home/zc/code/ws_arm5dof/install/arm5dof_movegroup:/home/zc/code/ws_arm5dof/install/arm5dof_target_detect:/home/zc/code/ws_arm5dof/install/arm5dof_moveit_config:/home/zc/code/ws_arm5dof/install/arm5dof_description:/opt/ros/humble LD_LIBRARY_PATH=/home/zc/code/ws_arm5dof/src/install/moveit_task_constructor_core/lib:/home/zc/code/ws_arm5dof/src/install/rviz_marker_tools/lib:/home/zc/code/ws_arm5dof/src/install/moveit_task_constructor_msgs/lib:${LD_LIBRARY_PATH} PYTHONPATH=/home/zc/code/ws_arm5dof/src/install/moveit_task_constructor_core/local/lib/python3.10/dist-packages:/home/zc/code/ws_arm5dof/src/install/moveit_task_constructor_msgs/local/lib/python3.10/dist-packages:${PYTHONPATH} /usr/bin/cmake --build /home/zc/code/ws_arm5dof/src/build/arm5dof_mtc -- -j16 -l16
[1.627s] [ 66%] [32mBuilding CXX object CMakeFiles/arm5dof_mtc.dir/src/main.cpp.o[0m
[1.627s] [ 66%] [32mBuilding CXX object CMakeFiles/arm5dof_mtc.dir/src/mtc.cpp.o[0m
[11.810s] [100%] [32m[1mLinking CXX executable arm5dof_mtc[0m
[12.091s] [100%] Built target arm5dof_mtc
[12.104s] Invoked command in '/home/zc/code/ws_arm5dof/src/build/arm5dof_mtc' returned '0': AMENT_PREFIX_PATH=/home/zc/code/ws_arm5dof/src/install/moveit_task_constructor_core:/home/zc/code/ws_arm5dof/src/install/rviz_marker_tools:/home/zc/code/ws_arm5dof/src/install/moveit_task_constructor_msgs:${AMENT_PREFIX_PATH} CMAKE_MODULE_PATH=/home/zc/code/ws_arm5dof/src/install/moveit_task_constructor_core/share/moveit_task_constructor_core/cmake:${CMAKE_MODULE_PATH} CMAKE_PREFIX_PATH=/home/zc/code/ws_arm5dof/src/install/moveit_task_constructor_core:/home/zc/code/ws_arm5dof/src/install/rviz_marker_tools:/home/zc/code/ws_arm5dof/src/install/moveit_task_constructor_msgs:/home/zc/code/ws_arm5dof/install/moveit_task_constructor_visualization:/home/zc/code/ws_arm5dof/install/moveit_task_constructor_demo:/home/zc/code/ws_arm5dof/install/moveit_task_constructor_capabilities:/home/zc/code/ws_arm5dof/install/arm5dof_mtc:/home/zc/code/ws_arm5dof/install/moveit_task_constructor_core:/home/zc/code/ws_arm5dof/install/rviz_marker_tools:/home/zc/code/ws_arm5dof/install/moveit_task_constructor_msgs:/home/zc/code/ws_arm5dof/install/arm5dof_movegroup:/home/zc/code/ws_arm5dof/install/arm5dof_target_detect:/home/zc/code/ws_arm5dof/install/arm5dof_moveit_config:/home/zc/code/ws_arm5dof/install/arm5dof_description:/opt/ros/humble LD_LIBRARY_PATH=/home/zc/code/ws_arm5dof/src/install/moveit_task_constructor_core/lib:/home/zc/code/ws_arm5dof/src/install/rviz_marker_tools/lib:/home/zc/code/ws_arm5dof/src/install/moveit_task_constructor_msgs/lib:${LD_LIBRARY_PATH} PYTHONPATH=/home/zc/code/ws_arm5dof/src/install/moveit_task_constructor_core/local/lib/python3.10/dist-packages:/home/zc/code/ws_arm5dof/src/install/moveit_task_constructor_msgs/local/lib/python3.10/dist-packages:${PYTHONPATH} /usr/bin/cmake --build /home/zc/code/ws_arm5dof/src/build/arm5dof_mtc -- -j16 -l16
[12.106s] Invoking command in '/home/zc/code/ws_arm5dof/src/build/arm5dof_mtc': AMENT_PREFIX_PATH=/home/zc/code/ws_arm5dof/src/install/moveit_task_constructor_core:/home/zc/code/ws_arm5dof/src/install/rviz_marker_tools:/home/zc/code/ws_arm5dof/src/install/moveit_task_constructor_msgs:${AMENT_PREFIX_PATH} CMAKE_MODULE_PATH=/home/zc/code/ws_arm5dof/src/install/moveit_task_constructor_core/share/moveit_task_constructor_core/cmake:${CMAKE_MODULE_PATH} CMAKE_PREFIX_PATH=/home/zc/code/ws_arm5dof/src/install/moveit_task_constructor_core:/home/zc/code/ws_arm5dof/src/install/rviz_marker_tools:/home/zc/code/ws_arm5dof/src/install/moveit_task_constructor_msgs:/home/zc/code/ws_arm5dof/install/moveit_task_constructor_visualization:/home/zc/code/ws_arm5dof/install/moveit_task_constructor_demo:/home/zc/code/ws_arm5dof/install/moveit_task_constructor_capabilities:/home/zc/code/ws_arm5dof/install/arm5dof_mtc:/home/zc/code/ws_arm5dof/install/moveit_task_constructor_core:/home/zc/code/ws_arm5dof/install/rviz_marker_tools:/home/zc/code/ws_arm5dof/install/moveit_task_constructor_msgs:/home/zc/code/ws_arm5dof/install/arm5dof_movegroup:/home/zc/code/ws_arm5dof/install/arm5dof_target_detect:/home/zc/code/ws_arm5dof/install/arm5dof_moveit_config:/home/zc/code/ws_arm5dof/install/arm5dof_description:/opt/ros/humble LD_LIBRARY_PATH=/home/zc/code/ws_arm5dof/src/install/moveit_task_constructor_core/lib:/home/zc/code/ws_arm5dof/src/install/rviz_marker_tools/lib:/home/zc/code/ws_arm5dof/src/install/moveit_task_constructor_msgs/lib:${LD_LIBRARY_PATH} PYTHONPATH=/home/zc/code/ws_arm5dof/src/install/moveit_task_constructor_core/local/lib/python3.10/dist-packages:/home/zc/code/ws_arm5dof/src/install/moveit_task_constructor_msgs/local/lib/python3.10/dist-packages:${PYTHONPATH} /usr/bin/cmake --install /home/zc/code/ws_arm5dof/src/build/arm5dof_mtc
[12.114s] -- Install configuration: ""
[12.114s] -- Installing: /home/zc/code/ws_arm5dof/src/install/arm5dof_mtc/lib/arm5dof_mtc/arm5dof_mtc
[12.115s] -- Set runtime path of "/home/zc/code/ws_arm5dof/src/install/arm5dof_mtc/lib/arm5dof_mtc/arm5dof_mtc" to ""
[12.115s] -- Installing: /home/zc/code/ws_arm5dof/src/install/arm5dof_mtc/share/arm5dof_mtc//launch
[12.115s] -- Installing: /home/zc/code/ws_arm5dof/src/install/arm5dof_mtc/share/arm5dof_mtc//launch/mtc.launch.py
[12.115s] -- Installing: /home/zc/code/ws_arm5dof/src/install/arm5dof_mtc/share/arm5dof_mtc//launch/mtc.rviz
[12.115s] -- Installing: /home/zc/code/ws_arm5dof/src/install/arm5dof_mtc/share/ament_index/resource_index/package_run_dependencies/arm5dof_mtc
[12.115s] -- Installing: /home/zc/code/ws_arm5dof/src/install/arm5dof_mtc/share/ament_index/resource_index/parent_prefix_path/arm5dof_mtc
[12.116s] -- Installing: /home/zc/code/ws_arm5dof/src/install/arm5dof_mtc/share/arm5dof_mtc/environment/ament_prefix_path.sh
[12.116s] -- Installing: /home/zc/code/ws_arm5dof/src/install/arm5dof_mtc/share/arm5dof_mtc/environment/ament_prefix_path.dsv
[12.116s] -- Installing: /home/zc/code/ws_arm5dof/src/install/arm5dof_mtc/share/arm5dof_mtc/environment/path.sh
[12.116s] -- Installing: /home/zc/code/ws_arm5dof/src/install/arm5dof_mtc/share/arm5dof_mtc/environment/path.dsv
[12.116s] -- Installing: /home/zc/code/ws_arm5dof/src/install/arm5dof_mtc/share/arm5dof_mtc/local_setup.bash
[12.116s] -- Installing: /home/zc/code/ws_arm5dof/src/install/arm5dof_mtc/share/arm5dof_mtc/local_setup.sh
[12.116s] -- Installing: /home/zc/code/ws_arm5dof/src/install/arm5dof_mtc/share/arm5dof_mtc/local_setup.zsh
[12.116s] -- Installing: /home/zc/code/ws_arm5dof/src/install/arm5dof_mtc/share/arm5dof_mtc/local_setup.dsv
[12.116s] -- Installing: /home/zc/code/ws_arm5dof/src/install/arm5dof_mtc/share/arm5dof_mtc/package.dsv
[12.117s] -- Installing: /home/zc/code/ws_arm5dof/src/install/arm5dof_mtc/share/ament_index/resource_index/packages/arm5dof_mtc
[12.117s] -- Installing: /home/zc/code/ws_arm5dof/src/install/arm5dof_mtc/share/arm5dof_mtc/cmake/arm5dof_mtcConfig.cmake
[12.117s] -- Installing: /home/zc/code/ws_arm5dof/src/install/arm5dof_mtc/share/arm5dof_mtc/cmake/arm5dof_mtcConfig-version.cmake
[12.117s] -- Installing: /home/zc/code/ws_arm5dof/src/install/arm5dof_mtc/share/arm5dof_mtc/package.xml
[12.119s] Invoked command in '/home/zc/code/ws_arm5dof/src/build/arm5dof_mtc' returned '0': AMENT_PREFIX_PATH=/home/zc/code/ws_arm5dof/src/install/moveit_task_constructor_core:/home/zc/code/ws_arm5dof/src/install/rviz_marker_tools:/home/zc/code/ws_arm5dof/src/install/moveit_task_constructor_msgs:${AMENT_PREFIX_PATH} CMAKE_MODULE_PATH=/home/zc/code/ws_arm5dof/src/install/moveit_task_constructor_core/share/moveit_task_constructor_core/cmake:${CMAKE_MODULE_PATH} CMAKE_PREFIX_PATH=/home/zc/code/ws_arm5dof/src/install/moveit_task_constructor_core:/home/zc/code/ws_arm5dof/src/install/rviz_marker_tools:/home/zc/code/ws_arm5dof/src/install/moveit_task_constructor_msgs:/home/zc/code/ws_arm5dof/install/moveit_task_constructor_visualization:/home/zc/code/ws_arm5dof/install/moveit_task_constructor_demo:/home/zc/code/ws_arm5dof/install/moveit_task_constructor_capabilities:/home/zc/code/ws_arm5dof/install/arm5dof_mtc:/home/zc/code/ws_arm5dof/install/moveit_task_constructor_core:/home/zc/code/ws_arm5dof/install/rviz_marker_tools:/home/zc/code/ws_arm5dof/install/moveit_task_constructor_msgs:/home/zc/code/ws_arm5dof/install/arm5dof_movegroup:/home/zc/code/ws_arm5dof/install/arm5dof_target_detect:/home/zc/code/ws_arm5dof/install/arm5dof_moveit_config:/home/zc/code/ws_arm5dof/install/arm5dof_description:/opt/ros/humble LD_LIBRARY_PATH=/home/zc/code/ws_arm5dof/src/install/moveit_task_constructor_core/lib:/home/zc/code/ws_arm5dof/src/install/rviz_marker_tools/lib:/home/zc/code/ws_arm5dof/src/install/moveit_task_constructor_msgs/lib:${LD_LIBRARY_PATH} PYTHONPATH=/home/zc/code/ws_arm5dof/src/install/moveit_task_constructor_core/local/lib/python3.10/dist-packages:/home/zc/code/ws_arm5dof/src/install/moveit_task_constructor_msgs/local/lib/python3.10/dist-packages:${PYTHONPATH} /usr/bin/cmake --install /home/zc/code/ws_arm5dof/src/build/arm5dof_mtc
