[0.011s] Invoking command in '/home/zc/code/ws_arm5dof/src/build/moveit_task_constructor_core': AMENT_PREFIX_PATH=/home/zc/code/ws_arm5dof/src/install/rviz_marker_tools:/home/zc/code/ws_arm5dof/src/install/moveit_task_constructor_msgs:${AMENT_PREFIX_PATH} CMAKE_PREFIX_PATH=/home/zc/code/ws_arm5dof/src/install/rviz_marker_tools:/home/zc/code/ws_arm5dof/src/install/moveit_task_constructor_msgs:/home/zc/code/ws_arm5dof/install/moveit_task_constructor_visualization:/home/zc/code/ws_arm5dof/install/moveit_task_constructor_demo:/home/zc/code/ws_arm5dof/install/moveit_task_constructor_capabilities:/home/zc/code/ws_arm5dof/install/arm5dof_mtc:/home/zc/code/ws_arm5dof/install/moveit_task_constructor_core:/home/zc/code/ws_arm5dof/install/rviz_marker_tools:/home/zc/code/ws_arm5dof/install/moveit_task_constructor_msgs:/home/zc/code/ws_arm5dof/install/arm5dof_movegroup:/home/zc/code/ws_arm5dof/install/arm5dof_target_detect:/home/zc/code/ws_arm5dof/install/arm5dof_moveit_config:/home/zc/code/ws_arm5dof/install/arm5dof_description:/opt/ros/humble LD_LIBRARY_PATH=/home/zc/code/ws_arm5dof/src/install/rviz_marker_tools/lib:/home/zc/code/ws_arm5dof/src/install/moveit_task_constructor_msgs/lib:${LD_LIBRARY_PATH} PYTHONPATH=/home/zc/code/ws_arm5dof/src/install/moveit_task_constructor_msgs/local/lib/python3.10/dist-packages:${PYTHONPATH} /usr/bin/cmake /home/zc/code/ws_arm5dof/src/moveit_task_constructor/core -DCMAKE_INSTALL_PREFIX=/home/zc/code/ws_arm5dof/src/install/moveit_task_constructor_core
[0.062s] -- The C compiler identification is GNU 11.4.0
[0.104s] -- The CXX compiler identification is GNU 11.4.0
[0.110s] -- Detecting C compiler ABI info
[0.176s] -- Detecting C compiler ABI info - done
[0.180s] -- Check for working C compiler: /usr/bin/cc - skipped
[0.180s] -- Detecting C compile features
[0.180s] -- Detecting C compile features - done
[0.182s] -- Detecting CXX compiler ABI info
[0.254s] -- Detecting CXX compiler ABI info - done
[0.259s] -- Check for working CXX compiler: /usr/bin/c++ - skipped
[0.259s] -- Detecting CXX compile features
[0.259s] -- Detecting CXX compile features - done
[0.263s] -- Found ament_cmake: 1.3.12 (/opt/ros/humble/share/ament_cmake/cmake)
[0.388s] -- Found Python3: /usr/bin/python3 (found version "3.10.12") found components: Interpreter 
[0.479s] -- Found Boost: /usr/lib/x86_64-linux-gnu/cmake/Boost-1.74.0/BoostConfig.cmake (found version "1.74.0")  
[0.485s] -- Found geometry_msgs: 4.9.0 (/opt/ros/humble/share/geometry_msgs/cmake)
[0.522s] -- Found rosidl_generator_c: 3.1.7 (/opt/ros/humble/share/rosidl_generator_c/cmake)
[0.528s] -- Found rosidl_adapter: 3.1.7 (/opt/ros/humble/share/rosidl_adapter/cmake)
[0.537s] -- Found rosidl_generator_cpp: 3.1.7 (/opt/ros/humble/share/rosidl_generator_cpp/cmake)
[0.548s] -- Using all available rosidl_typesupport_c: rosidl_typesupport_fastrtps_c;rosidl_typesupport_introspection_c
[0.563s] -- Using all available rosidl_typesupport_cpp: rosidl_typesupport_fastrtps_cpp;rosidl_typesupport_introspection_cpp
[0.593s] -- Found moveit_common: 2.5.9 (/opt/ros/humble/share/moveit_common/cmake)
[0.641s] [0mmoveit_task_constructor_core: You did not request a specific build type: Choosing 'Release' for maximum performance[0m
[0.643s] -- Found moveit_core: 2.5.9 (/opt/ros/humble/share/moveit_core/cmake)
[0.859s] -- Found Boost: /usr/lib/x86_64-linux-gnu/cmake/Boost-1.74.0/BoostConfig.cmake (found version "1.74.0") found components: chrono date_time filesystem iostreams program_options regex serialization system thread 
[0.905s] -- Found parameter_traits: 0.5.0 (/opt/ros/humble/share/parameter_traits/cmake)
[0.948s] -- Found rmw_implementation_cmake: 6.1.2 (/opt/ros/humble/share/rmw_implementation_cmake/cmake)
[0.951s] -- Found rmw_fastrtps_cpp: 6.2.9 (/opt/ros/humble/share/rmw_fastrtps_cpp/cmake)
[1.046s] -- Found OpenSSL: /usr/lib/x86_64-linux-gnu/libcrypto.so (found version "3.0.2")  
[1.067s] -- Found FastRTPS: /opt/ros/humble/include  
[1.103s] -- Using RMW implementation 'rmw_fastrtps_cpp' as default
[1.112s] -- Found Threads: TRUE  
[1.154s] -- Found rclcpp_lifecycle: 16.0.15 (/opt/ros/humble/share/rclcpp_lifecycle/cmake)
[1.174s] -- Found Boost: /usr/lib/x86_64-linux-gnu/cmake/Boost-1.74.0/BoostConfig.cmake (found version "1.74.0") found components: filesystem 
[1.271s] -- library: /usr/lib/x86_64-linux-gnu/libcurl.so
[1.324s] -- Found Eigen3: TRUE (found version "3.4.0") 
[1.324s] -- Ensuring Eigen3 include directory is part of orocos-kdl CMake target
[1.522s] -- Found moveit_ros_planning: 2.5.9 (/opt/ros/humble/share/moveit_ros_planning/cmake)
[1.527s] -- Found Boost: /usr/lib/x86_64-linux-gnu/cmake/Boost-1.74.0/BoostConfig.cmake (found version "1.74.0") found components: system filesystem date_time program_options thread chrono 
[1.547s] -- Found moveit_ros_planning_interface: 2.5.9 (/opt/ros/humble/share/moveit_ros_planning_interface/cmake)
[1.551s] -- Found Boost: /usr/lib/x86_64-linux-gnu/cmake/Boost-1.74.0/BoostConfig.cmake (found version "1.74.0") found components: date_time filesystem program_options system thread 
[1.563s] -- Found Boost: /usr/lib/x86_64-linux-gnu/cmake/Boost-1.74.0/BoostConfig.cmake (found version "1.74.0") found components: thread system filesystem regex date_time program_options 
[1.580s] -- Found Boost: /usr/lib/x86_64-linux-gnu/cmake/Boost-1.74.0/BoostConfig.cmake (found version "1.74.0") found components: system filesystem date_time program_options thread 
[1.599s] -- Found moveit_task_constructor_msgs: 0.1.3 (/home/zc/code/ws_arm5dof/src/install/moveit_task_constructor_msgs/share/moveit_task_constructor_msgs/cmake)
[1.620s] -- Found py_binding_tools: 2.0.1 (/opt/ros/humble/share/py_binding_tools/cmake)
[1.622s] -- Found rviz_marker_tools: 0.1.3 (/home/zc/code/ws_arm5dof/src/install/rviz_marker_tools/share/rviz_marker_tools/cmake)
[1.778s] -- Found Python3: /usr/bin/python3 (found version "3.10.12") found components: Interpreter Development Development.Module Development.Embed 
[1.782s] -- pybind11 v2.13.0 dev1
[1.799s] -- Found PythonInterp: /usr/bin/python3 (found suitable version "3.10.12", minimum required is "3.6") 
[1.816s] -- Found PythonLibs: /usr/lib/x86_64-linux-gnu/libpython3.10.so
[1.818s] -- Performing Test HAS_FLTO
[1.943s] -- Performing Test HAS_FLTO - Success
[1.949s] -- Found ament_cmake_pytest: 1.3.12 (/opt/ros/humble/share/ament_cmake_pytest/cmake)
[1.952s] -- Found launch_testing_ament_cmake: 1.0.11 (/opt/ros/humble/share/launch_testing_ament_cmake/cmake)
[1.954s] -- Found python_cmake_module: 0.10.0 (/opt/ros/humble/share/python_cmake_module/cmake)
[1.996s] -- Found PythonLibs: /usr/lib/x86_64-linux-gnu/libpython3.10.so (found suitable version "3.10.12", minimum required is "3.5") 
[1.996s] -- Using PYTHON_EXECUTABLE: /usr/bin/python3
[1.997s] -- Using PYTHON_INCLUDE_DIRS: /usr/include/python3.10
[1.997s] -- Using PYTHON_LIBRARIES: /usr/lib/x86_64-linux-gnu/libpython3.10.so
[2.010s] -- Found PythonExtra: .so  
[2.239s] -- Found ament_cmake_gtest: 1.3.12 (/opt/ros/humble/share/ament_cmake_gtest/cmake)
[2.241s] -- Found ament_cmake_gmock: 1.3.12 (/opt/ros/humble/share/ament_cmake_gmock/cmake)
[2.241s] -- Found launch_testing_ament_cmake: 1.0.11 (/opt/ros/humble/share/launch_testing_ament_cmake/cmake)
[2.242s] -- Found python_cmake_module: 0.10.0 (/opt/ros/humble/share/python_cmake_module/cmake)
[2.260s] -- Using PYTHON_EXECUTABLE: /usr/bin/python3
[2.260s] -- Using PYTHON_INCLUDE_DIRS: /usr/include/python3.10
[2.260s] -- Using PYTHON_LIBRARIES: /usr/lib/x86_64-linux-gnu/libpython3.10.so
[2.263s] -- Found gmock sources under '/opt/ros/humble/src/gmock_vendor': C++ tests using 'Google Mock' will be built
[2.268s] -- Found gtest sources under '/opt/ros/humble/src/gtest_vendor': C++ tests using 'Google Test' will be built
[2.285s] -- Configuring done
[2.550s] -- Generating done
[2.614s] -- Build files have been written to: /home/zc/code/ws_arm5dof/src/build/moveit_task_constructor_core
[2.648s] Invoked command in '/home/zc/code/ws_arm5dof/src/build/moveit_task_constructor_core' returned '0': AMENT_PREFIX_PATH=/home/zc/code/ws_arm5dof/src/install/rviz_marker_tools:/home/zc/code/ws_arm5dof/src/install/moveit_task_constructor_msgs:${AMENT_PREFIX_PATH} CMAKE_PREFIX_PATH=/home/zc/code/ws_arm5dof/src/install/rviz_marker_tools:/home/zc/code/ws_arm5dof/src/install/moveit_task_constructor_msgs:/home/zc/code/ws_arm5dof/install/moveit_task_constructor_visualization:/home/zc/code/ws_arm5dof/install/moveit_task_constructor_demo:/home/zc/code/ws_arm5dof/install/moveit_task_constructor_capabilities:/home/zc/code/ws_arm5dof/install/arm5dof_mtc:/home/zc/code/ws_arm5dof/install/moveit_task_constructor_core:/home/zc/code/ws_arm5dof/install/rviz_marker_tools:/home/zc/code/ws_arm5dof/install/moveit_task_constructor_msgs:/home/zc/code/ws_arm5dof/install/arm5dof_movegroup:/home/zc/code/ws_arm5dof/install/arm5dof_target_detect:/home/zc/code/ws_arm5dof/install/arm5dof_moveit_config:/home/zc/code/ws_arm5dof/install/arm5dof_description:/opt/ros/humble LD_LIBRARY_PATH=/home/zc/code/ws_arm5dof/src/install/rviz_marker_tools/lib:/home/zc/code/ws_arm5dof/src/install/moveit_task_constructor_msgs/lib:${LD_LIBRARY_PATH} PYTHONPATH=/home/zc/code/ws_arm5dof/src/install/moveit_task_constructor_msgs/local/lib/python3.10/dist-packages:${PYTHONPATH} /usr/bin/cmake /home/zc/code/ws_arm5dof/src/moveit_task_constructor/core -DCMAKE_INSTALL_PREFIX=/home/zc/code/ws_arm5dof/src/install/moveit_task_constructor_core
[2.649s] Invoking command in '/home/zc/code/ws_arm5dof/src/build/moveit_task_constructor_core': AMENT_PREFIX_PATH=/home/zc/code/ws_arm5dof/src/install/rviz_marker_tools:/home/zc/code/ws_arm5dof/src/install/moveit_task_constructor_msgs:${AMENT_PREFIX_PATH} CMAKE_PREFIX_PATH=/home/zc/code/ws_arm5dof/src/install/rviz_marker_tools:/home/zc/code/ws_arm5dof/src/install/moveit_task_constructor_msgs:/home/zc/code/ws_arm5dof/install/moveit_task_constructor_visualization:/home/zc/code/ws_arm5dof/install/moveit_task_constructor_demo:/home/zc/code/ws_arm5dof/install/moveit_task_constructor_capabilities:/home/zc/code/ws_arm5dof/install/arm5dof_mtc:/home/zc/code/ws_arm5dof/install/moveit_task_constructor_core:/home/zc/code/ws_arm5dof/install/rviz_marker_tools:/home/zc/code/ws_arm5dof/install/moveit_task_constructor_msgs:/home/zc/code/ws_arm5dof/install/arm5dof_movegroup:/home/zc/code/ws_arm5dof/install/arm5dof_target_detect:/home/zc/code/ws_arm5dof/install/arm5dof_moveit_config:/home/zc/code/ws_arm5dof/install/arm5dof_description:/opt/ros/humble LD_LIBRARY_PATH=/home/zc/code/ws_arm5dof/src/install/rviz_marker_tools/lib:/home/zc/code/ws_arm5dof/src/install/moveit_task_constructor_msgs/lib:${LD_LIBRARY_PATH} PYTHONPATH=/home/zc/code/ws_arm5dof/src/install/moveit_task_constructor_msgs/local/lib/python3.10/dist-packages:${PYTHONPATH} /usr/bin/cmake --build /home/zc/code/ws_arm5dof/src/build/moveit_task_constructor_core -- -j16 -l16
[2.703s] [  4%] [32mBuilding CXX object gmock/CMakeFiles/gmock.dir/opt/ros/humble/src/gtest_vendor/src/gtest-all.cc.o[0m
[2.703s] [  4%] [32mBuilding CXX object gtest/CMakeFiles/gtest.dir/src/gtest-all.cc.o[0m
[2.703s] [  4%] [32mBuilding CXX object gmock/CMakeFiles/gmock_main.dir/src/gmock_main.cc.o[0m
[2.703s] [  4%] [32mBuilding CXX object gtest/CMakeFiles/gtest_main.dir/src/gtest_main.cc.o[0m
[2.703s] [  5%] [32mBuilding CXX object gmock/CMakeFiles/gmock.dir/src/gmock-all.cc.o[0m
[2.704s] [  8%] [32mBuilding CXX object src/CMakeFiles/moveit_task_constructor_core.dir/cost_terms.cpp.o[0m
[2.705s] [  9%] [32mBuilding CXX object src/CMakeFiles/moveit_task_constructor_core.dir/introspection.cpp.o[0m
[2.706s] [ 10%] [32mBuilding CXX object src/CMakeFiles/moveit_task_constructor_core.dir/merge.cpp.o[0m
[2.706s] [ 11%] [32mBuilding CXX object src/CMakeFiles/moveit_task_constructor_core.dir/properties.cpp.o[0m
[2.706s] [  8%] [32mBuilding CXX object src/CMakeFiles/moveit_task_constructor_core.dir/container.cpp.o[0m
[2.706s] [ 12%] [32mBuilding CXX object src/CMakeFiles/moveit_task_constructor_core.dir/stage.cpp.o[0m
[2.708s] [ 14%] [32mBuilding CXX object src/CMakeFiles/moveit_task_constructor_core.dir/marker_tools.cpp.o[0m
[2.714s] [ 15%] [32mBuilding CXX object src/CMakeFiles/moveit_task_constructor_core.dir/utils.cpp.o[0m
[2.715s] [ 15%] Built target ament_cmake_python_copy_moveit
[2.716s] [ 16%] [32mBuilding CXX object src/CMakeFiles/moveit_task_constructor_core.dir/storage.cpp.o[0m
[2.716s] [ 17%] [32mBuilding CXX object src/CMakeFiles/moveit_task_constructor_core.dir/task.cpp.o[0m
[3.107s] running egg_info
[3.107s] creating moveit.egg-info
[3.107s] writing moveit.egg-info/PKG-INFO
[3.107s] writing dependency_links to moveit.egg-info/dependency_links.txt
[3.107s] writing top-level names to moveit.egg-info/top_level.txt
[3.107s] writing manifest file 'moveit.egg-info/SOURCES.txt'
[3.109s] reading manifest file 'moveit.egg-info/SOURCES.txt'
[3.109s] writing manifest file 'moveit.egg-info/SOURCES.txt'
[3.179s] [ 17%] Built target ament_cmake_python_build_moveit_egg
[3.206s] [ 18%] [32mBuilding CXX object src/CMakeFiles/moveit_task_constructor_core.dir/solvers/planner_interface.cpp.o[0m
[3.827s] [ 20%] [32m[1mLinking CXX static library libgtest_main.a[0m
[3.979s] [ 20%] Built target gtest_main
[3.990s] [ 21%] [32mBuilding CXX object src/CMakeFiles/moveit_task_constructor_core.dir/solvers/cartesian_path.cpp.o[0m
[3.993s] [ 22%] [32m[1mLinking CXX static library libgmock_main.a[0m
[4.169s] [ 22%] Built target gmock_main
[4.195s] [ 23%] [32mBuilding CXX object src/CMakeFiles/moveit_task_constructor_core.dir/solvers/joint_interpolation.cpp.o[0m
[5.676s] [ 24%] [32mBuilding CXX object src/CMakeFiles/moveit_task_constructor_core.dir/solvers/pipeline_planner.cpp.o[0m
[6.613s] [ 25%] [32mBuilding CXX object src/CMakeFiles/moveit_task_constructor_core.dir/solvers/multi_planner.cpp.o[0m
[12.943s] [ 27%] [32m[1mLinking CXX static library libgmock.a[0m
[12.954s] [ 28%] [32m[1mLinking CXX static library libgtest.a[0m
[13.070s] [ 28%] Built target gmock
[13.085s] [ 28%] Built target gtest
[21.954s] [ 29%] [32m[1mLinking CXX shared library libmoveit_task_constructor_core.so[0m
[22.172s] [ 29%] Built target moveit_task_constructor_core
[22.194s] [ 35%] [32mBuilding CXX object test/CMakeFiles/gtest_utils.dir/models.cpp.o[0m
[22.195s] [ 35%] [32mBuilding CXX object src/stages/CMakeFiles/moveit_task_constructor_core_stages.dir/fixed_state.cpp.o[0m
[22.195s] [ 35%] [32mBuilding CXX object src/stages/CMakeFiles/moveit_task_constructor_core_stages.dir/fix_collision_objects.cpp.o[0m
[22.195s] [ 35%] [32mBuilding CXX object test/CMakeFiles/gtest_utils.dir/stage_mockups.cpp.o[0m
[22.195s] [ 36%] [32mBuilding CXX object src/stages/CMakeFiles/moveit_task_constructor_core_stages.dir/current_state.cpp.o[0m
[22.195s] [ 36%] [32mBuilding CXX object src/stages/CMakeFiles/moveit_task_constructor_core_stages.dir/fixed_cartesian_poses.cpp.o[0m
[22.196s] [ 38%] [32mBuilding CXX object src/stages/CMakeFiles/moveit_task_constructor_core_stages.dir/generate_grasp_pose.cpp.o[0m
[22.196s] [ 40%] [32mBuilding CXX object test/CMakeFiles/gtest_utils.dir/gtest_value_printers.cpp.o[0m
[22.196s] [ 41%] [32mBuilding CXX object src/stages/CMakeFiles/moveit_task_constructor_core_stages.dir/generate_random_pose.cpp.o[0m
[22.196s] [ 43%] [32mBuilding CXX object src/stages/CMakeFiles/moveit_task_constructor_core_stages.dir/compute_ik.cpp.o[0m
[22.196s] [ 44%] [32mBuilding CXX object src/stages/CMakeFiles/moveit_task_constructor_core_stages.dir/generate_place_pose.cpp.o[0m
[22.196s] [ 42%] [32mBuilding CXX object src/stages/CMakeFiles/moveit_task_constructor_core_stages.dir/passthrough.cpp.o[0m
[22.196s] [ 40%] [32mBuilding CXX object src/stages/CMakeFiles/moveit_task_constructor_core_stages.dir/generate_pose.cpp.o[0m
[22.196s] [ 45%] [32mBuilding CXX object src/stages/CMakeFiles/moveit_task_constructor_core_stages.dir/modify_planning_scene.cpp.o[0m
[22.196s] [ 47%] [32mBuilding CXX object src/stages/CMakeFiles/moveit_task_constructor_core_stages.dir/predicate_filter.cpp.o[0m
[22.197s] [ 48%] [32mBuilding CXX object src/stages/CMakeFiles/moveit_task_constructor_core_stages.dir/connect.cpp.o[0m
[24.486s] [ 49%] [32mBuilding CXX object src/stages/CMakeFiles/moveit_task_constructor_core_stages.dir/move_to.cpp.o[0m
[28.088s] [ 50%] [32mBuilding CXX object src/stages/CMakeFiles/moveit_task_constructor_core_stages.dir/move_relative.cpp.o[0m
[28.985s] [ 51%] [32mBuilding CXX object src/stages/CMakeFiles/moveit_task_constructor_core_stages.dir/simple_grasp.cpp.o[0m
[32.492s] [ 52%] [32mBuilding CXX object src/stages/CMakeFiles/moveit_task_constructor_core_stages.dir/pick.cpp.o[0m
[35.019s] [ 54%] [32m[1mLinking CXX shared library libgtest_utils.so[0m
[35.299s] [ 54%] Built target gtest_utils
[46.304s] [ 55%] [32m[1mLinking CXX shared library libmoveit_task_constructor_core_stages.so[0m
[46.472s] [ 55%] Built target moveit_task_constructor_core_stages
[46.497s] [ 65%] [32mBuilding CXX object python/bindings/CMakeFiles/pymoveit_mtc.dir/src/properties.cpp.o[0m
[46.497s] [ 65%] [32mBuilding CXX object test/CMakeFiles/moveit_task_constructor_core-test-pruning.dir/test_pruning.cpp.o[0m
[46.497s] [ 65%] [32mBuilding CXX object test/CMakeFiles/moveit_task_constructor_core-test-stage.dir/test_stage.cpp.o[0m
[46.497s] [ 65%] [32mBuilding CXX object test/CMakeFiles/moveit_task_constructor_core-test-container.dir/test_container.cpp.o[0m
[46.497s] [ 67%] [32mBuilding CXX object test/CMakeFiles/moveit_task_constructor_core-test-fallback.dir/test_fallback.cpp.o[0m
[46.497s] [ 67%] [32mBuilding CXX object test/CMakeFiles/moveit_task_constructor_core-test-cost-queue.dir/test_cost_queue.cpp.o[0m
[46.498s] [ 65%] [32mBuilding CXX object test/CMakeFiles/moveit_task_constructor_core-test-mockups.dir/test_mockups.cpp.o[0m
[46.498s] [ 65%] [32mBuilding CXX object test/CMakeFiles/moveit_task_constructor_core-test-properties.dir/test_properties.cpp.o[0m
[46.498s] [ 65%] [32mBuilding CXX object src/stages/CMakeFiles/moveit_task_constructor_core_stage_plugins.dir/plugins.cpp.o[0m
[46.499s] [ 65%] [32mBuilding CXX object test/CMakeFiles/moveit_task_constructor_core-test-serial.dir/test_serial.cpp.o[0m
[46.499s] [ 69%] [32mBuilding CXX object test/CMakeFiles/moveit_task_constructor_core-test-cost-terms.dir/test_cost_terms.cpp.o[0m
[46.499s] [ 70%] [32mBuilding CXX object test/CMakeFiles/moveit_task_constructor_core-test-interface-state.dir/test_interface_state.cpp.o[0m
[46.499s] [ 71%] [32mBuilding CXX object test/CMakeFiles/moveit_task_constructor_core-test-move-relative.dir/test_move_relative.cpp.o[0m
[46.499s] [ 71%] [32mBuilding CXX object test/CMakeFiles/moveit_task_constructor_core-test-move-to.dir/test_move_to.cpp.o[0m
[46.499s] [ 72%] [32mBuilding CXX object test/CMakeFiles/pick_ur5.dir/pick_ur5.cpp.o[0m
[46.500s] [ 74%] [32mBuilding CXX object test/CMakeFiles/pick_pr2.dir/pick_pr2.cpp.o[0m
[48.869s] [ 75%] [32m[1mLinking CXX shared library libmoveit_task_constructor_core_stage_plugins.so[0m
[49.132s] [ 75%] Built target moveit_task_constructor_core_stage_plugins
[49.176s] [ 76%] [32mBuilding CXX object test/CMakeFiles/pick_pa10.dir/pick_pa10.cpp.o[0m
[49.777s] [ 77%] [32m[1mLinking CXX executable moveit_task_constructor_core-test-properties[0m
[50.327s] [ 77%] Built target moveit_task_constructor_core-test-properties
[50.349s] [ 78%] [32mBuilding CXX object python/bindings/CMakeFiles/pymoveit_mtc.dir/src/solvers.cpp.o[0m
[52.145s] [ 80%] [32m[1mLinking CXX executable moveit_task_constructor_core-test-cost-queue[0m
[52.604s] [ 80%] Built target moveit_task_constructor_core-test-cost-queue
[52.617s] [ 81%] [32mBuilding CXX object python/bindings/CMakeFiles/pymoveit_mtc.dir/src/core.cpp.o[0m
[54.495s] [ 82%] [32mBuilding CXX object python/bindings/CMakeFiles/pymoveit_mtc.dir/src/stages.cpp.o[0m
[58.714s] [ 83%] [32m[1mLinking CXX executable moveit_task_constructor_core-test-interface-state[0m
[58.872s] [ 84%] [32m[1mLinking CXX executable pick_ur5[0m
[59.263s] [ 85%] [32m[1mLinking CXX executable pick_pr2[0m
[59.285s] [ 85%] Built target moveit_task_constructor_core-test-interface-state
[59.302s] [ 87%] [32mBuilding CXX object python/bindings/CMakeFiles/pymoveit_mtc.dir/src/module.cpp.o[0m
[59.376s] [ 87%] Built target pick_ur5
[59.710s] [ 88%] [32m[1mLinking CXX executable moveit_task_constructor_core-test-stage[0m
[59.724s] [ 88%] Built target pick_pr2
[59.821s] [ 89%] [32m[1mLinking CXX executable moveit_task_constructor_core-test-pruning[0m
[59.974s] [ 90%] [32m[1mLinking CXX executable moveit_task_constructor_core-test-move-relative[0m
[60.252s] [ 90%] Built target moveit_task_constructor_core-test-stage
[60.328s] [ 90%] Built target moveit_task_constructor_core-test-pruning
[60.451s] [ 91%] [32m[1mLinking CXX executable moveit_task_constructor_core-test-serial[0m
[60.484s] [ 91%] Built target moveit_task_constructor_core-test-move-relative
[60.901s] [ 91%] Built target moveit_task_constructor_core-test-serial
[60.920s] [ 92%] [32m[1mLinking CXX executable moveit_task_constructor_core-test-mockups[0m
[61.160s] [ 94%] [32m[1mLinking CXX executable moveit_task_constructor_core-test-move-to[0m
[61.198s] [ 95%] [32m[1mLinking CXX executable moveit_task_constructor_core-test-cost-terms[0m
[61.351s] [ 96%] [32m[1mLinking CXX executable moveit_task_constructor_core-test-fallback[0m
[61.361s] [ 96%] Built target moveit_task_constructor_core-test-mockups
[61.493s] [ 96%] Built target moveit_task_constructor_core-test-move-to
[61.523s] [ 96%] Built target moveit_task_constructor_core-test-cost-terms
[61.662s] [ 96%] Built target moveit_task_constructor_core-test-fallback
[61.763s] [ 97%] [32m[1mLinking CXX executable moveit_task_constructor_core-test-container[0m
[62.039s] [ 97%] Built target moveit_task_constructor_core-test-container
[62.349s] [ 98%] [32m[1mLinking CXX executable pick_pa10[0m
[62.596s] [ 98%] Built target pick_pa10
[69.297s] [100%] [32m[1mLinking CXX shared module pymoveit_mtc.cpython-310-x86_64-linux-gnu.so[0m
[70.504s] lto-wrapper: warning: using serial compilation of 12 LTRANS jobs
[77.589s] [100%] Built target pymoveit_mtc
[77.601s] Invoked command in '/home/zc/code/ws_arm5dof/src/build/moveit_task_constructor_core' returned '0': AMENT_PREFIX_PATH=/home/zc/code/ws_arm5dof/src/install/rviz_marker_tools:/home/zc/code/ws_arm5dof/src/install/moveit_task_constructor_msgs:${AMENT_PREFIX_PATH} CMAKE_PREFIX_PATH=/home/zc/code/ws_arm5dof/src/install/rviz_marker_tools:/home/zc/code/ws_arm5dof/src/install/moveit_task_constructor_msgs:/home/zc/code/ws_arm5dof/install/moveit_task_constructor_visualization:/home/zc/code/ws_arm5dof/install/moveit_task_constructor_demo:/home/zc/code/ws_arm5dof/install/moveit_task_constructor_capabilities:/home/zc/code/ws_arm5dof/install/arm5dof_mtc:/home/zc/code/ws_arm5dof/install/moveit_task_constructor_core:/home/zc/code/ws_arm5dof/install/rviz_marker_tools:/home/zc/code/ws_arm5dof/install/moveit_task_constructor_msgs:/home/zc/code/ws_arm5dof/install/arm5dof_movegroup:/home/zc/code/ws_arm5dof/install/arm5dof_target_detect:/home/zc/code/ws_arm5dof/install/arm5dof_moveit_config:/home/zc/code/ws_arm5dof/install/arm5dof_description:/opt/ros/humble LD_LIBRARY_PATH=/home/zc/code/ws_arm5dof/src/install/rviz_marker_tools/lib:/home/zc/code/ws_arm5dof/src/install/moveit_task_constructor_msgs/lib:${LD_LIBRARY_PATH} PYTHONPATH=/home/zc/code/ws_arm5dof/src/install/moveit_task_constructor_msgs/local/lib/python3.10/dist-packages:${PYTHONPATH} /usr/bin/cmake --build /home/zc/code/ws_arm5dof/src/build/moveit_task_constructor_core -- -j16 -l16
[77.603s] Invoking command in '/home/zc/code/ws_arm5dof/src/build/moveit_task_constructor_core': AMENT_PREFIX_PATH=/home/zc/code/ws_arm5dof/src/install/rviz_marker_tools:/home/zc/code/ws_arm5dof/src/install/moveit_task_constructor_msgs:${AMENT_PREFIX_PATH} CMAKE_PREFIX_PATH=/home/zc/code/ws_arm5dof/src/install/rviz_marker_tools:/home/zc/code/ws_arm5dof/src/install/moveit_task_constructor_msgs:/home/zc/code/ws_arm5dof/install/moveit_task_constructor_visualization:/home/zc/code/ws_arm5dof/install/moveit_task_constructor_demo:/home/zc/code/ws_arm5dof/install/moveit_task_constructor_capabilities:/home/zc/code/ws_arm5dof/install/arm5dof_mtc:/home/zc/code/ws_arm5dof/install/moveit_task_constructor_core:/home/zc/code/ws_arm5dof/install/rviz_marker_tools:/home/zc/code/ws_arm5dof/install/moveit_task_constructor_msgs:/home/zc/code/ws_arm5dof/install/arm5dof_movegroup:/home/zc/code/ws_arm5dof/install/arm5dof_target_detect:/home/zc/code/ws_arm5dof/install/arm5dof_moveit_config:/home/zc/code/ws_arm5dof/install/arm5dof_description:/opt/ros/humble LD_LIBRARY_PATH=/home/zc/code/ws_arm5dof/src/install/rviz_marker_tools/lib:/home/zc/code/ws_arm5dof/src/install/moveit_task_constructor_msgs/lib:${LD_LIBRARY_PATH} PYTHONPATH=/home/zc/code/ws_arm5dof/src/install/moveit_task_constructor_msgs/local/lib/python3.10/dist-packages:${PYTHONPATH} /usr/bin/cmake --install /home/zc/code/ws_arm5dof/src/build/moveit_task_constructor_core
[77.608s] -- Install configuration: "Release"
[77.609s] -- Installing: /home/zc/code/ws_arm5dof/src/install/moveit_task_constructor_core/lib/libmoveit_task_constructor_core_stages.so
[77.610s] -- Set runtime path of "/home/zc/code/ws_arm5dof/src/install/moveit_task_constructor_core/lib/libmoveit_task_constructor_core_stages.so" to ""
[77.610s] -- Installing: /home/zc/code/ws_arm5dof/src/install/moveit_task_constructor_core/lib/libmoveit_task_constructor_core_stage_plugins.so
[77.610s] -- Set runtime path of "/home/zc/code/ws_arm5dof/src/install/moveit_task_constructor_core/lib/libmoveit_task_constructor_core_stage_plugins.so" to ""
[77.610s] -- Installing: /home/zc/code/ws_arm5dof/src/install/moveit_task_constructor_core/lib/libmoveit_task_constructor_core.so
[77.612s] -- Set runtime path of "/home/zc/code/ws_arm5dof/src/install/moveit_task_constructor_core/lib/libmoveit_task_constructor_core.so" to ""
[77.612s] -- Installing: /home/zc/code/ws_arm5dof/src/install/moveit_task_constructor_core/share/moveit_task_constructor_core/environment/pythonpath.sh
[77.612s] -- Installing: /home/zc/code/ws_arm5dof/src/install/moveit_task_constructor_core/share/moveit_task_constructor_core/environment/pythonpath.dsv
[77.612s] -- Installing: /home/zc/code/ws_arm5dof/src/install/moveit_task_constructor_core/local/lib/python3.10/dist-packages/moveit-0.1.3-py3.10.egg-info
[77.612s] -- Installing: /home/zc/code/ws_arm5dof/src/install/moveit_task_constructor_core/local/lib/python3.10/dist-packages/moveit-0.1.3-py3.10.egg-info/SOURCES.txt
[77.612s] -- Installing: /home/zc/code/ws_arm5dof/src/install/moveit_task_constructor_core/local/lib/python3.10/dist-packages/moveit-0.1.3-py3.10.egg-info/PKG-INFO
[77.612s] -- Installing: /home/zc/code/ws_arm5dof/src/install/moveit_task_constructor_core/local/lib/python3.10/dist-packages/moveit-0.1.3-py3.10.egg-info/top_level.txt
[77.612s] -- Installing: /home/zc/code/ws_arm5dof/src/install/moveit_task_constructor_core/local/lib/python3.10/dist-packages/moveit-0.1.3-py3.10.egg-info/dependency_links.txt
[77.612s] -- Installing: /home/zc/code/ws_arm5dof/src/install/moveit_task_constructor_core/local/lib/python3.10/dist-packages/moveit
[77.612s] -- Installing: /home/zc/code/ws_arm5dof/src/install/moveit_task_constructor_core/local/lib/python3.10/dist-packages/moveit/task_constructor
[77.612s] -- Installing: /home/zc/code/ws_arm5dof/src/install/moveit_task_constructor_core/local/lib/python3.10/dist-packages/moveit/task_constructor/stages.py
[77.612s] -- Installing: /home/zc/code/ws_arm5dof/src/install/moveit_task_constructor_core/local/lib/python3.10/dist-packages/moveit/task_constructor/__init__.py
[77.613s] -- Installing: /home/zc/code/ws_arm5dof/src/install/moveit_task_constructor_core/local/lib/python3.10/dist-packages/moveit/task_constructor/core.py
[77.613s] -- Installing: /home/zc/code/ws_arm5dof/src/install/moveit_task_constructor_core/local/lib/python3.10/dist-packages/moveit/__init__.py
[77.635s] Listing '/home/zc/code/ws_arm5dof/src/install/moveit_task_constructor_core/local/lib/python3.10/dist-packages/moveit'...
[77.635s] Compiling '/home/zc/code/ws_arm5dof/src/install/moveit_task_constructor_core/local/lib/python3.10/dist-packages/moveit/__init__.py'...
[77.635s] Listing '/home/zc/code/ws_arm5dof/src/install/moveit_task_constructor_core/local/lib/python3.10/dist-packages/moveit/task_constructor'...
[77.636s] Compiling '/home/zc/code/ws_arm5dof/src/install/moveit_task_constructor_core/local/lib/python3.10/dist-packages/moveit/task_constructor/__init__.py'...
[77.636s] Compiling '/home/zc/code/ws_arm5dof/src/install/moveit_task_constructor_core/local/lib/python3.10/dist-packages/moveit/task_constructor/core.py'...
[77.636s] Compiling '/home/zc/code/ws_arm5dof/src/install/moveit_task_constructor_core/local/lib/python3.10/dist-packages/moveit/task_constructor/stages.py'...
[77.639s] -- Installing: /home/zc/code/ws_arm5dof/src/install/moveit_task_constructor_core/include/moveit/python/pybind11
[77.640s] -- Installing: /home/zc/code/ws_arm5dof/src/install/moveit_task_constructor_core/include/moveit/python/pybind11/iostream.h
[77.640s] -- Installing: /home/zc/code/ws_arm5dof/src/install/moveit_task_constructor_core/include/moveit/python/pybind11/pytypes.h
[77.640s] -- Installing: /home/zc/code/ws_arm5dof/src/install/moveit_task_constructor_core/include/moveit/python/pybind11/stl
[77.640s] -- Installing: /home/zc/code/ws_arm5dof/src/install/moveit_task_constructor_core/include/moveit/python/pybind11/stl/filesystem.h
[77.640s] -- Installing: /home/zc/code/ws_arm5dof/src/install/moveit_task_constructor_core/include/moveit/python/pybind11/gil.h
[77.640s] -- Installing: /home/zc/code/ws_arm5dof/src/install/moveit_task_constructor_core/include/moveit/python/pybind11/eval.h
[77.641s] -- Installing: /home/zc/code/ws_arm5dof/src/install/moveit_task_constructor_core/include/moveit/python/pybind11/cast.h
[77.641s] -- Installing: /home/zc/code/ws_arm5dof/src/install/moveit_task_constructor_core/include/moveit/python/pybind11/operators.h
[77.641s] -- Installing: /home/zc/code/ws_arm5dof/src/install/moveit_task_constructor_core/include/moveit/python/pybind11/eigen
[77.641s] -- Installing: /home/zc/code/ws_arm5dof/src/install/moveit_task_constructor_core/include/moveit/python/pybind11/eigen/matrix.h
[77.641s] -- Installing: /home/zc/code/ws_arm5dof/src/install/moveit_task_constructor_core/include/moveit/python/pybind11/eigen/tensor.h
[77.641s] -- Installing: /home/zc/code/ws_arm5dof/src/install/moveit_task_constructor_core/include/moveit/python/pybind11/eigen/common.h
[77.641s] -- Installing: /home/zc/code/ws_arm5dof/src/install/moveit_task_constructor_core/include/moveit/python/pybind11/functional.h
[77.641s] -- Installing: /home/zc/code/ws_arm5dof/src/install/moveit_task_constructor_core/include/moveit/python/pybind11/chrono.h
[77.641s] -- Installing: /home/zc/code/ws_arm5dof/src/install/moveit_task_constructor_core/include/moveit/python/pybind11/type_caster_pyobject_ptr.h
[77.641s] -- Installing: /home/zc/code/ws_arm5dof/src/install/moveit_task_constructor_core/include/moveit/python/pybind11/detail
[77.641s] -- Installing: /home/zc/code/ws_arm5dof/src/install/moveit_task_constructor_core/include/moveit/python/pybind11/detail/init.h
[77.641s] -- Installing: /home/zc/code/ws_arm5dof/src/install/moveit_task_constructor_core/include/moveit/python/pybind11/detail/descr.h
[77.642s] -- Installing: /home/zc/code/ws_arm5dof/src/install/moveit_task_constructor_core/include/moveit/python/pybind11/detail/type_caster_odr_guard.h
[77.642s] -- Installing: /home/zc/code/ws_arm5dof/src/install/moveit_task_constructor_core/include/moveit/python/pybind11/detail/type_caster_base.h
[77.642s] -- Installing: /home/zc/code/ws_arm5dof/src/install/moveit_task_constructor_core/include/moveit/python/pybind11/detail/common.h
[77.642s] -- Installing: /home/zc/code/ws_arm5dof/src/install/moveit_task_constructor_core/include/moveit/python/pybind11/detail/typeid.h
[77.642s] -- Installing: /home/zc/code/ws_arm5dof/src/install/moveit_task_constructor_core/include/moveit/python/pybind11/detail/dynamic_raw_ptr_cast_if_possible.h
[77.642s] -- Installing: /home/zc/code/ws_arm5dof/src/install/moveit_task_constructor_core/include/moveit/python/pybind11/detail/internals.h
[77.642s] -- Installing: /home/zc/code/ws_arm5dof/src/install/moveit_task_constructor_core/include/moveit/python/pybind11/detail/smart_holder_poc.h
[77.642s] -- Installing: /home/zc/code/ws_arm5dof/src/install/moveit_task_constructor_core/include/moveit/python/pybind11/detail/smart_holder_sfinae_hooks_only.h
[77.642s] -- Installing: /home/zc/code/ws_arm5dof/src/install/moveit_task_constructor_core/include/moveit/python/pybind11/detail/class.h
[77.642s] -- Installing: /home/zc/code/ws_arm5dof/src/install/moveit_task_constructor_core/include/moveit/python/pybind11/detail/smart_holder_type_casters.h
[77.643s] -- Installing: /home/zc/code/ws_arm5dof/src/install/moveit_task_constructor_core/include/moveit/python/pybind11/options.h
[77.643s] -- Installing: /home/zc/code/ws_arm5dof/src/install/moveit_task_constructor_core/include/moveit/python/pybind11/trampoline_self_life_support.h
[77.643s] -- Installing: /home/zc/code/ws_arm5dof/src/install/moveit_task_constructor_core/include/moveit/python/pybind11/smart_holder.h
[77.643s] -- Installing: /home/zc/code/ws_arm5dof/src/install/moveit_task_constructor_core/include/moveit/python/pybind11/eigen.h
[77.643s] -- Installing: /home/zc/code/ws_arm5dof/src/install/moveit_task_constructor_core/include/moveit/python/pybind11/common.h
[77.643s] -- Installing: /home/zc/code/ws_arm5dof/src/install/moveit_task_constructor_core/include/moveit/python/pybind11/stl.h
[77.643s] -- Installing: /home/zc/code/ws_arm5dof/src/install/moveit_task_constructor_core/include/moveit/python/pybind11/numpy.h
[77.643s] -- Installing: /home/zc/code/ws_arm5dof/src/install/moveit_task_constructor_core/include/moveit/python/pybind11/pybind11.h
[77.644s] -- Installing: /home/zc/code/ws_arm5dof/src/install/moveit_task_constructor_core/include/moveit/python/pybind11/typing.h
[77.644s] -- Installing: /home/zc/code/ws_arm5dof/src/install/moveit_task_constructor_core/include/moveit/python/pybind11/complex.h
[77.644s] -- Installing: /home/zc/code/ws_arm5dof/src/install/moveit_task_constructor_core/include/moveit/python/pybind11/attr.h
[77.644s] -- Installing: /home/zc/code/ws_arm5dof/src/install/moveit_task_constructor_core/include/moveit/python/pybind11/stl_bind.h
[77.644s] -- Installing: /home/zc/code/ws_arm5dof/src/install/moveit_task_constructor_core/include/moveit/python/pybind11/embed.h
[77.644s] -- Installing: /home/zc/code/ws_arm5dof/src/install/moveit_task_constructor_core/include/moveit/python/pybind11/buffer_info.h
[77.644s] -- Installing: /home/zc/code/ws_arm5dof/src/install/moveit_task_constructor_core/include/moveit/python/pybind11/gil_safe_call_once.h
[77.644s] -- Installing: /home/zc/code/ws_arm5dof/src/install/moveit_task_constructor_core/share/moveit_task_constructor_core/cmake/pybind11Config.cmake
[77.644s] -- Installing: /home/zc/code/ws_arm5dof/src/install/moveit_task_constructor_core/share/moveit_task_constructor_core/cmake/pybind11ConfigVersion.cmake
[77.644s] -- Installing: /home/zc/code/ws_arm5dof/src/install/moveit_task_constructor_core/share/moveit_task_constructor_core/cmake/FindPythonLibsNew.cmake
[77.645s] -- Installing: /home/zc/code/ws_arm5dof/src/install/moveit_task_constructor_core/share/moveit_task_constructor_core/cmake/pybind11Common.cmake
[77.645s] -- Installing: /home/zc/code/ws_arm5dof/src/install/moveit_task_constructor_core/share/moveit_task_constructor_core/cmake/pybind11Tools.cmake
[77.645s] -- Installing: /home/zc/code/ws_arm5dof/src/install/moveit_task_constructor_core/share/moveit_task_constructor_core/cmake/pybind11NewTools.cmake
[77.645s] -- Installing: /home/zc/code/ws_arm5dof/src/install/moveit_task_constructor_core/share/moveit_task_constructor_core/cmake/pybind11Targets.cmake
[77.645s] -- Installing: /home/zc/code/ws_arm5dof/src/install/moveit_task_constructor_core/share/pkgconfig/pybind11.pc
[77.645s] -- Installing: /home/zc/code/ws_arm5dof/src/install/moveit_task_constructor_core/local/lib/python3.10/dist-packages/pymoveit_mtc.cpython-310-x86_64-linux-gnu.so
[77.646s] -- Set runtime path of "/home/zc/code/ws_arm5dof/src/install/moveit_task_constructor_core/local/lib/python3.10/dist-packages/pymoveit_mtc.cpython-310-x86_64-linux-gnu.so" to ""
[77.647s] -- Up-to-date: /home/zc/code/ws_arm5dof/src/install/moveit_task_constructor_core/include
[77.647s] -- Up-to-date: /home/zc/code/ws_arm5dof/src/install/moveit_task_constructor_core/include/moveit
[77.647s] -- Installing: /home/zc/code/ws_arm5dof/src/install/moveit_task_constructor_core/include/moveit/task_constructor
[77.647s] -- Installing: /home/zc/code/ws_arm5dof/src/install/moveit_task_constructor_core/include/moveit/task_constructor/properties.h
[77.647s] -- Installing: /home/zc/code/ws_arm5dof/src/install/moveit_task_constructor_core/include/moveit/task_constructor/stages.h
[77.647s] -- Installing: /home/zc/code/ws_arm5dof/src/install/moveit_task_constructor_core/include/moveit/task_constructor/trajectory_execution_info.h
[77.647s] -- Installing: /home/zc/code/ws_arm5dof/src/install/moveit_task_constructor_core/include/moveit/task_constructor/stages
[77.647s] -- Installing: /home/zc/code/ws_arm5dof/src/install/moveit_task_constructor_core/include/moveit/task_constructor/stages/fixed_cartesian_poses.h
[77.647s] -- Installing: /home/zc/code/ws_arm5dof/src/install/moveit_task_constructor_core/include/moveit/task_constructor/stages/compute_ik.h
[77.647s] -- Installing: /home/zc/code/ws_arm5dof/src/install/moveit_task_constructor_core/include/moveit/task_constructor/stages/connect.h
[77.647s] -- Installing: /home/zc/code/ws_arm5dof/src/install/moveit_task_constructor_core/include/moveit/task_constructor/stages/generate_place_pose.h
[77.648s] -- Installing: /home/zc/code/ws_arm5dof/src/install/moveit_task_constructor_core/include/moveit/task_constructor/stages/passthrough.h
[77.648s] -- Installing: /home/zc/code/ws_arm5dof/src/install/moveit_task_constructor_core/include/moveit/task_constructor/stages/pick.h
[77.648s] -- Installing: /home/zc/code/ws_arm5dof/src/install/moveit_task_constructor_core/include/moveit/task_constructor/stages/modify_planning_scene.h
[77.648s] -- Installing: /home/zc/code/ws_arm5dof/src/install/moveit_task_constructor_core/include/moveit/task_constructor/stages/generate_grasp_pose.h
[77.648s] -- Installing: /home/zc/code/ws_arm5dof/src/install/moveit_task_constructor_core/include/moveit/task_constructor/stages/move_to.h
[77.648s] -- Installing: /home/zc/code/ws_arm5dof/src/install/moveit_task_constructor_core/include/moveit/task_constructor/stages/predicate_filter.h
[77.648s] -- Installing: /home/zc/code/ws_arm5dof/src/install/moveit_task_constructor_core/include/moveit/task_constructor/stages/current_state.h
[77.648s] -- Installing: /home/zc/code/ws_arm5dof/src/install/moveit_task_constructor_core/include/moveit/task_constructor/stages/generate_random_pose.h
[77.648s] -- Installing: /home/zc/code/ws_arm5dof/src/install/moveit_task_constructor_core/include/moveit/task_constructor/stages/fix_collision_objects.h
[77.648s] -- Installing: /home/zc/code/ws_arm5dof/src/install/moveit_task_constructor_core/include/moveit/task_constructor/stages/simple_grasp.h
[77.648s] -- Installing: /home/zc/code/ws_arm5dof/src/install/moveit_task_constructor_core/include/moveit/task_constructor/stages/move_relative.h
[77.649s] -- Installing: /home/zc/code/ws_arm5dof/src/install/moveit_task_constructor_core/include/moveit/task_constructor/stages/noop.h
[77.649s] -- Installing: /home/zc/code/ws_arm5dof/src/install/moveit_task_constructor_core/include/moveit/task_constructor/stages/generate_pose.h
[77.649s] -- Installing: /home/zc/code/ws_arm5dof/src/install/moveit_task_constructor_core/include/moveit/task_constructor/stages/fixed_state.h
[77.649s] -- Installing: /home/zc/code/ws_arm5dof/src/install/moveit_task_constructor_core/include/moveit/task_constructor/solvers.h
[77.649s] -- Installing: /home/zc/code/ws_arm5dof/src/install/moveit_task_constructor_core/include/moveit/task_constructor/cost_terms.h
[77.649s] -- Installing: /home/zc/code/ws_arm5dof/src/install/moveit_task_constructor_core/include/moveit/task_constructor/container.h
[77.649s] -- Installing: /home/zc/code/ws_arm5dof/src/install/moveit_task_constructor_core/include/moveit/task_constructor/storage.h
[77.649s] -- Installing: /home/zc/code/ws_arm5dof/src/install/moveit_task_constructor_core/include/moveit/task_constructor/task.h
[77.649s] -- Installing: /home/zc/code/ws_arm5dof/src/install/moveit_task_constructor_core/include/moveit/task_constructor/solvers
[77.649s] -- Installing: /home/zc/code/ws_arm5dof/src/install/moveit_task_constructor_core/include/moveit/task_constructor/solvers/planner_interface.h
[77.649s] -- Installing: /home/zc/code/ws_arm5dof/src/install/moveit_task_constructor_core/include/moveit/task_constructor/solvers/cartesian_path.h
[77.649s] -- Installing: /home/zc/code/ws_arm5dof/src/install/moveit_task_constructor_core/include/moveit/task_constructor/solvers/joint_interpolation.h
[77.650s] -- Installing: /home/zc/code/ws_arm5dof/src/install/moveit_task_constructor_core/include/moveit/task_constructor/solvers/multi_planner.h
[77.650s] -- Installing: /home/zc/code/ws_arm5dof/src/install/moveit_task_constructor_core/include/moveit/task_constructor/solvers/pipeline_planner.h
[77.650s] -- Installing: /home/zc/code/ws_arm5dof/src/install/moveit_task_constructor_core/include/moveit/task_constructor/merge.h
[77.650s] -- Installing: /home/zc/code/ws_arm5dof/src/install/moveit_task_constructor_core/include/moveit/task_constructor/utils.h
[77.650s] -- Installing: /home/zc/code/ws_arm5dof/src/install/moveit_task_constructor_core/include/moveit/task_constructor/cost_queue.h
[77.650s] -- Installing: /home/zc/code/ws_arm5dof/src/install/moveit_task_constructor_core/include/moveit/task_constructor/moveit_compat.h
[77.650s] -- Installing: /home/zc/code/ws_arm5dof/src/install/moveit_task_constructor_core/include/moveit/task_constructor/type_traits.h
[77.650s] -- Installing: /home/zc/code/ws_arm5dof/src/install/moveit_task_constructor_core/include/moveit/task_constructor/introspection.h
[77.650s] -- Installing: /home/zc/code/ws_arm5dof/src/install/moveit_task_constructor_core/include/moveit/task_constructor/marker_tools.h
[77.650s] -- Installing: /home/zc/code/ws_arm5dof/src/install/moveit_task_constructor_core/include/moveit/task_constructor/stage.h
[77.651s] -- Up-to-date: /home/zc/code/ws_arm5dof/src/install/moveit_task_constructor_core/include/moveit/python
[77.651s] -- Installing: /home/zc/code/ws_arm5dof/src/install/moveit_task_constructor_core/include/moveit/python/task_constructor
[77.651s] -- Installing: /home/zc/code/ws_arm5dof/src/install/moveit_task_constructor_core/include/moveit/python/task_constructor/properties.h
[77.651s] -- Installing: /home/zc/code/ws_arm5dof/src/install/moveit_task_constructor_core/share/moveit_task_constructor_core/motion_planning_stages_plugin_description.xml
[77.651s] -- Installing: /home/zc/code/ws_arm5dof/src/install/moveit_task_constructor_core/share/moveit_task_constructor_core/environment/library_path.sh
[77.651s] -- Installing: /home/zc/code/ws_arm5dof/src/install/moveit_task_constructor_core/share/moveit_task_constructor_core/environment/library_path.dsv
[77.651s] -- Installing: /home/zc/code/ws_arm5dof/src/install/moveit_task_constructor_core/share/ament_index/resource_index/package_run_dependencies/moveit_task_constructor_core
[77.652s] -- Installing: /home/zc/code/ws_arm5dof/src/install/moveit_task_constructor_core/share/ament_index/resource_index/parent_prefix_path/moveit_task_constructor_core
[77.652s] -- Installing: /home/zc/code/ws_arm5dof/src/install/moveit_task_constructor_core/share/moveit_task_constructor_core/environment/ament_prefix_path.sh
[77.652s] -- Installing: /home/zc/code/ws_arm5dof/src/install/moveit_task_constructor_core/share/moveit_task_constructor_core/environment/ament_prefix_path.dsv
[77.652s] -- Installing: /home/zc/code/ws_arm5dof/src/install/moveit_task_constructor_core/share/moveit_task_constructor_core/environment/path.sh
[77.652s] -- Installing: /home/zc/code/ws_arm5dof/src/install/moveit_task_constructor_core/share/moveit_task_constructor_core/environment/path.dsv
[77.652s] -- Installing: /home/zc/code/ws_arm5dof/src/install/moveit_task_constructor_core/share/moveit_task_constructor_core/local_setup.bash
[77.652s] -- Installing: /home/zc/code/ws_arm5dof/src/install/moveit_task_constructor_core/share/moveit_task_constructor_core/local_setup.sh
[77.652s] -- Installing: /home/zc/code/ws_arm5dof/src/install/moveit_task_constructor_core/share/moveit_task_constructor_core/local_setup.zsh
[77.652s] -- Installing: /home/zc/code/ws_arm5dof/src/install/moveit_task_constructor_core/share/moveit_task_constructor_core/local_setup.dsv
[77.652s] -- Installing: /home/zc/code/ws_arm5dof/src/install/moveit_task_constructor_core/share/moveit_task_constructor_core/package.dsv
[77.652s] -- Installing: /home/zc/code/ws_arm5dof/src/install/moveit_task_constructor_core/share/ament_index/resource_index/packages/moveit_task_constructor_core
[77.653s] -- Installing: /home/zc/code/ws_arm5dof/src/install/moveit_task_constructor_core/share/ament_index/resource_index/moveit_task_constructor_core__pluginlib__plugin/moveit_task_constructor_core
[77.653s] -- Installing: /home/zc/code/ws_arm5dof/src/install/moveit_task_constructor_core/share/moveit_task_constructor_core/cmake/moveit_task_constructor_coreTargetsExport.cmake
[77.653s] -- Installing: /home/zc/code/ws_arm5dof/src/install/moveit_task_constructor_core/share/moveit_task_constructor_core/cmake/moveit_task_constructor_coreTargetsExport-release.cmake
[77.653s] -- Installing: /home/zc/code/ws_arm5dof/src/install/moveit_task_constructor_core/share/moveit_task_constructor_core/cmake/ament_cmake_export_targets-extras.cmake
[77.653s] -- Installing: /home/zc/code/ws_arm5dof/src/install/moveit_task_constructor_core/share/moveit_task_constructor_core/cmake/ament_cmake_export_dependencies-extras.cmake
[77.653s] -- Installing: /home/zc/code/ws_arm5dof/src/install/moveit_task_constructor_core/share/moveit_task_constructor_core/cmake/moveit_task_constructor_coreConfig.cmake
[77.653s] -- Installing: /home/zc/code/ws_arm5dof/src/install/moveit_task_constructor_core/share/moveit_task_constructor_core/cmake/moveit_task_constructor_coreConfig-version.cmake
[77.653s] -- Installing: /home/zc/code/ws_arm5dof/src/install/moveit_task_constructor_core/share/moveit_task_constructor_core/package.xml
[77.656s] Invoked command in '/home/zc/code/ws_arm5dof/src/build/moveit_task_constructor_core' returned '0': AMENT_PREFIX_PATH=/home/zc/code/ws_arm5dof/src/install/rviz_marker_tools:/home/zc/code/ws_arm5dof/src/install/moveit_task_constructor_msgs:${AMENT_PREFIX_PATH} CMAKE_PREFIX_PATH=/home/zc/code/ws_arm5dof/src/install/rviz_marker_tools:/home/zc/code/ws_arm5dof/src/install/moveit_task_constructor_msgs:/home/zc/code/ws_arm5dof/install/moveit_task_constructor_visualization:/home/zc/code/ws_arm5dof/install/moveit_task_constructor_demo:/home/zc/code/ws_arm5dof/install/moveit_task_constructor_capabilities:/home/zc/code/ws_arm5dof/install/arm5dof_mtc:/home/zc/code/ws_arm5dof/install/moveit_task_constructor_core:/home/zc/code/ws_arm5dof/install/rviz_marker_tools:/home/zc/code/ws_arm5dof/install/moveit_task_constructor_msgs:/home/zc/code/ws_arm5dof/install/arm5dof_movegroup:/home/zc/code/ws_arm5dof/install/arm5dof_target_detect:/home/zc/code/ws_arm5dof/install/arm5dof_moveit_config:/home/zc/code/ws_arm5dof/install/arm5dof_description:/opt/ros/humble LD_LIBRARY_PATH=/home/zc/code/ws_arm5dof/src/install/rviz_marker_tools/lib:/home/zc/code/ws_arm5dof/src/install/moveit_task_constructor_msgs/lib:${LD_LIBRARY_PATH} PYTHONPATH=/home/zc/code/ws_arm5dof/src/install/moveit_task_constructor_msgs/local/lib/python3.10/dist-packages:${PYTHONPATH} /usr/bin/cmake --install /home/zc/code/ws_arm5dof/src/build/moveit_task_constructor_core
